1538916517196	geckodriver	INFO	geckodriver 0.20.1
1538916517211	geckodriver	INFO	Listening on 127.0.0.1:9036
1538916520231	mozrunner::runner	INFO	Running command: "C:\\Program Files\\Mozilla Firefox\\firefox.exe" "-marionette" "-profile" "C:\\Users\\Wantai\\AppData\\Local\\Temp\\rust_mozprofile.kybqdbYRV0mu"
[GFX1-]: CreateShaderResourceView failed for format87
[GFX1-]: CreateShaderResourceView failed for format87
[GFX1-]: CreateShaderResourceView failed for format87
[GFX1-]: CreateShaderResourceView failed for format87
1538916522582	Marionette	INFO	Listening on port 9045
1538916523388	Marionette	WARN	TLS certificate errors will be ignored for this session
Unable to read VR Path Registry from C:\Users\Wantai\AppData\Local\openvr\openvrpaths.vrpath
[Child 10544, Chrome_ChildThread] WARNING: pipe error: 109: file z:/build/build/src/ipc/chromium/src/chrome/common/ipc_channel_win.cc, line 346
[Child 10544, Chrome_ChildThread] WARNING: pipe error: 109: file z:/build/build/src/ipc/chromium/src/chrome/common/ipc_channel_win.cc, line 346
Unable to read VR Path Registry from C:\Users\Wantai\AppData\Local\openvr\openvrpaths.vrpath
[Child 11040, Chrome_ChildThread] WARNING: pipe error: 109: file z:/build/build/src/ipc/chromium/src/chrome/common/ipc_channel_win.cc, line 346
[Child 11040, Chrome_ChildThread] WARNING: pipe error: 109: file z:/build/build/src/ipc/chromium/src/chrome/common/ipc_channel_win.cc, line 346
Unable to read VR Path Registry from C:\Users\Wantai\AppData\Local\openvr\openvrpaths.vrpath
[Parent 7340, Gecko_IOThread] WARNING: pipe error: 109: file z:/build/build/src/ipc/chromium/src/chrome/common/ipc_channel_win.cc, line 346
Unable to read VR Path Registry from C:\Users\Wantai\AppData\Local\openvr\openvrpaths.vrpath
[Child 13976, Chrome_ChildThread] WARNING: pipe error: 109: file z:/build/build/src/ipc/chromium/src/chrome/common/ipc_channel_win.cc, line 346
[Parent 7340, Gecko_IOThread] WARNING: file z:/build/build/src/ipc/chromium/src/base/process_util_win.cc, line 188
*** UTM:SVC TimerManager:registerTimer called after profile-before-change notification. Ignoring timer registration for id: telemetry_modules_ping
Unable to read VR Path Registry from C:\Users\Wantai\AppData\Local\openvr\openvrpaths.vrpath
[GPU 15824, Chrome_ChildThread] WARNING: pipe error: 109: file z:/build/build/src/ipc/chromium/src/chrome/common/ipc_channel_win.cc, line 346

###!!! [Child][MessageChannel::SendAndWait] Error: Channel error: cannot send/recv

1538918894528	geckodriver	INFO	geckodriver 0.20.1
1538918894541	geckodriver	INFO	Listening on 127.0.0.1:9733
1538918897549	mozrunner::runner	INFO	Running command: "C:\\Program Files\\Mozilla Firefox\\firefox.exe" "-marionette" "-profile" "C:\\Users\\Wantai\\AppData\\Local\\Temp\\rust_mozprofile.Sybf8pIcBbJS"
[GFX1-]: CreateShaderResourceView failed for format87
[GFX1-]: CreateShaderResourceView failed for format87
[GFX1-]: CreateShaderResourceView failed for format87
[GFX1-]: CreateShaderResourceView failed for format87
1538918899652	Marionette	INFO	Listening on port 9741
1538918900743	Marionette	WARN	TLS certificate errors will be ignored for this session
IPDL protocol error: Handler returned error code!

###!!! [Parent][DispatchAsyncMessage] Error: PAPZCTreeManager::Msg_SetTargetAPZC Processing error: message was deserialized, but the handler returned false (indicating failure)

Unable to read VR Path Registry from C:\Users\Wantai\AppData\Local\openvr\openvrpaths.vrpath
[Parent 5596, Gecko_IOThread] WARNING: pipe error: 109: file z:/build/build/src/ipc/chromium/src/chrome/common/ipc_channel_win.cc, line 346
Unable to read VR Path Registry from C:\Users\Wantai\AppData\Local\openvr\openvrpaths.vrpath
[Child 6616, Chrome_ChildThread] WARNING: pipe error: 109: file z:/build/build/src/ipc/chromium/src/chrome/common/ipc_channel_win.cc, line 346
Unable to read VR Path Registry from C:\Users\Wantai\AppData\Local\openvr\openvrpaths.vrpath
[Child 15696, Chrome_ChildThread] WARNING: pipe error: 109: file z:/build/build/src/ipc/chromium/src/chrome/common/ipc_channel_win.cc, line 346
[Parent 5596, Gecko_IOThread] WARNING: file z:/build/build/src/ipc/chromium/src/base/process_util_win.cc, line 188
Unable to read VR Path Registry from C:\Users\Wantai\AppData\Local\openvr\openvrpaths.vrpath
[Child 12324, Chrome_ChildThread] WARNING: pipe error: 109: file z:/build/build/src/ipc/chromium/src/chrome/common/ipc_channel_win.cc, line 346
[Child 12324, Chrome_ChildThread] WARNING: pipe error: 109: file z:/build/build/src/ipc/chromium/src/chrome/common/ipc_channel_win.cc, line 346
[Parent 5596, Gecko_IOThread] WARNING: file z:/build/build/src/ipc/chromium/src/base/process_util_win.cc, line 188
Unable to read VR Path Registry from C:\Users\Wantai\AppData\Local\openvr\openvrpaths.vrpath
[GPU 2440, Chrome_ChildThread] WARNING: pipe error: 109: file z:/build/build/src/ipc/chromium/src/chrome/common/ipc_channel_win.cc, line 346
1538919649611	geckodriver	INFO	geckodriver 0.20.1
1538919649620	geckodriver	INFO	Listening on 127.0.0.1:10088
1538919652659	mozrunner::runner	INFO	Running command: "C:\\Program Files\\Mozilla Firefox\\firefox.exe" "-marionette" "-profile" "C:\\Users\\Wantai\\AppData\\Local\\Temp\\rust_mozprofile.BLnRl16lt7z8"
[GFX1-]: CreateShaderResourceView failed for format87
[GFX1-]: CreateShaderResourceView failed for format87
[GFX1-]: CreateShaderResourceView failed for format87
[GFX1-]: CreateShaderResourceView failed for format87
1538919654854	Marionette	INFO	Listening on port 10096
1538919655852	Marionette	WARN	TLS certificate errors will be ignored for this session
IPDL protocol error: Handler returned error code!

###!!! [Parent][DispatchAsyncMessage] Error: PAPZCTreeManager::Msg_SetTargetAPZC Processing error: message was deserialized, but the handler returned false (indicating failure)

IPDL protocol error: Handler returned error code!

###!!! [Parent][DispatchAsyncMessage] Error: PAPZCTreeManager::Msg_SetTargetAPZC Processing error: message was deserialized, but the handler returned false (indicating failure)

IPDL protocol error: Handler returned error code!

###!!! [Parent][DispatchAsyncMessage] Error: PAPZCTreeManager::Msg_SetTargetAPZC Processing error: message was deserialized, but the handler returned false (indicating failure)

Unable to read VR Path Registry from C:\Users\Wantai\AppData\Local\openvr\openvrpaths.vrpath
[Parent 12096, Gecko_IOThread] WARNING: pipe error: 109: file z:/build/build/src/ipc/chromium/src/chrome/common/ipc_channel_win.cc, line 346
Unable to read VR Path Registry from C:\Users\Wantai\AppData\Local\openvr\openvrpaths.vrpath
[Child 11896, Chrome_ChildThread] WARNING: pipe error: 109: file z:/build/build/src/ipc/chromium/src/chrome/common/ipc_channel_win.cc, line 346
[Child 11896, Chrome_ChildThread] WARNING: pipe error: 109: file z:/build/build/src/ipc/chromium/src/chrome/common/ipc_channel_win.cc, line 346
Unable to read VR Path Registry from C:\Users\Wantai\AppData\Local\openvr\openvrpaths.vrpath
[Child 4748, Chrome_ChildThread] WARNING: pipe error: 109: file z:/build/build/src/ipc/chromium/src/chrome/common/ipc_channel_win.cc, line 346
[Parent 12096, Gecko_IOThread] WARNING: pipe error: 109: file z:/build/build/src/ipc/chromium/src/chrome/common/ipc_channel_win.cc, line 346
Unable to read VR Path Registry from C:\Users\Wantai\AppData\Local\openvr\openvrpaths.vrpath
[Child 11028, Chrome_ChildThread] WARNING: pipe error: 109: file z:/build/build/src/ipc/chromium/src/chrome/common/ipc_channel_win.cc, line 346
[Child 11028, Chrome_ChildThread] WARNING: pipe error: 109: file z:/build/build/src/ipc/chromium/src/chrome/common/ipc_channel_win.cc, line 346
[Parent 12096, Gecko_IOThread] WARNING: file z:/build/build/src/ipc/chromium/src/base/process_util_win.cc, line 188
Unable to read VR Path Registry from C:\Users\Wantai\AppData\Local\openvr\openvrpaths.vrpath
[GPU 2012, Chrome_ChildThread] WARNING: pipe error: 109: file z:/build/build/src/ipc/chromium/src/chrome/common/ipc_channel_win.cc, line 346
1538922625993	geckodriver	INFO	geckodriver 0.20.1
1538922626001	geckodriver	INFO	Listening on 127.0.0.1:10980
1538922629021	mozrunner::runner	INFO	Running command: "C:\\Program Files\\Mozilla Firefox\\firefox.exe" "-marionette" "-profile" "C:\\Users\\Wantai\\AppData\\Local\\Temp\\rust_mozprofile.rKQSwfhuL49D"
[GFX1-]: CreateShaderResourceView failed for format87
[GFX1-]: CreateShaderResourceView failed for format87
[GFX1-]: CreateShaderResourceView failed for format87
[GFX1-]: CreateShaderResourceView failed for format87
1538922630627	Marionette	INFO	Listening on port 10988
1538922631056	Marionette	WARN	TLS certificate errors will be ignored for this session
IPDL protocol error: Handler returned error code!

###!!! [Parent][DispatchAsyncMessage] Error: PAPZCTreeManager::Msg_SetTargetAPZC Processing error: message was deserialized, but the handler returned false (indicating failure)

IPDL protocol error: Handler returned error code!

###!!! [Parent][DispatchAsyncMessage] Error: PAPZCTreeManager::Msg_SetTargetAPZC Processing error: message was deserialized, but the handler returned false (indicating failure)

IPDL protocol error: Handler returned error code!

###!!! [Parent][DispatchAsyncMessage] Error: PAPZCTreeManager::Msg_SetTargetAPZC Processing error: message was deserialized, but the handler returned false (indicating failure)

Unable to read VR Path Registry from C:\Users\Wantai\AppData\Local\openvr\openvrpaths.vrpath
[Child 4852, Chrome_ChildThread] WARNING: pipe error: 109: file z:/build/build/src/ipc/chromium/src/chrome/common/ipc_channel_win.cc, line 346
[Child 4852, Chrome_ChildThread] WARNING: pipe error: 109: file z:/build/build/src/ipc/chromium/src/chrome/common/ipc_channel_win.cc, line 346
Unable to read VR Path Registry from C:\Users\Wantai\AppData\Local\openvr\openvrpaths.vrpath
[Child 10360, Chrome_ChildThread] WARNING: pipe error: 109: file z:/build/build/src/ipc/chromium/src/chrome/common/ipc_channel_win.cc, line 346
[Child 10360, Chrome_ChildThread] WARNING: pipe erroUnable to read VR Path Registry from C:\Users\Wantai\AppData\Local\openvr\openvrpaths.vrpath
[Parent 14516, Gecko_IOThread] WARNING: pipe error: 109: file z:/build/build/src/ipc/chromium/src/chrome/common/ipc_channel_win.cc, line 346
Unable to read VR Path Registry from C:\Users\Wantai\AppData\Local\openvr\openvrpaths.vrpath
[Child 14664, Chrome_ChildThread] WARNING: pipe error: 109: file z:/build/build/src/ipc/chromium/src/chrome/common/ipc_channel_win.cc, line 346
[Parent 14516, Gecko_IOThread] WARNING: pipe error: 109: file z:/build/build/src/ipc/chromium/src/chrome/common/ipc_channel_win.cc, line 346
Unable to read VR Path Registry from C:\Users\Wantai\AppData\Local\openvr\openvrpaths.vrpath
[Child 12864, Chrome_ChildThread] WARNING: pipe error: 109: file z:/build/build/src/ipc/chromium/src/chrome/common/ipc_channel_win.cc, line 346
[Parent 14516, Gecko_IOThread] WARNING: pipe error: 109: file z:/build/build/src/ipc/chromium/src/chrome/common/ipc_channel_win.cc, line 346
Unable to read VR Path Registry from C:\Users\Wantai\AppData\Local\openvr\openvrpaths.vrpath
[Child 13488, Chrome_ChildThread] WARNING: pipe error: 109: file z:/build/build/src/ipc/chromium/src/chrome/common/ipc_channel_win.cc, line 346
[Child 13488, Chrome_ChildThread] WARNING: pipe error: 109: file z:/build/build/src/ipc/chromium/src/chrome/common/ipc_channel_win.cc, line 346
Unable to read VR Path Registry from C:\Users\Wantai\AppData\Local\openvr\openvrpaths.vrpath
[GPU 8944, Chrome_ChildThread] WARNING: pipe error: 109: file z:/build/build/src/ipc/chromium/src/chrome/common/ipc_channel_win.cc, line 346
1611
1538923432754	Marionette	WARN	TLS certificate errors will be ignored for this session
Unable to read VR Path Registry from C:\Users\Wantai\AppData\Local\openvr\openvrpaths.vrpath
[Child 11896, Chrome_ChildThread] WARNING: pipe error: 109: file z:/build/build/src/ipc/chromium/src/chrome/common/ipc_channel_win.cc, line 346
Unable to read VR Path Registry from C:\Users\Wantai\AppData\Local\openvr\openvrpaths.vrpath
[Child 4748, Chrome_ChildThread] WARNING: pipe error: 109: file z:/build/build/src/ipc/chromium/src/chrome/common/ipc_channel_win.cc, line 346
[Child 4748, Chrome_ChildThread] WARNING: pipe error: 109: file z:/build/build/src/ipc/chromium/src/chrome/common/ipc_channel_win.cc, line 346
Unable to read VR Path Registry from C:\Users\Wantai\AppData\Local\openvr\openvrpaths.vrpath
[Parent 6416, Gecko_IOThread] WARNING: pipe error: 109: file z:/build/build/src/ipc/chromium/src/chrome/common/ipc_channel_win.cc, line 346
Unable to read VR Path Registry from C:\Users\Wantai\AppData\Local\openvr\openvrpaths.vrpath
[Child 10772, Chrome_ChildThread] WARNING: pipe error: 109: file z:/build/build/src/ipc/chromium/src/chrome/common/ipc_channel_win.cc, line 346
[Child 10772, Chrome_ChildThread] WARNING: pipe error: 109: file z:/build/build/src/ipc/chromium/src/chrome/common/ipc_channel_win.cc, line 346
[Parent 6416, Gecko_IOThread] WARNING: file z:/build/build/src/ipc/chromium/src/base/process_util_win.cc, line 188
*** UTM:SVC TimerManager:registerTimer called after profile-before-change notification. Ignoring timer registration for id: telemetry_modules_ping
Unable to read VR Path Registry from C:\Users\Wantai\AppData\Local\openvr\openvrpaths.vrpath
[GPU 15516, Chrome_ChildThread] WARNING: pipe error: 109: file z:/build/build/src/ipc/chromium/src/chrome/common/ipc_channel_win.cc, line 346

###!!! [Child][MessageChannel::SendAndWait] Error: Channel error: cannot send/recv

1538923539967	geckodriver	INFO	geckodriver 0.20.1
1538923539976	geckodriver	INFO	Listening on 127.0.0.1:11763
1538923543010	mozrunner::runner	INFO	Running command: "C:\\Program Files\\Mozilla Firefox\\firefox.exe" "-marionette" "-profile" "C:\\Users\\Wantai\\AppData\\Local\\Temp\\rust_mozprofile.DjNoslB3dOyf"
[GFX1-]: CreateShaderResourceView failed for format87
[GFX1-]: CreateShaderResourceView failed for format87
[GFX1-]: CreateShaderResourceView failed for format87
[GFX1-]: CreateShaderResourceView failed for format87
1538923545247	Marionette	INFO	Listening on port 11771
1538923546212	Marionette	WARN	TLS certificate errors will be ignored for this session
Unable to read VR Path Registry from C:\Users\Wantai\AppData\Local\openvr\openvrpaths.vrpath
[Parent 9440, Gecko_IOThread] WARNING: pipe error: 109: file z:/build/build/src/ipc/chromium/src/chrome/common/ipc_channel_win.cc, line 346
Unable to read VR Path Registry from C:\Users\Wantai\AppData\Local\openvr\openvrpaths.vrpath
[Child 10756, Chrome_ChildThread] WARNING: pipe error: 109: file z:/build/build/src/ipc/chromium/src/chrome/common/ipc_channel_win.cc, line 346
[Child 10756, Chrome_ChildThread] WARNING: pipe error: 109: file z:/build/build/src/ipc/chromium/src/chrome/common/ipc_channel_win.cc, line 346
Unable to read VR Path Registry from C:\Users\Wantai\AppData\Local\openvr\openvrpaths.vrpath
[Child 5648, Chrome_ChildThread] WARNING: pipe error: 109: file z:/build/build/src/ipc/chromium/src/chrome/common/ipc_channel_win.cc, line 346
[Child 5648, Chrome_ChildThread] WARNING: pipe error: 109: file z:/build/build/src/ipc/chromium/src/chrome/common/ipc_channel_win.cc, line 346
*** UTM:SVC TimerManager:registerTimer called after profile-before-change notification. Ignoring timer registration for id: telemetry_modules_ping
Unable to read VR Path Registry from C:\Users\Wantai\AppData\Local\openvr\openvrpaths.vrpath
[GPU 9604, Chrome_ChildThread] WARNING: pipe error: 109: file z:/build/build/src/ipc/chromium/src/chrome/common/ipc_channel_win.cc, line 346

###!!! [Child][MessageChannel::SendAndWait] Error: Channel error: cannot send/recv

1538923603261	geckodriver	INFO	geckodriver 0.20.1
1538923603271	geckodriver	INFO	Listening on 127.0.0.1:11915
1538923606288	mozrunner::runner	INFO	Running command: "C:\\Program Files\\Mozilla Firefox\\firefox.exe" "-marionette" "-profile" "C:\\Users\\Wantai\\AppData\\Local\\Temp\\rust_mozprofile.YPSsbvgZ0tgD"
[GFX1-]: CreateShaderResourceView failed for format87
[GFX1-]: CreateShaderResourceView failed for format87
IPDL protocol error: Handler returned error code!

###!!! [Parent][DispatchAsyncMessage] Error: PLayerTransaction::Msg_ReleaseLayer Processing error: message was deserialized, but the handler returned false (indicating failure)

[GFX1-]: CreateShaderResourceView failed for format87
[GFX1-]: CreateShaderResourceView failed for format87
1538923608084	Marionette	INFO	Listening on port 11924
1538923608318	Marionette	WARN	TLS certificate errors will be ignored for this session
Unable to read VR Path Registry from C:\Users\Wantai\AppData\Local\openvr\openvrpaths.vrpath
[Parent 15340, Gecko_IOThread] WARNING: pipe error: 109: file z:/build/build/src/ipc/chromium/src/chrome/common/ipc_channel_win.cc, line 346
Unable to read VR Path Registry from C:\Users\Wantai\AppData\Local\openvr\openvrpaths.vrpath
[Child 5184, Chrome_ChildThread] WARNING: pipe error: 109: file z:/build/build/src/ipc/chromium/src/chrome/common/ipc_channel_win.cc, line 346
[Parent 15340, Gecko_IOThread] WARNING: file z:/build/build/src/ipc/chromium/src/base/process_util_win.cc, line 188
Unable to read VR Path Registry from C:\Users\Wantai\AppData\Local\openvr\openvrpaths.vrpath
[Child 15804, Chrome_ChildThread] WARNING: pipe error: 109: file z:/build/build/src/ipc/chromium/src/chrome/common/ipc_channel_win.cc, line 346
[Child 15804, Chrome_ChildThread] WARNING: pipe error: 109: file z:/build/build/src/ipc/chromium/src/chrome/common/ipc_channel_win.cc, line 346
[Parent 15340, Gecko_IOThread] WARNING: pipe error: 109: file z:/build/build/src/ipc/chromium/src/chrome/common/ipc_channel_win.cc, line 346
Unable to read VR Path Registry from C:\Users\Wantai\AppData\Local\openvr\openvrpaths.vrpath
[Child 11824, Chrome_ChildThread] WARNING: pipe error: 109: file z:/build/build/src/ipc/chromium/src/chrome/common/ipc_channel_win.cc, line 346
[Child 11824, Chrome_ChildThread] WARNING: pipe error: 109: file z:/build/build/src/ipc/chromium/src/chrome/common/ipc_channel_win.cc, line 346
*** UTM:SVC TimerManager:registerTimer called after profile-before-change notification. Ignoring timer registration for id: telemetry_modules_ping
Unable to read VR Path Registry from C:\Users\Wantai\AppData\Local\openvr\openvrpaths.vrpath
[GPU 7496, Chrome_ChildThread] WARNING: pipe error: 109: file z:/build/build/src/ipc/chromium/src/chrome/common/ipc_channel_win.cc, line 346

###!!! [Child][MessageChannel::SendAndWait] Error: Channel error: cannot send/recv

1538923816971	geckodriver	INFO	geckodriver 0.20.1
1538923816980	geckodriver	INFO	Listening on 127.0.0.1:12025
1538923820010	mozrunner::runner	INFO	Running command: "C:\\Program Files\\Mozilla Firefox\\firefox.exe" "-marionette" "-profile" "C:\\Users\\Wantai\\AppData\\Local\\Temp\\rust_mozprofile.y1kcB9FLgFnV"
[GFX1-]: CreateShaderResourceView failed for format87
[GFX1-]: CreateShaderResourceView failed for format87
[GFX1-]: CreateShaderResourceView failed for format87
[GFX1-]: CreateShaderResourceView failed for format87
1538923821606	Marionette	INFO	Listening on port 12033
1538923822058	Marionette	WARN	TLS certificate errors will be ignored for this session
Unable to read VR Path Registry from C:\Users\Wantai\AppData\Local\openvr\openvrpaths.vrpath
[Child 12568, Chrome_ChildThread] WARNING: pipe error: 109: file z:/build/build/src/ipc/chromium/src/chrome/common/ipc_channel_win.cc, line 346
[Child 12568, Chrome_ChildThread] WARNING: pipe error: 109: file z:/build/build/src/ipc/chromium/src/chrome/common/ipc_channel_win.cc, line 346
Unable to read VR Path Registry from C:\Users\Wantai\AppData\Local\openvr\openvrpaths.vrpath
[Child 11852, Chrome_ChildThread] WARNING: pipe error: 109: file z:/build/build/src/ipc/chromium/src/chrome/common/ipc_channel_win.cc, line 346
[Child 11852, Chrome_ChildThread] WARNING: pipe error: 109: file z:/build/build/src/ipc/chromium/src/chrome/common/ipc_channel_win.cc, line 346
Unable to read VR Path Registry from C:\Users\Wantai\AppData\Local\openvr\openvrpaths.vrpath
[Parent 14468, Gecko_IOThread] WARNING: pipe error: 109: file z:/build/build/src/ipc/chromium/src/chrome/common/ipc_channel_win.cc, line 346
Unable to read VR Path Registry from C:\Users\Wantai\AppData\Local\openvr\openvrpaths.vrpath
[Child 3444, Chrome_ChildThread] WARNING: pipe error: 109: file z:/build/build/src/ipc/chromium/src/chrome/common/ipc_channel_win.cc, line 346
[Child 3444, Chrome_ChildThread] WARNING: pipe error: 109: file z:/build/build/src/ipc/chromium/src/chrome/common/ipc_channel_win.cc, line 346
Unable to read VR Path Registry from C:\Users\Wantai\AppData\Local\openvr\openvrpaths.vrpath
[GPU 16256, Chrome_ChildThread] WARNING: pipe error: 109: file z:/build/build/src/ipc/chromium/src/chrome/common/ipc_channel_win.cc, line 346

###!!! [Child][MessageChannel::SendAndWait] Error: Channel error: cannot send/recv

1538923963907	geckodriver	INFO	geckodriver 0.20.1
1538923963916	geckodriver	INFO	Listening on 127.0.0.1:12161
1538923966953	mozrunner::runner	INFO	Running command: "C:\\Program Files\\Mozilla Firefox\\firefox.exe" "-marionette" "-profile" "C:\\Users\\Wantai\\AppData\\Local\\Temp\\rust_mozprofile.jGRB4gjy0y2I"
[GFX1-]: CreateShaderResourceView failed for format87
[GFX1-]: CreateShaderResourceView failed for format87
[GFX1-]: CreateShaderResourceView failed for format87
[GFX1-]: CreateShaderResourceView failed for format87
1538923968907	Marionette	INFO	Listening on port 12169
1538923968978	Marionette	WARN	TLS certificate errors will be ignored for this session
Unable to read VR Path Registry from C:\Users\Wantai\AppData\Local\openvr\openvrpaths.vrpath
[Child 12748, Chrome_ChildThread] WARNING: pipe error: 109: file z:/build/build/src/ipc/chromium/src/chrome/common/ipc_channel_win.cc, line 346
[Child 12748, Chrome_ChildThread] WARNING: pipe error: 109: file z:/buil[GFX1-]: CreateShaderResourceView failed for format87
[GFX1-]: CreateShaderResourceView failed for format87
[GFX1-]: CreateShaderResourceView failed for format87
[GFX1-]: CreateShaderResourceView failed for format87
1538924001046	Marionette	INFO	Listening on port 12266
1538924001433	Marionette	WARN	TLS certificate errors will be ignored for this session
Unable to read VR Path Registry from C:\Users\Wantai\AppData\Local\openvr\openvrpaths.vrpath
[Child 6976, Chrome_ChildThread] WARNING: pipe error: 109: file z:/build/build/src/ipc/chromium/src/chrome/common/ipc_channel_win.cc, line 346
[Child 6976, Chrome_ChildThread] WARNING: pipe error: 109: file z:/build/build/src/ipc/chromium/src/chrome/common/ipc_channel_win.cc, line 346
Unable to read VR Path Registry from C:\Users\Wantai\AppData\Local\openvr\openvrpaths.vrpath
[Child 11984, Chrome_ChildThread] WARNING: pipe error: 109: file z:/build/build/src/ipc/chromium/src/chrome/common/ipc_channel_win.cc, line 346
[Child 11984, Chrome_ChildThread] WARNING: pipe error: 109: file z:/build/build/src/ipc/chromium/src/chrome/common/ipc_channel_win.cc, line 346
Unable to read VR Path Registry from C:\Users\Wantai\AppData\Local\openvr\openvrpaths.vrpath
[Parent 16056, Gecko_IOThread] WARNING: file z:/build/build/src/ipc/chromium/src/base/process_util_win.cc, line 188
Unable to read VR Path Registry from C:\Users\Wantai\AppData\Local\openvr\openvrpaths.vrpath
[GPU 9292, Chrome_ChildThread] WARNING: pipe error: 109: file z:/build/build/src/ipc/chromium/src/chrome/common/ipc_channel_win.cc, line 346
1538924155640	geckodriver	INFO	geckodriver 0.20.1
1538924155649	geckodriver	INFO	Listening on 127.0.0.1:12365
1538924158685	mozrunner::runner	INFO	Running command: "C:\\Program Files\\Mozilla Firefox\\firefox.exe" "-marionette" "-profile" "C:\\Users\\Wantai\\AppData\\Local\\Temp\\rust_mozprofile.NXLdZYvdIeyX"
[GFX1-]: CreateShaderResourceView failed for format87
[GFX1-]: CreateShaderResourceView failed for format87
[GFX1-]: CreateShaderResourceView failed for format87
[GFX1-]: CreateShaderResourceView failed for format87
1538924160538	Marionette	INFO	Listening on port 12373
1538924160702	Marionette	WARN	TLS certificate errors will be ignored for this session
Unable to read VR Path Registry from C:\Users\Wantai\AppData\Local\openvr\openvrpaths.vrpath
[Child 16020, Chrome_ChildThread] WARNING: pipe error: 109: file z:/build/build/src/ipc/chromium/src/chrome/common/ipc_channel_win.cc, line 346
[Child 16020, Chrome_ChildThread] WARNING: pipe error: 109: file z:/build/build/src/ipc/chromium/src/chrome/common/ipc_channel_win.cc, line 346
Unable to read VR Path Registry from C:\Users\Wantai\AppData\Local\openvr\openvrpaths.vrpath
[Child 13912, Chrome_ChildThread] WARNING: pipe error: 109: file z:/build/build/src/ipc/chromium/src/chrome/common/ipc_channel_win.cc, line 346
[Child 13912, Chrome_ChildThread] WARNING: pipe error: 109: file z:/build/build/src/ipc/chromium/src/chrome/common/ipc_channel_win.cc, line 346
Unable to read VR Path Registry from C:\Users\Wantai\AppData\Local\openvr\openvrpaths.vrpath
[Child 11456, Chrome_ChildThread] WARNING: pipe error: 109: file z:/build/build/src/ipc/chromium/src/chrome/common/ipc_channel_win.cc, line 346
[Child 11456, Chrome_ChildThread] WARNING: pipe error: 109: file z:/build/build/src/ipc/chromium/src/chrome/common/ipc_channel_win.cc, line 346
*** UTM:SVC TimerManager:registerTimer called after profile-before-change notification. Ignoring timer registration for id: telemetry_modules_ping
Unable to read VR Path Registry from C:\Users\Wantai\AppData\Local\openvr\openvrpaths.vrpath
[GPU 7252, Chrome_ChildThread] WARNING: pipe error: 109: file z:/build/build/src/ipc/chromium/src/chrome/common/ipc_channel_win.cc, line 346

###!!! [Child][MessageChannel::SendAndWait] Error: Channel error: cannot send/recv

Unable to read VR Path Registry from C:\Users\Wantai\AppData\Local\openvr\openvrpaths.vrpath
1538924214342	geckodriver	INFO	geckodriver 0.20.1
1538924214351	geckodriver	INFO	Listening on 127.0.0.1:12467
1538924217380	mozrunner::runner	INFO	Running command: "C:\\Program Files\\Mozilla Firefox\\firefox.exe" "-marionette" "-profile" "C:\\Users\\Wantai\\AppData\\Local\\Temp\\rust_mozprofile.QG8wb3fZrHcf"
[GFX1-]: CreateShaderResourceView failed for format87
[GFX1-]: CreateShaderResourceView failed for format87
[GFX1-]: CreateShaderResourceView failed for format87
[GFX1-]: CreateShaderResourceView failed for format87
1538924219305	Marionette	INFO	Listening on port 12476
1538924219445	Marionette	WARN	TLS certificate errors will be ignored for this session
Unable to read VR Path Registry from C:\Users\Wantai\AppData\Local\openvr\openvrpaths.vrpath
[Child 9104, Chrome_ChildThread] WARNING: pipe error: 109: file z:/build/build/src/ipc/chromium/src/chrome/common/ipc_channel_win.cc, line 346
[Child 9104, Chrome_ChildThread] WARNING: pipe error: 109: file z:/build/build/src/ipc/chromium/src/chrome/common/ipc_channel_win.cc, line 346
Unable to read VR Path Registry from C:\Users\Wantai\AppData\Local\openvr\openvrpaths.vrpath
[Child 9368, Chrome_ChildThread] WARNING: pipe error: 109: file z:/build/build/src/ipc/chromium/src/chrome/common/ipc_channel_win.cc, line 346
[Child 9368, Chrome_ChildThread] WARNING: pipe error: 109: file z:/build/build/src/ipc/chromium/src/chrome/common/ipc_channel_win.cc, line 346
Unable to read VR Path Registry from C:\Users\Wantai\AppData\Local\openvr\openvrpaths.vrpath
[Parent 4780, Gecko_IOThread] WARNING: pipe error: 109: file z:/build/build/src/ipc/chromium/src/chrome/common/ipc_channel_win.cc, line 346
Unable to read VR Path Registry from C:\Users\Wantai\AppData\Local\openvr\openvrpaths.vrpath
[Child 8220, Chrome_ChildThread] WARNING: pipe error: 109: file z:/build/build/src/ipc/chromium/src/chrome/common/ipc_channel_win.cc, line 346
*** UTM:SVC TimerManager:registerTimer called after profile-before-change notification. Ignoring timer registration for id: telemetry_modules_ping
Unable to read VR Path Registry from C:\Users\Wantai\AppData\Local\openvr\openvrpaths.vrpath
[GPU 4580, Chrome_ChildThread] WARNING: pipe error: 109: file z:/build/build/src/ipc/chromium/src/chrome/common/ipc_channel_win.cc, line 346

###!!! [Child][MessageChannel::SendAndWait] Error: Channel error: cannot send/recv

1538924278267	geckodriver	INFO	geckodriver 0.20.1
1538924278276	geckodriver	INFO	Listening on 127.0.0.1:12567
1538924281306	mozrunner::runner	INFO	Running command: "C:\\Program Files\\Mozilla Firefox\\firefox.exe" "-marionette" "-profile" "C:\\Users\\Wantai\\AppData\\Local\\Temp\\rust_mozprofile.Z2MWbJ43Y7im"
[GFX1-]: CreateShaderResourceView failed for format87
[GFX1-]: CreateShaderResourceView failed for format87
[GFX1-]: CreateShaderResourceView failed for format87
[GFX1-]: CreateShaderResourceView failed for format87
1538924283200	Marionette	INFO	Listening on port 12576
1538924283349	Marionette	WARN	TLS certificate errors will be ignored for this session
Unable to read VR Path Registry from C:\Users\Wantai\AppData\Local\openvr\openvrpaths.vrpath
[Parent 15676, Gecko_IOThread] WARNING: pipe error: 109: file z:/build/build/src/ipc/chromium/src/chrome/common/ipc_channel_win.cc, line 346
Unable to read VR Path Registry from C:\Users\Wantai\AppData\Local\openvr\openvrpaths.vrpath
[Child 12984, Chrome_ChildThread] WARNING: pipe error: 109: file z:/build/build/src/ipc/chromium/src/chrome/common/ipc_channel_win.cc, line 346
[Child 12984, Chrome_ChildThread] WARNING: pipe error: 109: file z:/build/build/src/ipc/chromium/src/chrome/common/ipc_channel_win.cc, line 346
Unable to read VR Path Registry from C:\Users\Wantai\AppData\Local\openvr\openvrpaths.vrpath
[Child 7544, Chrome_ChildThread] WARNING: pipe error: 109: file z:/build/build/src/ipc/chromium/src/chrome/common/ipc_channel_win.cc, line 346
[Parent 15676, Gecko_IOThread] WARNING: file z:/build/build/src/ipc/chromium/src/base/process_util_win.cc, line 188
[Parent 15676, Gecko_IOThread] WARNING: file z:/build/build/src/ipc/chromium/src/base/process_util_win.cc, line 188
[Parent 15676, Gecko_IOThread] WARNING: pipe error: 109: file z:/build/build/src/ipc/chromium/src/chrome/common/ipc_channel_win.cc, line 346
[Parent 15676, Gecko_IOThread] WARNING: file z:/build/build/src/ipc/chromium/src/base/process_util_win.cc, line 188
*** UTM:SVC TimerManager:registerTimer called after profile-before-change notification. Ignoring timer registration for id: telemetry_modules_ping
Unable to read VR Path Registry from C:\Users\Wantai\AppData\Local\openvr\openvrpaths.vrpath
[GPU 16004, Chrome_ChildThread] WARNING: pipe error: 109: file z:/build/build/src/ipc/chromium/src/chrome/common/ipc_channel_win.cc, line 346

###!!! [Child][MessageChannel::SendAndWait] Error: Channel error: cannot send/recv

1538924353373	geckodriver	INFO	geckodriver 0.20.1
1538924353382	geckodriver	INFO	Listening on 127.0.0.1:12688
1538924356420	mozrunner::runner	INFO	Running command: "C:\\Program Files\\Mozilla Firefox\\firefox.exe" "-marionette" "-profile" "C:\\Users\\Wantai\\AppData\\Local\\Temp\\rust_mozprofile.x3fLBg7jIhW9"
[GFX1-]: CreateShaderResourceView failed for format87
[GFX1-]: CreateShaderResourceView failed for format87
[GFX1-]: CreateShaderResourceView failed for format87
[GFX1-]: CreateShaderResourceView failed for format87
1538924358302	Marionette	INFO	Listening on port 12696
1538924358432	Marionette	WARN	TLS certificate errors will be ignored for this session
Unable to read VR Path Registry from C:\Users\Wantai\AppData\Local\openvr\openvrpaths.vrpath
[Child 13248, Chrome_ChildThread] WARNING: pipe error: 109: file z:/build/build/src/ipc/chromium/src/chrome/common/ipc_channel_win.cc, line 346
Unable to read VR Path Registry from C:\Users\Wantai\AppData\Local\openvr\openvrpaths.vrpath
[Child 16312, Chrome_ChildThread] WARNING: pipe error: 109: file z:/build/build/src/ipc/chromium/src/chrome/common/ipc_channel_win.cc, line 346
[Child 13248, Chrome_ChildThread] WARNING: pipe error: 109: file z:/build/build/src/ipc/chromium/src/chrome/common/ipc_channel_win.cc, line 346
[Child 16312, Chrome_ChildThread] WARNING: pipe error: 109: file z:/build/build/src/ipc/chromium/src/chrome/common/ipc_channel_win.cc, line 346
Unable to read VR Path Registry from C:\Users\Wantai\AppData\Local\openvr\openvrpaths.vrpath
[Parent 8172, Gecko_IOThread] WARNING: pipe error: 109: file z:/build/build/src/ipc/chromium/src/chrome/common/ipc_channel_win.cc, line 346
Unable to read VR Path Registry from C:\Users\Wantai\AppData\Local\openvr\openvrpaths.vrpath
[Child 10268, Chrome_ChildThread] WARNING: pipe error: 109: file z:/build/build/src/ipc/chromium/src/chrome/common/ipc_channel_win.cc, line 346
[Child 10268, Chrome_ChildThread] WARNING: pipe error: 109: file z:/build/build/src/ipc/chromium/src/chrome/common/ipc_channel_win.cc, line 346
[Parent 8172, Gecko_IOThread] WARNING: file z:/build/build/src/ipc/chromium/src/base/process_util_win.cc, line 188
*** UTM:SVC TimerManager:registerTimer called after profile-before-change notification. Ignoring timer registration for id: telemetry_modules_ping
Unable to read VR Path Registry from C:\Users\Wantai\AppData\Local\openvr\openvrpaths.vrpath
[GPU 6272, Chrome_ChildThread] WARNING: pipe error: 109: file z:/build/build/src/ipc/chromium/src/chrome/common/ipc_channel_win.cc, line 346
1538924393493	geckodriver	INFO	geckodriver 0.20.1
1538924393503	geckodriver	INFO	Listening on 127.0.0.1:12902
1538924396539	mozrunner::runner	INFO	Running command: "C:\\Program Files\\Mozilla Firefox\\firefox.exe" "-marionette" "-profile" "C:\\Users\\Wantai\\AppData\\Local\\Temp\\rust_mozprofile.50x2OnAZhbxZ"
[GFX1-]: CreateShaderResourceView failed for format87
[GFX1-]: CreateShaderResourceView failed for format87
[GFX1-]: CreateShaderResourceView failed for format87
[GFX1-]: CreateShaderResourceView failed for format87
1538924398473	Marionette	INFO	Listening on port 12910
1538924398619	Marionette	WARN	TLS certificate errors will be ignored for this session
Unable to read VR Path Registry from C:\Users\Wantai\AppData\Local\openvr\openvrpaths.vrpath
[Child 11016, Chrome_ChildThread] WARNING: pipe error: 109: file z:/build/build/src/ipc/chromium/src/chrome/common/ipc_channel_win.cc, line 346
Unable to read VR Path Registry from C:\Users\Wantai\AppData\Local\openvr\openvrpaths.vrpath
[Child 11816, Chrome_ChildThread] WARNING: pipe error: 109: file z:/build/build/src/ipc/chromium/src/chrome/common/ipc_channel_win.cc, line 346
[Child 11816, Chrome_ChildThread] WARNING: pipe error: 109: file z:/build/build/src/ipc/chromium/src/chrome/common/ipc_channel_win.cc, line 346
Unable to read VR Path Registry from C:\Users\Wantai\AppData\Local\openvr\openvrpaths.vrpath
[Parent 14496, Gecko_IOThread] WARNING: file z:/build/build/src/ipc/chromium/src/base/process_util_win.cc, line 188
*** UTM:SVC TimerManager:registerTimer called after profile-before-change notification. Ignoring timer registration for id: telemetry_modules_ping
Unable to read VR Path Registry from C:\Users\Wantai\AppData\Local\openvr\openvrpaths.vrpath
[GPU 13288, Chrome_ChildThread] WARNING: pipe error: 109: file z:/build/build/src/ipc/chromium/src/chrome/common/ipc_channel_win.cc, line 346

###!!! [Child][MessageChannel::SendAndWait] Error: Channel error: cannot send/recv

1538924459059	geckodriver	INFO	geckodriver 0.20.1
1538924459068	geckodriver	INFO	Listening on 127.0.0.1:13064
1538924462072	mozrunner::runner	INFO	Running command: "C:\\Program Files\\Mozilla Firefox\\firefox.exe" "-marionette" "-profile" "C:\\Users\\Wantai\\AppData\\Local\\Temp\\rust_mozprofile.jAIF2MBfYLrz"
[GFX1-]: CreateShaderResourceView failed for format87
[GFX1-]: CreateShaderResourceView failed for format87
[GFX1-]: CreateShaderResourceView failed for format87
[GFX1-]: CreateShaderResourceView failed for format87
1538924464101	Marionette	INFO	Listening on port 13073
1538924464165	Marionette	WARN	TLS certificate errors will be ignored for this session
Unable to read VR Path Registry from C:\Users\Wantai\AppData\Local\openvr\openvrpaths.vrpath
[Parent 6576, Gecko_IOThread] WARNING: pipe error: 109: file z:/build/build/src/ipc/chromium/src/chrome/common/ipc_channel_win.cc, line 346
Unable to read VR Path Registry from C:\Users\Wantai\AppData\Local\openvr\openvrpaths.vrpath
[Child 14964, Chrome_ChildThread] WARNING: pipe error: 109: file z:/build/build/src/ipc/chromium/src/chrome/common/ipc_channel_win.cc, line 346
Unable to read VR Path Registry from C:\Users\Wantai\AppData\Local\openvr\openvrpaths.vrpath
[Child 15652, Chrome_ChildThread] WARNING: pipe error: 109: file z:/build/build/src/ipc/chromium/src/chrome/common/ipc_channel_win.cc, line 346
[Child 15652, Chrome_ChildThread] WARNING: pipe error: 109: file z:/build/build/src/ipc/chromium/src/chrome/common/ipc_channel_win.cc, line 346
[Parent 6576, Gecko_IOThread] WARNING: pipe error: 109: file z:/build/build/src/ipc/chromium/src/chrome/common/ipc_channel_win.cc, line 346
Unable to read VR Path Registry from C:\Users\Wantai\AppData\Local\openvr\openvrpaths.vrpath
[Child 3440, Chrome_ChildThread] WARNING: pipe error: 109: file z:/build/build/src/ipc/chromium/src/chrome/common/ipc_channel_win.cc, line 346
[Child 3440, Chrome_ChildThread] WARNING: pipe error: 109: file z:/build/build/src/ipc/chromium/src/chrome/common/ipc_channel_win.cc, line 346
*** UTM:SVC TimerManager:registerTimer called after profile-before-change notification. Ignoring timer registration for id: telemetry_modules_ping
Unable to read VR Path Registry from C:\Users\Wantai\AppData\Local\openvr\openvrpaths.vrpath
[GPU 8452, Chrome_ChildThread] WARNING: pipe error: 109: file z:/build/build/src/ipc/chromium/src/chrome/common/ipc_channel_win.cc, line 346

###!!! [Child][MessageChannel::SendAndWait] Error: Channel error: cannot send/recv

1538924970768	geckodriver	INFO	geckodriver 0.20.1
1538924970777	geckodriver	INFO	Listening on 127.0.0.1:13159
1538924973813	mozrunner::runner	INFO	Running command: "C:\\Program Files\\Mozilla Firefox\\firefox.exe" "-marionette" "-profile" "C:\\Users\\Wantai\\AppData\\Local\\Temp\\rust_mozprofile.2LpCJt4fnPzo"
[GFX1-]: CreateShaderResourceView failed for format87
[GFX1-]: CreateShaderResourceView failed for format87
[GFX1-]: CreateShaderResourceView failed for format87
[GFX1-]: CreateShaderResourceView failed for format87
1538924976100	Marionette	INFO	Listening on port 13167
1538924976944	Marionette	WARN	TLS certificate errors will be ignored for this session
Unable to read VR Path Registry from C:\Users\Wantai\AppData\Local\openvr\openvrpaths.vrpath
[Child 1440, Chrome_ChildThread] WARNING: pipe error: 109: file z:/build/build/src/ipc/chromium/src/chrome/common/ipc_channel_win.cc, line 346
Unable to read VR Path Registry from C:\Users\Wantai\AppData\Local\openvr\openvrpaths.vrpath
[Parent 14680, Gecko_IOThread] WARNING: pipe error: 109: file z:/build/build/src/ipc/chromium/src/chrome/common/ipc_channel_win.cc, line 346
Unable to read VR Path Registry from C:\Users\Wantai\AppData\Local\openvr\openvrpaths.vrpath
[Child 11428, Chrome_ChildThread] WARNING: pipe error: 109: file z:/build/build/src/ipc/chromium/src/chrome/common/ipc_channel_win.cc, line 346
Unable to read VR Path Registry from C:\Users\Wantai\AppData\Local\openvr\openvrpaths.vrpath
[Child 13576, Chrome_ChildThread] WARNING: pipe error: 109: file z:/build/build/src/ipc/chromium/src/chrome/common/ipc_channel_win.cc, line 346
[Child 13576, Chrome_ChildThread] WARNING: pipe error: 109: file z:/build/build/src/ipc/chromium/src/chrome/common/ipc_channel_win.cc, line 346
[Parent 14680, Gecko_IOThread] WARNING: file z:/build/build/src/ipc/chromium/src/base/process_util_win.cc, line 188
Unable to read VR Path Registry from C:\Users\Wantai\AppData\Local\openvr\openvrpaths.vrpath
[GPU 10872, Chrome_ChildThread] WARNING: pipe error: 109: file z:/build/build/src/ipc/chromium/src/chrome/common/ipc_channel_win.cc, line 346

###!!! [Child][MessageChannel::SendAndWait] Error: (msgtype=0x4B0004,name=PImageBridge::Msg_WillClose) Channel error: cannot send/recv

1538925238515	geckodriver	INFO	geckodriver 0.20.1
1538925238526	geckodriver	INFO	Listening on 127.0.0.1:13532
1538925241541	mozrunner::runner	INFO	Running command: "C:\\Program Files\\Mozilla Firefox\\firefox.exe" "-marionette" "-profile" "C:\\Users\\Wantai\\AppData\\Local\\Temp\\rust_mozprofile.aZGA1THKAsHR"
[GFX1-]: CreateShaderResourceView failed for format87
[GFX1-]: CreateShaderResourceView failed for format87
[GFX1-]: CreateShaderResourceView failed for format87
[GFX1-]: CreateShaderResourceView failed for format87
1538925243575	Marionette	INFO	Listening on port 13541
1538925244672	Marionette	WARN	TLS certificate errors will be ignored for this session
Unable to read VR Path Registry from C:\Users\Wantai\AppData\Local\openvr\openvrpaths.vrpath
[Child 8644, Chrome_ChildThread] WARNING: pipe error: 109: file z:/build/build/src/ipc/chromium/src/chrome/common/ipc_channel_win.cc, line 346
[Child 8644, Chrome_ChildThread] WARNING: pipe error: 109: file z:/build/build/src/ipc/chromium/src/chrome/common/ipc_channel_win.cc, line 346
Unable to read VR Path Registry from C:\Users\Wantai\AppData\Local\openvr\openvrpaths.vrpath
[Parent 5036, Gecko_IOThread] WARNING: pipe error: 109: file z:/build/build/src/ipc/chromium/src/chrome/common/ipc_channel_win.cc, line 346
Unable to read VR Path Registry from C:\Users\Wantai\AppData\Local\openvr\openvrpaths.vrpath
[Child 13960, Chrome_ChildThread] WARNING: pipe error: 109: file z:/build/build/src/ipc/chromium/src/chrome/common/ipc_channel_win.cc, line 346
*** UTM:SVC TimerManager:registerTimer called after profile-before-change notification. Ignoring timer registration for id: telemetry_modules_ping
Unable to read VR Path Registry from C:\Users\Wantai\AppData\Local\openvr\openvrpaths.vrpath
[GPU 14668, Chrome_ChildThread] WARNING: pipe error: 109: file z:/build/build/src/ipc/chromium/src/chrome/common/ipc_channel_win.cc, line 346

###!!! [Child][MessageChannel::SendAndWait] Error: (msgtype=0x4B0004,name=PImageBridge::Msg_WillClose) Channel error: cannot send/recv

1538925331782	geckodriver	INFO	geckodriver 0.20.1
1538925331791	geckodriver	INFO	Listening on 127.0.0.1:13736
1538925334816	mozrunner::runner	INFO	Running command: "C:\\Program Files\\Mozilla Firefox\\firefox.exe" "-marionette" "-profile" "C:\\Users\\Wantai\\AppData\\Local\\Temp\\rust_mozprofile.etcY43xhlNeg"
[GFX1-]: CreateShaderResourceView failed for format87
[GFX1-]: CreateShaderResourceView failed for format87
[GFX1-]: CreateShaderResourceView failed for format87
[GFX1-]: CreateShaderResourceView failed for format87
1538925336776	Marionette	INFO	Listening on port 13744
1538925336818	Marionette	WARN	TLS certificate errors will be ignored for this session
Unable to read VR Path Registry from C:\Users\Wantai\AppData\Local\openvr\openvrpaths.vrpath
[Parent 7160, Gecko_IOThread] WARNING: pipe error: 109: file z:/build/build/src/ipc/chromium/src/chrome/common/ipc_channel_win.cc, line 346
Unable to read VR Path Registry from C:\Users\Wantai\AppData\Local\openvr\openvrpaths.vrpath
[Child 6400, Chrome_ChildThread] WARNING: pipe error: 109: file z:/build/build/src/ipc/chromium/src/chrome/common/ipc_channel_win.cc, line 346
Unable to read VR Path Registry from C:\Users\Wantai\AppData\Local\openvr\openvrpaths.vrpath
[Child 13544, Chrome_ChildThread] WARNING: pipe error: 109: file z:/build/build/src/ipc/chromium/src/chrome/common/ipc_channel_win.cc, line 346
[Parent 7160, Gecko_IOThread] WARNING: pipe error: 109: file z:/build/build/src/ipc/chromium/src/chrome/common/ipc_channel_win.cc, line 346
Unable to read VR Path Registry from C:\Users\Wantai\AppData\Local\openvr\openvrpaths.vrpath
[Child 14616, Chrome_ChildThread] WARNING: pipe error: 109: file z:/build/build/src/ipc/chromium/src/chrome/common/ipc_channel_win.cc, line 346
[Parent 7160, Gecko_IOThread] WARNING: file z:/build/build/src/ipc/chromium/src/base/process_util_win.cc, line 188
*** UTM:SVC TimerManager:registerTimer called after profile-before-change notification. Ignoring timer registration for id: telemetry_modules_ping
Unable to read VR Path Registry from C:\Users\Wantai\AppData\Local\openvr\openvrpaths.vrpath
[GPU 5184, Chrome_ChildThread] WARNING: pipe error: 109: file z:/build/build/src/ipc/chromium/src/chrome/common/ipc_channel_win.cc, line 346

###!!! [Child][MessageChannel::SendAndWait] Error: Channel error: cannot send/recv

1538925455454	geckodriver	INFO	geckodriver 0.20.1
1538925455464	geckodriver	INFO	Listening on 127.0.0.1:14064
1538925458499	mozrunner::runner	INFO	Running command: "C:\\Program Files\\Mozilla Firefox\\firefox.exe" "-marionette" "-profile" "C:\\Users\\Wantai\\AppData\\Local\\Temp\\rust_mozprofile.sgD3F8vcAId2"
[GFX1-]: CreateShaderResourceView failed for format87
[GFX1-]: CreateShaderResourceView failed for format87
[GFX1-]: CreateShaderResourceView failed for format87
[GFX1-]: CreateShaderResourceView failed for format87
1538925460531	Marionette	INFO	Listening on port 14072
1538925461597	Marionette	WARN	TLS certificate errors will be ignored for this session
Unable to read VR Path Registry from C:\Users\Wantai\AppData\Local\openvr\openvrpaths.vrpath
[Child 7540, Chrome_ChildThread] WARNING: pipe error: 109: file z:/build/build/src/ipc/chromium/src/chrome/common/ipc_channel_win.cc, line 346
[Child 7540, Chrome_ChildThread] WARNING: pipe error: 109: file z:/build/build/src/ipc/chromium/src/chrome/common/ipc_channel_win.cc, line 346
Unable to read VR Path Registry from C:\Users\Wantai\AppData\Local\openvr\openvrpaths.vrpath
[Child 15936, Chrome_ChildThread] WARNING: pipe error: 109: file z:/build/build/src/ipc/chromium/src/chrome/common/ipc_channel_win.cc, line 346
[Child 15936, Chrome_ChildThread] WARNING: pipe error: 109: file z:/build/build/src/ipc/chromium/src/chrome/common/ipc_channel_win.cc, line 346
Unable to read VR Path Registry from C:\Users\Wantai\AppData\Local\openvr\openvrpaths.vrpath
[Parent 15148, Gecko_IOThread] WARNING: pipe error: 109: file z:/build/build/src/ipc/chromium/src/chrome/common/ipc_channel_win.cc, line 346
Unable to read VR Path Registry from C:\Users\Wantai\AppData\Local\openvr\openvrpaths.vrpath
[Child 5164, Chrome_ChildThread] WARNING: pipe error: 109: file z:/build/build/src/ipc/chromium/src/chrome/common/ipc_channel_win.cc, line 346
[Child 5164, Chrome_ChildThread] WARNING: pipe error: 109: file z:/build/build/src/ipc/chromium/src/chrome/common/ipc_channel_win.cc, line 346
*** UTM:SVC TimerManager:registerTimer called after profile-before-change notification. Ignoring timer registration for id: telemetry_modules_ping
Unable to read VR Path Registry from C:\Users\Wantai\AppData\Local\openvr\openvrpaths.vrpath
[GPU 3568, Chrome_ChildThread] WARNING: pipe error: 109: file z:/build/build/src/ipc/chromium/src/chrome/common/ipc_channel_win.cc, line 346

###!!! [Child][MessageChannel::SendAndWait] Error: Channel error: cannot send/recv

1538925540149	geckodriver	INFO	geckodriver 0.20.1
1538925540158	geckodriver	INFO	Listening on 127.0.0.1:14187
1538925543188	mozrunner::runner	INFO	Running command: "C:\\Program Files\\Mozilla Firefox\\firefox.exe" "-marionette" "-profile" "C:\\Users\\Wantai\\AppData\\Local\\Temp\\rust_mozprofile.30L5E4HkZWPY"
[GFX1-]: CreateShaderResourceView failed for format87
[GFX1-]: CreateShaderResourceView failed for format87
[GFX1-]: CreateShaderResourceView failed for format87
[GFX1-]: CreateShaderResourceView failed for format87
1538925545078	Marionette	INFO	Listening on port 14195
1538925545192	Marionette	WARN	TLS certificate errors will be ignored for this session
Unable to read VR Path Registry from C:\Users\Wantai\AppData\Local\openvr\openvrpaths.vrpath
[Child 9292, Chrome_ChildThread] WARNING: pipe error: 109: file z:/build/build/src/ipc/chromium/src/chrome/common/ipc_channel_win.cc, line 346
[Child 9292, Chrome_ChildThread] WARNING: pipe error: 109: file z:/build/build/src/ipc/chromium/src/chrome/common/ipc_channel_win.cc, line 346
Unable to read VR Path Registry from C:\Users\Wantai\AppData\Local\openvr\openvrpaths.vrpath
[Child 5484, Chrome_ChildThread] WARNING: pipe error: 109: file z:/build/build/src/ipc/chromium/src/chrome/common/ipc_channel_win.cc, line 346
[Child 5484, Chrome_ChildThread] WARNING: pipe error: 109: file z:/build/build/src/ipc/chromium/src/chrome/common/ipc_channel_win.cc, line 346
Unable to read VR Path Registry from C:\Users\Wantai\AppData\Local\openvr\openvrpaths.vrpath
[Child 9408, Chrome_ChildThread] WARNING: pipe error: 109: file z:/build/build/src/ipc/chromium/src/chrome/common/ipc_channel_win.cc, line 346
[Child 9408, Chrome_ChildThread] WARNING: pipe error: 109: file z:/build/build/src/ipc/chromium/src/chrome/common/ipc_channel_win.cc, line 346
Unable to read VR Path Registry from C:\Users\Wantai\AppData\Local\openvr\openvrpaths.vrpath
[Parent 13292, Gecko_IOThread] WARNING: file z:/build/build/src/ipc/chromium/src/base/process_util_win.cc, line 188
*** UTM:SVC TimerManager:registerTimer called after profile-before-change notification. Ignoring timer registration for id: telemetry_modules_ping
Unable to read VR Path Registry from C:\Users\Wantai\AppData\Local\openvr\openvrpaths.vrpath
[GPU 7012, Chrome_ChildThread] WARNING: pipe error: 109: file z:/build/build/src/ipc/chromium/src/chrome/common/ipc_channel_win.cc, line 346
1538925665367	geckodriver	INFO	geckodriver 0.20.1
1538925665376	geckodriver	INFO	Listening on 127.0.0.1:14298
1538925668406	mozrunner::runner	INFO	Running command: "C:\\Program Files\\Mozilla Firefox\\firefox.exe" "-marionette" "-profile" "C:\\Users\\Wantai\\AppData\\Local\\Temp\\rust_mozprofile.jO2oRiB83h1L"
[GFX1-]: CreateShaderResourceView failed for format87
[GFX1-]: CreateShaderResourceView failed for format87
[GFX1-]: CreateShaderResourceView failed for format87
[GFX1-]: CreateShaderResourceView failed for format87
1538925670438	Marionette	INFO	Listening on port 14306
1538925670508	Marionette	WARN	TLS certificate errors will be ignored for this session
Unable to read VR Path Registry from C:\Users\Wantai\AppData\Local\openvr\openvrpaths.vrpath
[Child 7416, Chrome_ChildThread] WARNING: pipe error: 109: file z:/build/build/src/ipc/chromium/src/chrome/common/ipc_channel_win.cc, line 346
[Child 7416, Chrome_ChildThread] WARNING: pipe error: 109: file z:/build/build/src/ipc/chromium/src/chrome/common/ipc_channel_win.cc, line 346
Unable to read VR Path Registry from C:\Users\Wantai\AppData\Local\openvr\openvrpaths.vrpath
[Child 8812, Chrome_ChildThread] WARNING: pipe error: 109: file z:/build/build/src/ipc/chromium/src/chrome/common/ipc_channel_win.cc, line 346
[Child 8812, Chrome_ChildThread] WARNING: pipe error: 109: file z:/build/build/src/ipc/chromium/src/chrome/common/ipc_channel_win.cc, line 346
Unable to read VR Path Registry from C:\Users\Wantai\AppData\Local\openvr\openvrpaths.vrpath
[Parent 13628, Gecko_IOThread] WARNING: pipe error: 109: file z:/build/build/src/ipc/chromium/src/chrome/common/ipc_channel_win.cc, line 346
Unable to read VR Path Registry from C:\Users\Wantai\AppData\Local\openvr\openvrpaths.vrpath
[Child 10468, Chrome_ChildThread] WARNING: pipe error: 109: file z:/build/build/src/ipc/chromium/src/chrome/common/ipc_channel_win.cc, line 346
[Child 10468, Chrome_ChildThread] WARNING: pipe error: 109: file z:/build/build/src/ipc/chromium/src/chrome/common/ipc_channel_win.cc, line 346
[Parent 13628, Gecko_IOThread] WARNING: file z:/build/build/src/ipc/chromium/src/base/process_util_win.cc, line 188
*** UTM:SVC TimerManager:registerTimer called after profile-before-change notification. Ignoring timer registration for id: telemetry_modules_ping

###!!! [Child][MessageChannel::SendAndWait] Error: Channel error: cannot send/recv

1538925750982	geckodriver	INFO	geckodriver 0.20.1
1538925750991	geckodriver	INFO	Listening on 127.0.0.1:14600
1538925754009	mozrunner::runner	INFO	Running command: "C:\\Program Files\\Mozilla Firefox\\firefox.exe" "-marionette" "-profile" "C:\\Users\\Wantai\\AppData\\Local\\Temp\\rust_mozprofile.ynBqeG38WFwp"
[GFX1-]: CreateShaderResourceView failed for format87
[GFX1-]: CreateShaderResourceView failed for format87
[GFX1-]: CreateShaderResourceView failed for format87
[GFX1-]: CreateShaderResourceView failed for format87
1538925755988	Marionette	INFO	Listening on port 14613
1538925756046	Marionette	WARN	TLS certificate errors will be ignored for this session
Unable to read VR Path Registry from C:\Users\Wantai\AppData\Local\openvr\openvrpaths.vrpath
[Child 16240, Chrome_ChildThread] WARNING: pipe error: 109: file z:/build/build/src/ipc/chromium/src/chrome/common/ipc_channel_win.cc, line 346
[Child 16240, Chrome_ChildThread] WARNING: pipe error: 109: file z:/build/build/src/ipc/chromium/src/chrome/common/ipc_channel_win.cc, line 346
Unable to read VR Path Registry from C:\Users\Wantai\AppData\Local\openvr\openvrpaths.vrpath
[Child 16200, Chrome_ChildThread] WARNING: pipe error: 109: file z:/build/build/src/ipc/chromium/src/chrome/common/ipc_channel_win.cc, line 346
[Child 16200, Chrome_ChildThread] WARNING: pipe error: 109: file z:/build/build/src/ipc/chromium/src/chrome/common/ipc_channel_win.cc, line 346
Unable to read VR Path Registry from C:\Users\Wantai\AppData\Local\openvr\openvrpaths.vrpath
[Child 2440, Chrome_ChildThread] WARNING: pipe error: 109: file z:/build/build/src/ipc/chromium/src/chrome/common/ipc_channel_win.cc, line 346
[Child 2440, Chrome_ChildThread] WARNING: pipe error: 109: file z:/build/build/src/ipc/chromium/src/chrome/common/ipc_channel_win.cc, line 346
Unable to read VR Path Registry from C:\Users\Wantai\AppData\Local\openvr\openvrpaths.vrpath
[Parent 9912, Gecko_IOThread] WARNING: file z:/build/build/src/ipc/chromium/src/base/process_util_win.cc, line 188
*** UTM:SVC TimerManager:registerTimer called after profile-before-change notification. Ignoring timer registration for id: telemetry_modules_ping
Unable to read VR Path Registry from C:\Users\Wantai\AppData\Local\openvr\openvrpaths.vrpath
[GPU 13300, Chrome_ChildThread] WARNING: pipe error: 109: file z:/build/build/src/ipc/chromium/src/chrome/common/ipc_channel_win.cc, line 346

###!!! [Child][MessageChannel::SendAndWait] Error: Channel error: cannot send/recv

1538925894519	geckodriver	INFO	geckodriver 0.20.1
1538925894527	geckodriver	INFO	Listening on 127.0.0.1:14964
1538925897552	mozrunner::runner	INFO	Running command: "C:\\Program Files\\Mozilla Firefox\\firefox.exe" "-marionette" "-profile" "C:\\Users\\Wantai\\AppData\\Local\\Temp\\rust_mozprofile.As3uYdSLjyqC"
[GFX1-]: CreateShaderResourceView failed for format87
[GFX1-]: CreateShaderResourceView failed for format87
[GFX1-]: CreateShaderResourceView failed for format87
[GFX1-]: CreateShaderResourceView failed for format87
1538925899564	Marionette	INFO	Listening on port 14975
1538925899652	Marionette	WARN	TLS certificate errors will be ignored for this session
Unable to read VR Path Registry from C:\Users\Wantai\AppData\Local\openvr\openvrpaths.vrpath
[Child 13276, Chrome_ChildThread] WARNING: pipe error: 109: file z:/build/build/src/ipc/chromium/src/chrome/common/ipc_channel_win.cc, line 346
Unable to read VR Path Registry from C:\Users\Wantai\AppData\Local\openvr\openvrpaths.vrpath
[Child 12972, Chrome_ChildThread] WARNING: pipe error: 109: file z:/build/build/src/ipc/chromium/src/chrome/common/ipc_channel_win.cc, line 346
[Child 12972, Chrome_ChildThread] WARNING: pipe error: 109: file z:/build/build/src/ipc/chromium/src/chrome/common/ipc_channel_win.cc, line 346
Unable to read VR Path Registry from C:\Users\Wantai\AppData\Local\openvr\openvrpaths.vrpath
[Parent 10016, Gecko_IOThread] WARNING: pipe error: 109: file z:/build/build/src/ipc/chromium/src/chrome/common/ipc_channel_win.cc, line 346
Unable to read VR Path Registry from C:\Users\Wantai\AppData\Local\openvr\openvrpaths.vrpath
[Child 3568, Chrome_ChildThread] WARNING: pipe error: 109: file z:/build/build/src/ipc/chromium/src/chrome/common/ipc_channel_win.cc, line 346
[Parent 10016, Gecko_IOThread] WARNING: file z:/build/build/src/ipc/chromium/src/base/process_util_win.cc, line 188
*** UTM:SVC TimerManager:registerTimer called after profile-before-change notification. Ignoring timer registration for id: telemetry_modules_ping
Unable to read VR Path Registry from C:\Users\Wantai\AppData\Local\openvr\openvrpaths.vrpath
[GPU 6180, Chrome_ChildThread] WARNING: pipe error: 109: file z:/build/build/src/ipc/chromium/src/chrome/common/ipc_channel_win.cc, line 346
1538925917545	geckodriver	INFO	geckodriver 0.20.1
1538925917554	geckodriver	INFO	Listening on 127.0.0.1:1196
1538925920593	mozrunner::runner	INFO	Running command: "C:\\Program Files\\Mozilla Firefox\\firefox.exe" "-marionette" "-profile" "C:\\Users\\Wantai\\AppData\\Local\\Temp\\rust_mozprofile.X3tLxzx1XlmS"
[GFX1-]: CreateShaderResourceView failed for format87
[GFX1-]: CreateShaderResourceView failed for format87
[GFX1-]: CreateShaderResourceView failed for format87
[GFX1-]: CreateShaderResourceView failed for format87
1538925922174	Marionette	INFO	Listening on port 1206
1538925922625	Marionette	WARN	TLS certificate errors will be ignored for this session
Unable to read VR Path Registry from C:\Users\Wantai\AppData\Local\openvr\openvrpaths.vrpath
[Child 2600, Chrome_ChildThread] WARNING: pipe error: 109: file z:/build/build/src/ipc/chromium/src/chrome/common/ipc_channel_win.cc, line 346
[Child 2600, Chrome_ChildThread] WARNING: pipe error: 109: file z:/build/build/src/ipc/chromium/src/chrome/common/ipc_channel_win.cc, line 346
Unable to read VR Path Registry from C:\Users\Wantai\AppData\Local\openvr\openvrpaths.vrpath
[Child 11780, Chrome_ChildThread] WARNING: pipe error: 109: file z:/build/build/src/ipc/chromium/src/chrome/common/ipc_channel_win.cc, line 346
[Child 11780, Chrome_ChildThread] WARNING: pipe error: 109: file z:/build/build/src/ipc/chromium/src/chrome/common/ipc_channel_win.cc, line 346
Unable to read VR Path Registry from C:\Users\Wantai\AppData\Local\openvr\openvrpaths.vrpath
[Child 13324, Chrome_ChildThread] WARNING: pipe error: 109: file z:/build/build/src/ipc/chromium/src/chrome/common/ipc_channel_win.cc, line 346
Unable to read VR Path Registry from C:\Users\Wantai\AppData\Local\openvr\openvrpaths.vrpath
[Parent 14780, Gecko_IOThread] WARNING: file z:/build/build/src/ipc/chromium/src/base/process_util_win.cc, line 188
*** UTM:SVC TimerManager:registerTimer called after profile-before-change notification. Ignoring timer registration for id: telemetry_modules_ping
Unable to read VR Path Registry from C:\Users\Wantai\AppData\Local\openvr\openvrpaths.vrpath
[GPU 6416, Chrome_ChildThread] WARNING: pipe error: 109: file z:/build/build/src/ipc/chromium/src/chrome/common/ipc_channel_win.cc, line 346
1538926249828	geckodriver	INFO	geckodriver 0.20.1
1538926249837	geckodriver	INFO	Listening on 127.0.0.1:1693
1538926252864	mozrunner::runner	INFO	Running command: "C:\\Program Files\\Mozilla Firefox\\firefox.exe" "-marionette" "-profile" "C:\\Users\\Wantai\\AppData\\Local\\Temp\\rust_mozprofile.TMRZ5cqN1gNf"
[GFX1-]: CreateShaderResourceView failed for format87
[GFX1-]: CreateShaderResourceView failed for format87
[GFX1-]: CreateShaderResourceView failed for format87
[GFX1-]: CreateShaderResourceView failed for format87
1538926254504	Marionette	INFO	Listening on port 1704
1538926254935	Marionette	WARN	TLS certificate errors will be ignored for this session
Unable to read VR Path Registry from C:\Users\Wantai\AppData\Local\openvr\openvrpaths.vrpath
[Child 16328, Chrome_ChildThread] WARNING: pipe error: 109: file z:/build/build/src/ipc/chromium/src/chrome/common/ipc_channel_win.cc, line 346
Unable to read VR Path Registry from C:\Users\Wantai\AppData\Local\openvr\openvrpaths.vrpath
[Child 12492, Chrome_ChildThread] WARNING: pipe error: 109: file z:/build/build/src/ipc/chromium/src/chrome/common/ipc_channel_win.cc, line 346
Unable to read VR Path Registry from C:\Users\Wantai\AppData\Local\openvr\openvrpaths.vrpath
[Parent 11472, Gecko_IOThread] WARNING: pipe error: 109: file z:/build/build/src/ipc/chromium/src/chrome/common/ipc_channel_win.cc, line 346
*** UTM:SVC TimerManager:registerTimer called after profile-before-change notification. Ignoring timer registration for id: telemetry_modules_ping
Unable to read VR Path Registry from C:\Users\Wantai\AppData\Local\openvr\openvrpaths.vrpath
[GPU 11676, Chrome_ChildThread] WARNING: pipe error: 109: file z:/build/build/src/ipc/chromium/src/chrome/common/ipc_channel_win.cc, line 346

###!!! [Child][MessageChannel::SendAndWait] Error: Channel error: cannot send/recv

1538926271419	geckodriver	INFO	geckodriver 0.20.1
1538926271428	geckodriver	INFO	Listening on 127.0.0.1:1827
1538926274456	mozrunner::runner	INFO	Running command: "C:\\Program Files\\Mozilla Firefox\\firefox.exe" "-marionette" "-profile" "C:\\Users\\Wantai\\AppData\\Local\\Temp\\rust_mozprofile.vH6RrnuouwJz"
[GFX1-]: CreateShaderResourceView failed for format87
[GFX1-]: CreateShaderResourceView failed for format87
[GFX1-]: CreateShaderResourceView failed for format87
[GFX1-]: CreateShaderResourceView failed for format87
1538926276154	Marionette	INFO	Listening on port 1838
1538926276499	Marionette	WARN	TLS certificate errors will be ignored for this session
Unable to read VR Path Registry from C:\Users\Wantai\AppData\Local\openvr\openvrpaths.vrpath
[Child 11688, Chrome_ChildThread] WARNING: pipe error: 109: file z:/build/build/src/ipc/chromium/src/chrome/common/ipc_channel_win.cc, line 346
Unable to read VR Path Registry from C:\Users\Wantai\AppData\Local\openvr\openvrpaths.vrpath
[Child 4856, Chrome_ChildThread] WARNING: pipe error: 109: file z:/build/build/src/ipc/chromium/src/chrome/common/ipc_channel_win.cc, line 346
[Child 4856, Chrome_ChildThread] WARNING: pipe error: 109: file z:/build/build/src/ipc/chromium/src/chrome/common/ipc_channel_win.cc, line 346
Unable to read VR Path Registry from C:\Users\Wantai\AppData\Local\openvr\openvrpaths.vrpath
[Parent 10400, Gecko_IOThread] WARNING: pipe error: 109: file z:/build/build/src/ipc/chromium/src/chrome/common/ipc_channel_win.cc, line 346
Unable to read VR Path Registry from C:\Users\Wantai\AppData\Local\openvr\openvrpaths.vrpath
[Child 8344, Chrome_ChildThread] WARNING: pipe error: 109: file z:/build/build/src/ipc/chromium/src/chrome/common/ipc_channel_win.cc, line 346
[Child 8344, Chrome_ChildThread] WARNING: pipe error: 109: file z:/build/build/src/ipc/chromium/src/chrome/common/ipc_channel_win.cc, line 346
*** UTM:SVC TimerManager:registerTimer called after profile-before-change notification. Ignoring timer registration for id: telemetry_modules_ping
Unable to read VR Path Registry from C:\Users\Wantai\AppData\Local\openvr\openvrpaths.vrpath
[GPU 10312, Chrome_ChildThread] WARNING: pipe error: 109: file z:/build/build/src/ipc/chromium/src/chrome/common/ipc_channel_win.cc, line 346

###!!! [Child][MessageChannel::SendAndWait] Error: Channel error: cannot send/recv

1538926432087	geckodriver	INFO	geckodriver 0.20.1
1538926432096	geckodriver	INFO	Listening on 127.0.0.1:2142
1538926435098	mozrunner::runner	INFO	Running command: "C:\\Program Files\\Mozilla Firefox\\firefox.exe" "-marionette" "-profile" "C:\\Users\\Wantai\\AppData\\Local\\Temp\\rust_mozprofile.wMY0calKv7jM"
[GFX1-]: CreateShaderResourceView failed for format87
[GFX1-]: CreateShaderResourceView failed for format87
[GFX1-]: CreateShaderResourceView failed for format87
[GFX1-]: CreateShaderResourceView failed for format87
1538926436687	Marionette	INFO	Listening on port 2153
1538926437179	Marionette	WARN	TLS certificate errors will be ignored for this session
Unable to read VR Path Registry from C:\Users\Wantai\AppData\Local\openvr\openvrpaths.vrpath
[Child 8812, Chrome_ChildThread] WARNING: pipe error: 109: file z:/build/build/src/ipc/chromium/src/chrome/common/ipc_channel_win.cc, line 346
[Child 8812, Chrome_ChildThread] WARNING: pipe error: 109: file z:/build/build/src/ipc/chromium/src/chrome/common/ipc_channel_win.cc, line 346
Unable to read VR Path Registry from C:\Users\Wantai\AppData\Local\openvr\openvrpaths.vrpath
[Child 11464, Chrome_ChildThread] WARNING: pipe error: 109: file z:/build/build/src/ipc/chromium/src/chrome/common/ipc_channel_win.cc, line 346
[Child 11464, Chrome_ChildThread] WARNING: pipe error: 109: file z:/build/build/src/ipc/chromium/src/chrome/common/ipc_channel_win.cc, line 346
Unable to read VR Path Registry from C:\Users\Wantai\AppData\Local\openvr\openvrpaths.vrpath
[Child 13544, Chrome_ChildThread] WARNING: pipe error: 109: file z:/build/build/src/ipc/chromium/src/chrome/common/ipc_channel_win.cc, line 346
[Child 13544, Chrome_ChildThread] WARNING: pipe error: 109: file z:/build/build/src/ipc/chromium/src/chrome/common/ipc_channel_win.cc, line 346
Unable to read VR Path Registry from C:\Users\Wantai\AppData\Local\openvr\openvrpaths.vrpath
[Parent 10848, Gecko_IOThread] WARNING: file z:/build/build/src/ipc/chromium/src/base/process_util_win.cc, line 188
Unable to read VR Path Registry from C:\Users\Wantai\AppData\Local\openvr\openvrpaths.vrpath
[GPU 12740, Chrome_ChildThread] WARNING: pipe error: 109: file z:/build/build/src/ipc/chromium/src/chrome/common/ipc_channel_win.cc, line 346

###!!! [Child][MessageChannel::SendAndWait] Error: Channel error: cannot send/recv

rs\Wantai\AppData\Local\openvr\openvrpaths.vrpath
[GPU 7472, Chrome_ChildThread] WARNING: pipe error: 109: file z:/build/build/src/ipc/chromium/src/chrome/common/ipc_channel_win.cc, line 346

###!!! [Child][MessageChannel::SendAndWait] Error: Channel error: cannot send/recv

read VR Path Registry from C:\Users\Wantai\AppData\Local\openvr\openvrpaths.vrpath
[Child 10108, Chrome_ChildThread] WARNING: pipe error: 109: file z:/build/build/src/ipc/chromium/src/chrome/common/ipc_channel_win.cc, line 346
Unable to read VR Path Registry from C:\Users\Wantai\AppData\Local\openvr\openvrpaths.vrpath
[Child 6192, Chrome_ChildThread] WARNING: pipe error: 109: file z:/build/build/src/ipc/chromium/src/chrome/common/ipc_channel_win.cc, line 346
[Parent 4684, Gecko_IOThread] WARNING: file z:/build/build/src/ipc/chromium/src/base/process_util_win.cc, line 188
1538928190745	geckodriver	INFO	geckodriver 0.20.1
1538928190753	geckodriver	INFO	Listening on 127.0.0.1:6156
1538928193785	mozrunner::runner	INFO	Running command: "C:\\Program Files\\Mozilla Firefox\\firefox.exe" "-marionette" "-profile" "C:\\Users\\Wantai\\AppData\\Local\\Temp\\rust_mozprofile.GCMu4w8mo5PS"
[GFX1-]: CreateShaderResourceView failed for format87
[GFX1-]: CreateShaderResourceView failed for format87
[GFX1-]: CreateShaderResourceView failed for format87
[GFX1-]: CreateShaderResourceView failed for format87
1538928195484	Marionette	INFO	Listening on port 6170
1538928195917	Marionette	WARN	TLS certificate errors will be ignored for this session
Unable to read VR Path Registry from C:\Users\Wantai\AppData\Local\openvr\openvrpaths.vrpath
[Child 6488, Chrome_ChildThread] WARNING: pipe error: 109: file z:/build/build/src/ipc/chromium/src/chrome/common/ipc_channel_win.cc, line 346
[Child 6488, Chrome_ChildThread] WARNING: pipe error: 109: file z:/build/build/src/ipc/chromium/src/chrome/common/ipc_channel_win.cc, line 346
Unable to read VR Path Registry from C:\Users\Wantai\AppData\Local\openvr\openvrpaths.vrpath
[Child 12100, Chrome_ChildThread] WARNING: pipe error: 109: file z:/build/build/src/ipc/chromium/src/chrome/common/ipc_channel_win.cc, line 346
[Child 12100, Chrome_ChildThread] WARNING: pipe error: 109: file z:/build/build/src/ipc/chromium/src/chrome/common/ipc_channel_win.cc, line 346
Unable to read VR Path Registry from C:\Users\Wantai\AppData\Local\openvr\openvrpaths.vrpath
[Parent 8648, Gecko_IOThread] WARNING: pipe error: 109: file z:/build/build/src/ipc/chromium/src/chrome/common/ipc_channel_win.cc, line 346
Unable to read VR Path Registry from C:\Users\Wantai\AppData\Local\openvr\openvrpaths.vrpath
[Child 9520, Chrome_ChildThread] WARNING: pipe error: 109: file z:/build/build/src/ipc/chromium/src/chrome/common/ipc_channel_win.cc, line 346
*** UTM:SVC TimerManager:registerTimer called after profile-before-change notification. Ignoring timer registration for id: telemetry_modules_ping
[Parent 8648, Gecko_IOThread] WARNING: pipe error: 232: file z:/build/build/src/ipc/chromium/src/chrome/common/ipc_channel_win.cc, line 513

###!!! [Child][MessageChannel::SendAndWait] Error: Channel error: cannot send/recv

1538928222384	geckodriver	INFO	geckodriver 0.20.1
1538928222392	geckodriver	INFO	Listening on 127.0.0.1:6256
1538928225433	mozrunner::runner	INFO	Running command: "C:\\Program Files\\Mozilla Firefox\\firefox.exe" "-marionette" "-profile" "C:\\Users\\Wantai\\AppData\\Local\\Temp\\rust_mozprofile.YxbFpekbWTZW"
[GFX1-]: CreateShaderResourceView failed for format87
[GFX1-]: CreateShaderResourceView failed for format87
[GFX1-]: CreateShaderResourceView failed for format87
[GFX1-]: CreateShaderResourceView failed for format87
1538928227143	Marionette	INFO	Listening on port 6269
1538928227479	Marionette	WARN	TLS certificate errors will be ignored for this session
Unable to read VR Path Registry from C:\Users\Wantai\AppData\Local\openvr\openvrpaths.vrpath
[Child 13096, Chrome_ChildThread] WARNING: pipe error: 109: file z:/build/build/src/ipc/chromium/src/chrome/common/ipc_channel_win.cc, line 346
Unable to read VR Path Registry from C:\Users\Wantai\AppData\Local\openvr\openvrpaths.vrpath
[Child 12564, Chrome_ChildThread] WARNING: pipe error: 109: file z:/build/build/src/ipc/chromium/src/chrome/common/ipc_channel_win.cc, line 346
[Child 12564, Chrome_ChildThread] WARNING: pipe error: 109: file z:/build/build/src/ipc/chromium/src/chrome/common/ipc_channel_win.cc, line 346
Unable to read VR Path Registry from C:\Users\Wantai\AppData\Local\openvr\openvrpaths.vrpath
[Parent 13444, Gecko_IOThread] WARNING: file z:/build/build/src/ipc/chromium/src/base/process_util_win.cc, line 188
[Parent 13444, Gecko_IOThread] WARNING: file z:/build/build/src/ipc/chromium/src/base/process_util_win.cc, line 188
*** UTM:SVC TimerManager:registerTimer called after profile-before-change notification. Ignoring timer registration for id: telemetry_modules_ping
Unable to read VR Path Registry from C:\Users\Wantai\AppData\Local\openvr\openvrpaths.vrpath
[GPU 8664, Chrome_ChildThread] WARNING: pipe error: 109: file z:/build/build/src/ipc/chromium/src/chrome/common/ipc_channel_win.cc, line 346

###!!! [Child][MessageChannel::SendAndWait] Error: Channel error: cannot send/recv

1538928253417	geckodriver	INFO	geckodriver 0.20.1
1538928253425	geckodriver	INFO	Listening on 127.0.0.1:6388
1538928256413	mozrunner::runner	INFO	Running command: "C:\\Program Files\\Mozilla Firefox\\firefox.exe" "-marionette" "-profile" "C:\\Users\\Wantai\\AppData\\Local\\Temp\\rust_mozprofile.Vm9w7X3UbO48"
[GFX1-]: CreateShaderResourceView failed for format87
[GFX1-]: CreateShaderResourceView failed for format87
[GFX1-]: CreateShaderResourceView failed for format87
[GFX1-]: CreateShaderResourceView failed for format87
1538928258214	Marionette	INFO	Listening on port 6402
1538928258501	Marionette	WARN	TLS certificate errors will be ignored for this session
Unable to read VR Path Registry from C:\Users\Wantai\AppData\Local\openvr\openvrpaths.vrpath
[Child 3384, Chrome_ChildThread] WARNING: pipe error: 109: file z:/build/build/src/ipc/chromium/src/chrome/common/ipc_channel_win.cc, line 346
[Child 3384, Chrome_ChildThread] WARNING: pipe error: 109: file z:/build/build/src/ipc/chromium/src/chrome/common/ipc_channel_win.cc, line 346
Unable to read VR Path Registry from C:\Users\Wantai\AppData\Local\openvr\openvrpaths.vrpath
[Child 6752, Chrome_ChildThread] WARNING: pipe error: 109: file z:/build/build/src/ipc/chromium/src/chrome/common/ipc_channel_win.cc, line 346
[Child 6752, Chrome_ChildThread] WARNING: pipe error: 109: file z:/build/build/src/ipc/chromium/src/chrome/common/ipc_channel_win.cc, line 346
*** UTM:SVC TimerManager:registerTimer called after profile-before-change notification. Ignoring timer registration for id: telemetry_modules_ping
Unable to read VR Path Registry from C:\Users\Wantai\AppData\Local\openvr\openvrpaths.vrpath
[GPU 9800, Chrome_ChildThread] WARNING: pipe error: 109: file z:/build/build/src/ipc/chromium/src/chrome/common/ipc_channel_win.cc, line 346

###!!! [Child][MessageChannel::SendAndWait] Error: Channel error: cannot send/recv

Unable to read VR Path Registry from C:\Users\Wantai\AppData\Local\openvr\openvrpaths.vrpath
1538928287359	geckodriver	INFO	geckodriver 0.20.1
1538928287368	geckodriver	INFO	Listening on 127.0.0.1:6536
1538928290418	mozrunner::runner	INFO	Running command: "C:\\Program Files\\Mozilla Firefox\\firefox.exe" "-marionette" "-profile" "C:\\Users\\Wantai\\AppData\\Local\\Temp\\rust_mozprofile.YqoECAx0NuI7"
[GFX1-]: CreateShaderResourceView failed for format87
[GFX1-]: CreateShaderResourceView failed for format87
[GFX1-]: CreateShaderResourceView failed for format87
[GFX1-]: CreateShaderResourceView failed for format87
1538928292305	Marionette	INFO	Listening on port 6549
1538928292424	Marionette	WARN	TLS certificate errors will be ignored for this session
Unable to read VR Path Registry from C:\Users\Wantai\AppData\Local\openvr\openvrpaths.vrpath
[Child 14576, Chrome_ChildThread] WARNING: pipe error: 109: file z:/build/build/src/ipc/chromium/src/chrome/common/ipc_channel_win.cc, line 346
[Child 14576, Chrome_ChildThread] WARNING: pipe error: 109: file z:/build/build/src/ipc/chromium/src/chrome/common/ipc_channel_win.cc, line 346
Unable to read VR Path Registry from C:\Users\Wantai\AppData\Local\openvr\openvrpaths.vrpath
[Child 3568, Chrome_ChildThread] WARNING: pipe error: 109: file z:/build/build/src/ipc/chromium/src/chrome/common/ipc_channel_win.cc, line 346
[Child 3568, Chrome_ChildThread] WARNING: pipe error: 109: file z:/build/build/src/ipc/chromium/src/chrome/common/ipc_channel_win.cc, line 346
Unable to read VR Path Registry from C:\Users\Wantai\AppData\Local\openvr\openvrpaths.vrpath
[Child 10636, Chrome_ChildThread] WARNING: pipe error: 109: file z:/build/build/src/ipc/chromium/src/chrome/common/ipc_channel_win.cc, line 346
[Child 10636, Chrome_ChildThread] WARNING: pipe error: 109: file z:/build/build/src/ipc/chromium/src/chrome/common/ipc_channel_win.cc, line 346
*** UTM:SVC TimerManager:registerTimer called after profile-before-change notification. Ignoring timer registration for id: telemetry_modules_ping
Unable to read VR Path Registry from C:\Users\Wantai\AppData\Local\openvr\openvrpaths.vrpath
[GPU 16036, Chrome_ChildThread] WARNING: pipe error: 109: file z:/build/build/src/ipc/chromium/src/chrome/common/ipc_channel_win.cc, line 346
Unable to read VR Path Registry from C:\Users\Wantai\AppData\Local\openvr\openvrpaths.vrpath
1538928324888	geckodriver	INFO	geckodriver 0.20.1
1538928324897	geckodriver	INFO	Listening on 127.0.0.1:6689
1538928327887	mozrunner::runner	INFO	Running command: "C:\\Program Files\\Mozilla Firefox\\firefox.exe" "-marionette" "-profile" "C:\\Users\\Wantai\\AppData\\Local\\Temp\\rust_mozprofile.080QFqEy3fhX"
[GFX1-]: CreateShaderResourceView failed for format87
[GFX1-]: CreateShaderResourceView failed for format87
[GFX1-]: CreateShaderResourceView failed for format87
[GFX1-]: CreateShaderResourceView failed for format87
1538928329542	Marionette	INFO	Listening on port 6703
1538928329911	Marionette	WARN	TLS certificate errors will be ignored for this session
Unable to read VR Path Registry from C:\Users\Wantai\AppData\Local\openvr\openvrpaths.vrpath
[Parent 7228, Gecko_IOThread] WARNING: pipe error: 109: file z:/build/build/src/ipc/chromium/src/chrome/common/ipc_channel_win.cc, line 346
Unable to read VR Path Registry from C:\Users\Wantai\AppData\Local\openvr\openvrpaths.vrpath
[Child 12928, Chrome_ChildThread] WARNING: pipe error: 109: file z:/build/build/src/ipc/chromium/src/chrome/common/ipc_channel_win.cc, line 346
Unable to read VR Path Registry from C:\Users\Wantai\AppData\Local\openvr\openvrpaths.vrpath
[Child 15620, Chrome_ChildThread] WARNING: pipe error: 109: file z:/build/build/src/ipc/chromium/src/chrome/common/ipc_channel_win.cc, line 346
[Child 15620, Chrome_ChildThread] WARNING: pipe error: 109: file z:/build/build/src/ipc/chromium/src/chrome/common/ipc_channel_win.cc, line 346
[Child 12928, Chrome_ChildThread] WARNING: pipe error: 109: file z:/build/build/src/ipc/chromium/src/chrome/common/ipc_channel_win.cc, line 346
[Parent 7228, Gecko_IOThread] WARNING: pipe error: 109: file z:/build/build/src/ipc/chromium/src/chrome/common/ipc_channel_win.cc, line 346
Unable to read VR Path Registry from C:\Users\Wantai\AppData\Local\openvr\openvrpaths.vrpath
[Child 11132, Chrome_ChildThread] WARNING: pipe error: 109: file z:/build/build/src/ipc/chromium/src/chrome/common/ipc_channel_win.cc, line 346
*** UTM:SVC TimerManager:registerTimer called after profile-before-change notification. Ignoring timer registration for id: telemetry_modules_ping
Unable to read VR Path Registry from C:\Users\Wantai\AppData\Local\openvr\openvrpaths.vrpath
[GPU 9592, Chrome_ChildThread] WARNING: pipe error: 109: file z:/build/build/src/ipc/chromium/src/chrome/common/ipc_channel_win.cc, line 346

###!!! [Child][MessageChannel::SendAndWait] Error: Channel error: cannot send/recv

1538928350773	geckodriver	INFO	geckodriver 0.20.1
1538928350781	geckodriver	INFO	Listening on 127.0.0.1:6833
1538928353789	mozrunner::runner	INFO	Running command: "C:\\Program Files\\Mozilla Firefox\\firefox.exe" "-marionette" "-profile" "C:\\Users\\Wantai\\AppData\\Local\\Temp\\rust_mozprofile.2Tu5MB9Iubza"
[GFX1-]: CreateShaderResourceView failed for format87
[GFX1-]: CreateShaderResourceView failed for format87
[GFX1-]: CreateShaderResourceView failed for format87
[GFX1-]: CreateShaderResourceView failed for format87
1538928355440	Marionette	INFO	Listening on port 6846
1538928355848	Marionette	WARN	TLS certificate errors will be ignored for this session
Unable to read VR Path Registry from C:\Users\Wantai\AppData\Local\openvr\openvrpaths.vrpath
[Child 4612, Chrome_ChildThread] WARNING: pipe error: 109: file z:/build/build/src/ipc/chromium/src/chrome/common/ipc_channel_win.cc, line 346
[Child 4612, Chrome_ChildThread] WARNING: pipe error: 109: file z:/build/build/src/ipc/chromium/src/chrome/common/ipc_channel_win.cc, line 346
Unable to read VR Path Registry from C:\Users\Wantai\AppData\Local\openvr\openvrpaths.vrpath
[Child 13088, Chrome_ChildThread] WARNING: pipe error: 109: file z:/build/build/src/ipc/chromium/src/chrome/common/ipc_channel_win.cc, line 346
[Child 13088, Chrome_ChildThread] WARNING: pipe error: 109: file z:/build/build/src/ipc/chromium/src/chrome/common/ipc_channel_win.cc, line 346
Unable to read VR Path Registry from C:\Users\Wantai\AppData\Local\openvr\openvrpaths.vrpath
[Parent 13512, Gecko_IOThread] WARNING: pipe error: 109: file z:/build/build/src/ipc/chromium/src/chrome/common/ipc_channel_win.cc, line 346
[Parent 13512, Gecko_IOThread] WARNING: file z:/build/build/src/ipc/chromium/src/base/process_util_win.cc, line 188
*** UTM:SVC TimerManager:registerTimer called after profile-before-change notification. Ignoring timer registration for id: telemetry_modules_ping
Unable to read VR Path Registry from C:\Users\Wantai\AppData\Local\openvr\openvrpaths.vrpath
[GPU 5208, Chrome_ChildThread] WARNING: pipe error: 109: file z:/build/build/src/ipc/chromium/src/chrome/common/ipc_channel_win.cc, line 346

###!!! [Child][MessageChannel::SendAndWait] Error: (msgtype=0x4B0004,name=PImageBridge::Msg_WillClose) Channel error: cannot send/recv

1538928388779	geckodriver	INFO	geckodriver 0.20.1
1538928388788	geckodriver	INFO	Listening on 127.0.0.1:7001
1538928391808	mozrunner::runner	INFO	Running command: "C:\\Program Files\\Mozilla Firefox\\firefox.exe" "-marionette" "-profile" "C:\\Users\\Wantai\\AppData\\Local\\Temp\\rust_mozprofile.Pdomn4zzbzvW"
[GFX1-]: CreateShaderResourceView failed for format87
[GFX1-]: CreateShaderResourceView failed for format87
[GFX1-]: CreateShaderResourceView failed for format87
[GFX1-]: CreateShaderResourceView failed for format87
1538928393608	Marionette	INFO	Listening on port 7015
1538928393858	Marionette	WARN	TLS certificate errors will be ignored for this session
Unable to read VR Path Registry from C:\Users\Wantai\AppData\Local\openvr\openvrpaths.vrpath
[Child 4680, Chrome_ChildThread] WARNING: pipe error: 109: file z:/build/build/src/ipc/chromium/src/chrome/common/ipc_channel_win.cc, line 346
Unable to read VR Path Registry from C:\Users\Wantai\AppData\Local\openvr\openvrpaths.vrpath
[Child 13484, Chrome_ChildThread] WARNING: pipe error: 109: file z:/build/build/src/ipc/chromium/src/chrome/common/ipc_channel_win.cc, line 346
[Child 13484, Chrome_ChildThread] WARNING: pipe error: 109: file z:/build/build/src/ipc/chromium/src/chrome/common/ipc_channel_win.cc, line 346
Unable to read VR Path Registry from C:\Users\Wantai\AppData\Local\openvr\openvrpaths.vrpath
[Parent 8176, Gecko_IOThread] WARNING: pipe error: 109: file z:/build/build/src/ipc/chromium/src/chrome/common/ipc_channel_win.cc, line 346
Unable to read VR Path Registry from C:\Users\Wantai\AppData\Local\openvr\openvrpaths.vrpath
[Child 10400, Chrome_ChildThread] WARNING: pipe error: 109: file z:/build/build/src/ipc/chromium/src/chrome/common/ipc_channel_win.cc, line 346
[Parent 8176, Gecko_IOThread] WARNING: file z:/build/build/src/ipc/chromium/src/base/process_util_win.cc, line 188
*** UTM:SVC TimerManager:registerTimer called after profile-before-change notification. Ignoring timer registration for id: telemetry_modules_ping
Unable to read VR Path Registry from C:\Users\Wantai\AppData\Local\openvr\openvrpaths.vrpath
[GPU 8084, Chrome_ChildThread] WARNING: pipe error: 109: file z:/build/build/src/ipc/chromium/src/chrome/common/ipc_channel_win.cc, line 346

###!!! [Child][MessageChannel::SendAndWait] Error: Channel error: cannot send/recv

1538928416768	geckodriver	INFO	geckodriver 0.20.1
1538928416777	geckodriver	INFO	Listening on 127.0.0.1:7152
1538928419818	mozrunner::runner	INFO	Running command: "C:\\Program Files\\Mozilla Firefox\\firefox.exe" "-marionette" "-profile" "C:\\Users\\Wantai\\AppData\\Local\\Temp\\rust_mozprofile.ghP5yxN4JVhZ"
[GFX1-]: CreateShaderResourceView failed for format87
[GFX1-]: CreateShaderResourceView failed for format87
[GFX1-]: CreateShaderResourceView failed for format87
[GFX1-]: CreateShaderResourceView failed for format87
1538928421565	Marionette	INFO	Listening on port 7165
1538928421847	Marionette	WARN	TLS certificate errors will be ignored for this session
Unable to read VR Path Registry from C:\Users\Wantai\AppData\Local\openvr\openvrpaths.vrpath
[Child 13500, Chrome_ChildThread] WARNING: pipe error: 109: file z:/build/build/src/ipc/chromium/src/chrome/common/ipc_channel_win.cc, line 346
[Child 13500, Chrome_ChildThread] WARNING: pipe error: 109: file z:/build/build/src/ipc/chromium/src/chrome/common/ipc_channel_win.cc, line 346
Unable to read VR Path Registry from C:\Users\Wantai\AppData\Local\openvr\openvrpaths.vrpath
[Child 9408, Chrome_ChildThread] WARNING: pipe error: 109: file z:/build/build/src/ipc/chromium/src/chrome/common/ipc_channel_win.cc, line 346
[Child 9408, Chrome_ChildThread] WARNING: pipe error: 109: file z:/build/build/src/ipc/chromium/src/chrome/common/ipc_channel_win.cc, line 346
Unable to read VR Path Registry from C:\Users\Wantai\AppData\Local\openvr\openvrpaths.vrpath
[Parent 12800, Gecko_IOThread] WARNING: pipe error: 109: file z:/build/build/src/ipc/chromium/src/chrome/common/ipc_channel_win.cc, line 346
[Parent 12800, Gecko_IOThread] WARNING: file z:/build/build/src/ipc/chromium/src/base/process_util_win.cc, line 188
*** UTM:SVC TimerManager:registerTimer called after profile-before-change notification. Ignoring timer registration for id: telemetry_modules_ping
Unable to read VR Path Registry from C:\Users\Wantai\AppData\Local\openvr\openvrpaths.vrpath
[GPU 6108, Chrome_ChildThread] WARNING: pipe error: 109: file z:/build/build/src/ipc/chromium/src/chrome/common/ipc_channel_win.cc, line 346
1538928638059	geckodriver	INFO	geckodriver 0.20.1
1538928638068	geckodriver	INFO	Listening on 127.0.0.1:7937
1538928641089	mozrunner::runner	INFO	Running command: "C:\\Program Files\\Mozilla Firefox\\firefox.exe" "-marionette" "-profile" "C:\\Users\\Wantai\\AppData\\Local\\Temp\\rust_mozprofile.jOYSgFoWcjQj"
[GFX1-]: CreateShaderResourceView failed for format87
[GFX1-]: CreateShaderResourceView failed for format87
[GFX1-]: CreateShaderResourceView failed for format87
[GFX1-]: CreateShaderResourceView failed for format87
1538928642818	Marionette	INFO	Listening on port 7950
1538928643159	Marionette	WARN	TLS certificate errors will be ignored for this session
Unable to read VR Path Registry from C:\Users\Wantai\AppData\Local\openvr\openvrpaths.vrpath
[Child 9252, Chrome_ChildThread] WARNING: pipe error: 109: file z:/build/build/src/ipc/chromium/src/chrome/common/ipc_channel_win.cc, line 346
[Child 9252, Chrome_ChildThread] WARNING: pipe error: 109: file z:/build/build/src/ipc/chromium/src/chrome/common/ipc_channel_win.cc, line 346
Unable to read VR Path Registry from C:\Users\Wantai\AppData\Local\openvr\openvrpaths.vrpath
[Child 10356, Chrome_ChildThread] WARNING: pipe error: 109: file z:/build/build/src/ipc/chromium/src/chrome/common/ipc_channel_win.cc, line 346
[Child 10356, Chrome_ChildThread] WARNING: pipe error: 109: file z:/build/build/src/ipc/chromium/src/chrome/common/ipc_channel_win.cc, line 346
Unable to read VR Path Registry from C:\Users\Wantai\AppData\Local\openvr\openvrpaths.vrpath
[Parent 11852, Gecko_IOThread] WARNING: pipe error: 109: file z:/build/build/src/ipc/chromium/src/chrome/common/ipc_channel_win.cc, line 346
Unable to read VR Path Registry from C:\Users\Wantai\AppData\Local\openvr\openvrpaths.vrpath
[Child 8472, Chrome_ChildThread] WARNING: pipe error: 109: file z:/build/build/src/ipc/chromium/src/chrome/common/ipc_channel_win.cc, line 346
[Parent 11852, Gecko_IOThread] WARNING: file z:/build/build/src/ipc/chromium/src/base/process_util_win.cc, line 188
*** UTM:SVC TimerManager:registerTimer called after profile-before-change notification. Ignoring timer registration for id: telemetry_modules_ping
Unable to read VR Path Registry from C:\Users\Wantai\AppData\Local\openvr\openvrpaths.vrpath
[GPU 13856, Chrome_ChildThread] WARNING: pipe error: 109: file z:/build/build/src/ipc/chromium/src/chrome/common/ipc_channel_win.cc, line 346

###!!! [Child][MessageChannel::SendAndWait] Error: Channel error: cannot send/recv

1538928791645	geckodriver	INFO	geckodriver 0.20.1
1538928791654	geckodriver	INFO	Listening on 127.0.0.1:8340
1538928794674	mozrunner::runner	INFO	Running command: "C:\\Program Files\\Mozilla Firefox\\firefox.exe" "-marionette" "-profile" "C:\\Users\\Wantai\\AppData\\Local\\Temp\\rust_mozprofile.gXqGlDd2p3Zw"
[GFX1-]: CreateShaderResourceView failed for format87
[GFX1-]: CreateShaderResourceView failed for format87
[GFX1-]: CreateShaderResourceView failed for format87
[GFX1-]: CreateShaderResourceView failed for format87
1538928796418	Marionette	INFO	Listening on port 8355
1538928796715	Marionette	WARN	TLS certificate errors will be ignored for this session
Unable to read VR Path Registry from C:\Users\Wantai\AppData\Local\openvr\openvrpaths.vrpath
[Child 12336, Chrome_ChildThread] WARNING: pipe error: 109: file z:/build/build/src/ipc/chromium/src/chrome/common/ipc_channel_win.cc, line 346
[Child 12336, Chrome_ChildThread] WARNING: pipe error: 109: file z:/build/build/src/ipc/chromium/src/chrome/common/ipc_channel_win.cc, line 346
Unable to read VR Path Registry from C:\Users\Wantai\AppData\Local\openvr\openvrpaths.vrpath
[Parent 11428, Gecko_IOThread] WARNING: file z:/build/build/src/ipc/chromium/src/base/process_util_win.cc, line 188
Unable to read VR Path Registry from C:\Users\Wantai\AppData\Local\openvr\opUnable to read VR Path Registry from C:\Users\Wantai\AppData\Local\openvr\openvrpaths.vrpath
[Parent 10996, Gecko_IOThread] WARNING: pipe error: 109: file z:/build/build/src/ipc/chromium/src/chrome/common/ipc_channel_win.cc, line 346
[Parent 10996, Gecko_IOThread] WARNING: pipe error: 109: file z:/build/build/src/ipc/chromium/src/chrome/common/ipc_channel_win.cc, line 346
Unable to read VR Path Registry from C:\Users\Wantai\AppData\Local\openvr\openvrpaths.vrpath
[Child 1568, Chrome_ChildThread] WARNING: pipe error: 109: file z:/build/build/src/ipc/chromium/src/chrome/common/ipc_channel_win.cc, line 346
Unable to read VR Path Registry from C:\Users\Wantai\AppData\Local\openvr\openvrpaths.vrpath
[Child 4344, Chrome_ChildThread] WARNING: pipe error: 109: file z:/build/build/src/ipc/chromium/src/chrome/common/ipc_channel_win.cc, line 346
[Child 4344, Chrome_ChildThread] WARNING: pipe error: 109: file z:/build/build/src/ipc/chromium/src/chrome/common/ipc_channel_win.cc, line 346
[Parent 10996, Gecko_IOThread] WARNING: pipe error: 109: file z:/build/build/src/ipc/chromium/src/chrome/common/ipc_channel_win.cc, line 346
Unable to read VR Path Registry from C:\Users\Wantai\AppData\Local\openvr\openvrpaths.vrpath
[Child 4840, Chrome_ChildThread] WARNING: pipe error: 109: file z:/build/build/src/ipc/chromium/src/chrome/common/ipc_channel_win.cc, line 346
*** UTM:SVC TimerManager:registerTimer called after profile-before-change notification. Ignoring timer registration for id: telemetry_modules_ping
Unable to read VR Path Registry from C:\Users\Wantai\AppData\Local\openvr\openvrpaths.vrpath
[GPU 12612, Chrome_ChildThread] WARNING: pipe error: 109: file z:/build/build/src/ipc/chromium/src/chrome/common/ipc_channel_win.cc, line 346

###!!! [Child][MessageChannel::SendAndWait] Error: (msgtype=0x4B0004,name=PImageBridge::Msg_WillClose) Channel error: cannot send/recv

1538928909595	geckodriver	INFO	geckodriver 0.20.1
1538928909606	geckodriver	INFO	Listening on 127.0.0.1:8761
1538928912595	mozrunner::runner	INFO	Running command: "C:\\Program Files\\Mozilla Firefox\\firefox.exe" "-marionette" "-profile" "C:\\Users\\Wantai\\AppData\\Local\\Temp\\rust_mozprofile.lqwPQgKfk1YG"
[GFX1-]: CreateShaderResourceView failed for format87
[GFX1-]: CreateShaderResourceView failed for format87
[GFX1-]: CreateShaderResourceView failed for format87
[GFX1-]: CreateShaderResourceView failed for format87
1538928914291	Marionette	INFO	Listening on port 8775
1538928914653	Marionette	WARN	TLS certificate errors will be ignored for this session
Unable to read VR Path Registry from C:\Users\Wantai\AppData\Local\openvr\openvrpaths.vrpath
[Parent 5848, Gecko_IOThread] WARNING: pipe error: 109: file z:/build/build/src/ipc/chromium/src/chrome/common/ipc_channel_win.cc, line 346
[Parent 5848, Gecko_IOThread] WARNING: pipe error: 109: file z:/build/build/src/ipc/chromium/src/chrome/common/ipc_channel_win.cc, line 346
Unable to read VR Path Registry from C:\Users\Wantai\AppData\Local\openvr\openvrpaths.vrpath
[Child 13988, Chrome_ChildThread] WARNING: pipe error: 109: file z:/build/build/src/ipc/chromium/src/chrome/common/ipc_channel_win.cc, line 346
[Child 13988, Chrome_ChildThread] WARNING: pipe error: 109: file z:/build/build/src/ipc/chromium/src/chrome/common/ipc_channel_win.cc, line 346
[Parent 5848, Gecko_IOThread] WARNING: file z:/build/build/src/ipc/chromium/src/base/process_util_win.cc, line 188
Unable to read VR Path Registry from C:\Users\Wantai\AppData\Local\openvr\openvrpaths.vrpath
[Child 12364, Chrome_ChildThread] WARNING: pipe error: 109: file z:/build/build/src/ipc/chromium/src/chrome/common/ipc_channel_win.cc, line 346
[Child 12364, Chrome_ChildThread] WARNING: pipe error: 109: file z:/build/build/src/ipc/chromium/src/chrome/common/ipc_channel_win.cc, line 346
Unable to read VR Path Registry from C:\Users\Wantai\AppData\Local\openvr\openvrpaths.vrpath
[Child 8228, Chrome_ChildThread] WARNING: pipe error: 109: file z:/build/build/src/ipc/chromium/src/chrome/common/ipc_channel_win.cc, line 346
[Child 8228, Chrome_ChildThread] WARNING: pipe error: 109: file z:/build/build/src/ipc/chromium/src/chrome/common/ipc_channel_win.cc, line 346
*** UTM:SVC TimerManager:registerTimer called after profile-before-change notification. Ignoring timer registration for id: telemetry_modules_ping
Unable to read VR Path Registry from C:\Users\Wantai\AppData\Local\openvr\openvrpaths.vrpath
[GPU 7568, Chrome_ChildThread] WARNING: pipe error: 109: file z:/build/build/src/ipc/chromium/src/chrome/common/ipc_channel_win.cc, line 346

###!!! [Child][MessageChannel::SendAndWait] Error: Channel error: cannot send/recv

1538928931847	geckodriver	INFO	geckodriver 0.20.1
1538928931856	geckodriver	INFO	Listening on 127.0.0.1:8844
1538928934887	mozrunner::runner	INFO	Running command: "C:\\Program Files\\Mozilla Firefox\\firefox.exe" "-marionette" "-profile" "C:\\Users\\Wantai\\AppData\\Local\\Temp\\rust_mozprofile.pwPEKFD4DT4t"
[GFX1-]: CreateShaderResourceView failed for format87
[GFX1-]: CreateShaderResourceView failed for format87
[GFX1-]: CreateShaderResourceView failed for format87
[GFX1-]: CreateShaderResourceView failed for format87
1538928936527	Marionette	INFO	Listening on port 8858
1538928936890	Marionette	WARN	TLS certificate errors will be ignored for this session
Unable to read VR Path Registry from C:\Users\Wantai\AppData\Local\openvr\openvrpaths.vrpath
[Child 7696, Chrome_ChildThread] WARNING: pipe error: 109: file z:/build/build/src/ipc/chromium/src/chrome/common/ipc_channel_win.cc, line 346
[Child 7696, Chrome_ChildThread] WARNING: pipe error: 109: file z:/build/build/src/ipc/chromium/src/chrome/common/ipc_channel_win.cc, line 346
Unable to read VR Path Registry from C:\Users\Wantai\AppData\Local\openvr\openvrpaths.vrpath
[Child 9132, Chrome_ChildThread] WARNING: pipe error: 109: file z:/build/build/src/ipc/chromium/src/chrome/common/ipc_channel_win.cc, line 346
[Child 9132, Chrome_ChildThread] WARNING: pipe error: 109: file z:/build/build/src/ipc/chromium/src/chrome/common/ipc_channel_win.cc, line 346
Unable to read VR Path Registry from C:\Users\Wantai\AppData\Local\openvr\openvrpaths.vrpath
[Parent 13628, Gecko_IOThread] WARNING: pipe error: 109: file z:/build/build/src/ipc/chromium/src/chrome/common/ipc_channel_win.cc, line 346
Unable to read VR Path Registry from C:\Users\Wantai\AppData\Local\openvr\openvrpaths.vrpath
[Child 10648, Chrome_ChildThread] WARNING: pipe error: 109: file z:/build/build/src/ipc/chromium/src/chrome/common/ipc_channel_win.cc, line 346
[Child 10648, Chrome_ChildThread] WARNING: pipe error: 109: file z:/build/build/src/ipc/chromium/src/chrome/common/ipc_channel_win.cc, line 346
[Parent 13628, Gecko_IOThread] WARNING: file z:/build/build/src/ipc/chromium/src/base/process_util_win.cc, line 188
Unable to read VR Path Registry from C:\Users\Wantai\AppData\Local\openvr\openvrpaths.vrpath
[GPU 2552, Chrome_ChildThread] WARNING: pipe error: 109: file z:/build/build/src/ipc/chromium/src/chrome/common/ipc_channel_win.cc, line 346

###!!! [Child][MessageChannel::SendAndWait] Error: Channel error: cannot send/recv

