1539170230542	geckodriver	INFO	geckodriver 0.20.1
1539170230551	geckodriver	INFO	Listening on 127.0.0.1:12761
1539170233543	mozrunner::runner	INFO	Running command: "C:\\Program Files\\Mozilla Firefox\\firefox.exe" "-marionette" "-profile" "C:\\Users\\Wantai\\AppData\\Local\\Temp\\rust_mozprofile.Jd7jX1hyn7ei"
[GFX1-]: CreateShaderResourceView failed for format87
[GFX1-]: CreateShaderResourceView failed for format87
[GFX1-]: CreateShaderResourceView failed for format87
[GFX1-]: CreateShaderResourceView failed for format87
1539170235964	Marionette	INFO	Listening on port 12772
1539170236655	Marionette	WARN	TLS certificate errors will be ignored for this session
Unable to read VR Path Registry from C:\Users\Wantai\AppData\Local\openvr\openvrpaths.vrpath
[Child 8096, Chrome_ChildThread] WARNING: pipe error: 109: file z:/build/build/src/ipc/chromium/src/chrome/common/ipc_channel_win.cc, line 346
Unable to read VR Path Registry from C:\Users\Wantai\AppData\Local\openvr\openvrpaths.vrpath
[Child 9716, Chrome_ChildThread] WARNING: pipe error: 109: file z:/build/build/src/ipc/chromium/src/chrome/common/ipc_channel_win.cc, line 346
[Child 9716, Chrome_ChildThread] WARNING: pipe error: 109: file z:/build/build/src/ipc/chromium/src/chrome/common/ipc_channel_win.cc, line 346
Unable to read VR Path Registry from C:\Users\Wantai\AppData\Local\openvr\openvrpaths.vrpath
[Parent 8112, Gecko_IOThread] WARNING: file z:/build/build/src/ipc/chromium/src/base/process_util_win.cc, line 188
Unable to read VR Path Registry from C:\Users\Wantai\AppData\Local\openvr\openvrpaths.vrpath
[GPU 10528, Chrome_ChildThread] WARNING: pipe error: 109: file z:/build/build/src/ipc/chromium/src/chrome/common/ipc_channel_win.cc, line 346
1539170435905	geckodriver	INFO	geckodriver 0.20.1
1539170435913	geckodriver	INFO	Listening on 127.0.0.1:13155
1539170438955	mozrunner::runner	INFO	Running command: "C:\\Program Files\\Mozilla Firefox\\firefox.exe" "-marionette" "-profile" "C:\\Users\\Wantai\\AppData\\Local\\Temp\\rust_mozprofile.LeZIauQTbsbE"
[GFX1-]: CreateShaderResourceView failed for format87
[GFX1-]: CreateShaderResourceView failed for format87
[GFX1-]: CreateShaderResourceView failed for format87
[GFX1-]: CreateShaderResourceView failed for format87
1539170440723	Marionette	INFO	Listening on port 13166
1539170441025	Marionette	WARN	TLS certificate errors will be ignored for this session
Unable to read VR Path Registry from C:\Users\Wantai\AppData\Local\openvr\openvrpaths.vrpath
[Child 5976, Chrome_ChildThread] WARNING: pipe error: 109: file z:/build/build/src/ipc/chromium/src/chrome/common/ipc_channel_win.cc, line 346
[Child 5976, Chrome_ChildThread] WARNING: pipe error: 109: file z:/build/build/src/ipc/chromium/src/chrome/common/ipc_channel_win.cc, line 346
Unable to read VR Path Registry from C:\Users\Wantai\AppData\Local\openvr\openvrpaths.vrpath
[Child 8208, Chrome_ChildThread] WARNING: pipe error: 109: file z:/build/build/src/ipc/chromium/src/chrome/common/ipc_channel_win.cc, line 346
[Child 8208, Chrome_ChildThread] WARNING: pipe error: 109: file z:/build/build/src/ipc/chromium/src/chrome/common/ipc_channel_win.cc, line 346
Unable to read VR Path Registry from C:\Users\Wantai\AppData\Local\openvr\openvrpaths.vrpath
[Child 1784, Chrome_ChildThread] WARNING: pipe error: 109: file z:/build/build/src/ipc/chromium/src/chrome/common/ipc_channel_win.cc, line 346
[Child 1784, Chrome_ChildThread] WARNING: pipe error: 109: file z:/build/build/src/ipc/chromium/src/chrome/common/ipc_channel_win.cc, line 346
*** UTM:SVC TimerManager:registerTimer called after profile-before-change notification. Ignoring timer registration for id: telemetry_modules_ping
Unable to read VR Path Registry from C:\Users\Wantai\AppData\Local\openvr\openvrpaths.vrpath
[GPU 9744, Chrome_ChildThread] WARNING: pipe error: 109: file z:/build/build/src/ipc/chromium/src/chrome/common/ipc_channel_win.cc, line 346
Unable to read VR Path Registry from C:\Users\Wantai\AppData\Local\openvr\openvrpaths.vrpath
1539170537692	geckodriver	INFO	geckodriver 0.20.1
1539170537701	geckodriver	INFO	Listening on 127.0.0.1:13441
1539170540699	mozrunner::runner	INFO	Running command: "C:\\Program Files\\Mozilla Firefox\\firefox.exe" "-marionette" "-profile" "C:\\Users\\Wantai\\AppData\\Local\\Temp\\rust_mozprofile.l3zhVrx5R9CD"
[GFX1-]: CreateShaderResourceView failed for format87
[GFX1-]: CreateShaderResourceView failed for format87
[GFX1-]: CreateShaderResourceView failed for format87
[GFX1-]: CreateShaderResourceView failed for format87
1539170542412	Marionette	INFO	Listening on port 13452
1539170542709	Marionette	WARN	TLS certificate errors will be ignored for this session
Unable to read VR Path Registry from C:\Users\Wantai\AppData\Local\openvr\openvrpaths.vrpath
[Child 14216, Chrome_ChildThread] WARNING: pipe error: 109: file z:/build/build/src/ipc/chromium/src/chrome/common/ipc_channel_win.cc, line 346
Unable to read VR Path Registry from C:\Users\Wantai\AppData\Local\openvr\openvrpaths.vrpath
[Child 576, Chrome_ChildThread] WARNING: pipe error: 109: file z:/build/build/src/ipc/chromium/src/chrome/common/ipc_channel_win.cc, line 346
Unable to read VR Path Registry from C:\Users\Wantai\AppData\Local\openvr\openvrpaths.vrpath
[Parent 14972, Gecko_IOThread] WARNING: file z:/build/build/src/ipc/chromium/src/base/process_util_win.cc, line 188
[Parent 14972, Gecko_IOThread] WARNING: pipe error: 109: file z:/build/build/src/ipc/chromium/src/chrome/common/ipc_channel_win.cc, line 346
[Parent 14972, Gecko_IOThread] WARNING: file z:/build/build/src/ipc/chromium/src/base/process_util_win.cc, line 188
*** UTM:SVC TimerManager:registerTimer called after profile-before-change notification. Ignoring timer registration for id: telemetry_modules_ping
Unable to read VR Path Registry from C:\Users\Wantai\AppData\Local\openvr\openvrpaths.vrpath
[GPU 13768, Chrome_ChildThread] WARNING: pipe error: 109: file z:/build/build/src/ipc/chromium/src/chrome/common/ipc_channel_win.cc, line 346
1539170566804	geckodriver	INFO	geckodriver 0.20.1
1539170566813	geckodriver	INFO	Listening on 127.0.0.1:13584
1539170569847	mozrunner::runner	INFO	Running command: "C:\\Program Files\\Mozilla Firefox\\firefox.exe" "-marionette" "-profile" "C:\\Users\\Wantai\\AppData\\Local\\Temp\\rust_mozprofile.DPASUjM5YHQh"
[GFX1-]: CreateShaderResourceView failed for format87
[GFX1-]: CreateShaderResourceView failed for format87
[GFX1-]: CreateShaderResourceView failed for format87
[GFX1-]: CreateShaderResourceView failed for format87
1539170571464	Marionette	INFO	Listening on port 13595
1539170571867	Marionette	WARN	TLS certificate errors will be ignored for this session
Unable to read VR Path Registry from C:\Users\Wantai\AppData\Local\openvr\openvrpaths.vrpath
[Child 14476, Chrome_ChildThread] WARNING: pipe error: 109: file z:/build/build/src/ipc/chromium/src/chrome/common/ipc_channel_win.cc, line 346
[Child 14476, Chrome_ChildThread] WARNING: pipe error: 109: file z:/build/build/src/ipc/chromium/src/chrome/common/ipc_channel_win.cc, line 346
Unable to read VR Path Registry from C:\Users\Wantai\AppData\Local\openvr\openvrpaths.vrpath
[Child 14632, Chrome_ChildThread] WARNING: pipe error: 109: file z:/build/build/src/ipc/chromium/src/chrome/common/ipc_channel_win.cc, line 346
[Child 14632, Chrome_ChildThread] WARNING: pipe error: 109: file z:/build/build/src/ipc/chromium/src/chrome/common/ipc_channel_win.cc, line 346
Unable to read VR Path Registry from C:\Users\Wantai\AppData\Local\openvr\openvrpaths.vrpath
[Parent 14304, Gecko_IOThread] WARNING: pipe error: 109: file z:/build/build/src/ipc/chromium/src/chrome/common/ipc_channel_win.cc, line 346
*** UTM:SVC TimerManager:registerTimer called after profile-before-change notification. Ignoring timer registration for id: telemetry_modules_ping
Unable to read VR Path Registry from C:\Users\Wantai\AppData\Local\openvr\openvrpaths.vrpath
[GPU 7672, Chrome_ChildThread] WARNING: pipe error: 109: file z:/build/build/src/ipc/chromium/src/chrome/common/ipc_channel_win.cc, line 346
1539170950739	geckodriver	INFO	geckodriver 0.20.1
1539170950749	geckodriver	INFO	Listening on 127.0.0.1:14070
1539170953778	mozrunner::runner	INFO	Running command: "C:\\Program Files\\Mozilla Firefox\\firefox.exe" "-marionette" "-profile" "C:\\Users\\Wantai\\AppData\\Local\\Temp\\rust_mozprofile.qOxjyWclzpKW"
[GFX1-]: CreateShaderResourceView failed for format87
[GFX1-]: CreateShaderResourceView failed for format87
[GFX1-]: CreateShaderResourceView failed for format87
[GFX1-]: CreateShaderResourceView failed for format87
1539170955581	Marionette	INFO	Listening on port 14080
1539170955867	Marionette	WARN	TLS certificate errors will be ignored for this session
Unable to read VR Path Registry from C:\Users\Wantai\AppData\Local\openvr\openvrpaths.vrpath
[Child 13544, Chrome_ChildThread] WARNING: pipe error: 109: file z:/build/build/src/ipc/chromium/src/chrome/common/ipc_channel_win.cc, line 346
[Child 13544, Chrome_ChildThread] WARNING: pipe error: 109: file z:/build/build/src/ipc/chromium/src/chrome/common/ipc_channel_win.cc, line 346
Unable to read VR Path Registry from C:\Users\Wantai\AppData\Local\openvr\openvrpaths.vrpath
[Child 8036, Chrome_ChildThread] WARNING: pipe error: 109: file z:/build/build/src/ipc/chromium/src/chrome/common/ipc_channel_win.cc, line 346
[Child 8036, Chrome_ChildThread] WARNING: pipe error: 109: file z:/build/build/src/ipc/chromium/src/chrome/common/ipc_channel_win.cc, line 346
Unable to read VR Path Registry from C:\Users\Wantai\AppData\Local\openvr\openvrpaths.vrpath
[Child 12836, Chrome_ChildThread] WARNING: pipe error: 109: file z:/build/build/src/ipc/chromium/src/chrome/common/ipc_channel_win.cc, line 346
[Child 12836, Chrome_ChildThread] WARNING: pipe error: 109: file z:/build/build/src/ipc/chromium/src/chrome/common/ipc_channel_win.cc, line 346
Unable to read VR Path Registry from C:\Users\Wantai\AppData\Local\openvr\openvrpaths.vrpath
[Parent 9136, Gecko_IOThread] WARNING: file z:/build/build/src/ipc/chromium/src/base/process_util_win.cc, line 188
Unable to read VR Path Registry from C:\Users\Wantai\AppData\Local\openvr\openvrpaths.vrpath
[GPU 10056, Chrome_ChildThread] WARNING: pipe error: 109: file z:/build/build/src/ipc/chromium/src/chrome/common/ipc_channel_win.cc, line 346
1539171130295	geckodriver	INFO	geckodriver 0.20.1
1539171130304	geckodriver	INFO	Listening on 127.0.0.1:14353
1539171133328	mozrunner::runner	INFO	Running command: "C:\\Program Files\\Mozilla Firefox\\firefox.exe" "-marionette" "-profile" "C:\\Users\\Wantai\\AppData\\Local\\Temp\\rust_mozprofile.r4bGFTdvDItH"
[GFX1-]: CreateShaderResourceView failed for format87
[GFX1-]: CreateShaderResourceView failed for format87
[GFX1-]: CreateShaderResourceView failed for format87
[GFX1-]: CreateShaderResourceView failed for format87
1539171135006	Marionette	INFO	Listening on port 14363
1539171135366	Marionette	WARN	TLS certificate errors will be ignored for this session
Unable to read VR Path Registry from C:\Users\Wantai\AppData\Local\openvr\openvrpaths.vrpath
[Child 8712, Chrome_ChildThread] WARNING: pipe error: 109: file z:/build/build/src/ipc/chromium/src/chrome/common/ipc_channel_win.cc, line 346
Unable to read VR Path Registry from C:\Users\Wantai\AppData\Local\openvr\openvrpaths.vrpath
[Child 15084, Chrome_ChildThread] WARNING: pipe error: 109: file z:/build/build/src/ipc/chromium/src/chrome/common/ipc_channel_win.cc, line 346
[Child 15084, Chrome_ChildThread] WARNING: pipe error: 109: file z:/build/build/src/ipc/chromium/src/chrome/common/ipc_channel_win.cc, line 346

###!!! [Parent][MessageChannel] Error: (msgtype=0x130011,name=PBackgroundStorage::Msg_Observe) Channel error: cannot send/recv


###!!! [Parent][MessageChannel] Error: (msgtype=0x130011,name=PBackgroundStorage::Msg_Observe) Channel error: cannot send/recv

Unable to read VR Path Registry from C:\Users\Wantai\AppData\Local\openvr\openvrpaths.vrpath
[Child 14148, Chrome_ChildThread] WARNING: pipe error: 109: file z:/build/build/src/ipc/chromium/src/chrome/common/ipc_channel_win.cc, line 346
[Child 14148, Chrome_ChildThread] WARNING: pipe error: 109: file z:/build/build/src/ipc/chromium/src/chrome/common/ipc_channel_win.cc, line 346
Unable to read VR Path Registry from C:\Users\Wantai\AppData\Local\openvr\openvrpaths.vrpath
[Parent 10224, Gecko_IOThread] WARNING: file z:/build/build/src/ipc/chromium/src/base/process_util_win.cc, line 188
*** UTM:SVC TimerManager:registerTimer called after profile-before-change notification. Ignoring timer registration for id: telemetry_modules_ping
Unable to read VR Path Registry from C:\Users\Wantai\AppData\Local\openvr\openvrpaths.vrpath
[GPU 10740, Chrome_ChildThread] WARNING: pipe error: 109: file z:/build/build/src/ipc/chromium/src/chrome/common/ipc_channel_win.cc, line 346

###!!! [Child][MessageChannel::SendAndWait] Error: Channel error: cannot send/recv

1539171177429	geckodriver	INFO	geckodriver 0.20.1
1539171177438	geckodriver	INFO	Listening on 127.0.0.1:14526
1539171180446	mozrunner::runner	INFO	Running command: "C:\\Program Files\\Mozilla Firefox\\firefox.exe" "-marionette" "-profile" "C:\\Users\\Wantai\\AppData\\Local\\Temp\\rust_mozprofile.COwb83JY5FwN"
[GFX1-]: CreateShaderResourceView failed for format87
[GFX1-]: CreateShaderResourceView failed for format87
[GFX1-]: CreateShaderResourceView failed for format87
[GFX1-]: CreateShaderResourceView failed for format87
1539171182201	Marionette	INFO	Listening on port 14537
1539171182466	Marionette	WARN	TLS certificate errors will be ignored for this session
Unable to read VR Path Registry from C:\Users\Wantai\AppData\Local\openvr\openvrpaths.vrpath
[Child 9432, Chrome_ChildThread] WARNING: pipe error: 109: file z:/build/build/src/ipc/chromium/src/chrome/common/ipc_channel_win.cc, line 346
Unable to read VR Path Registry from C:\Users\Wantai\AppData\Local\openvr\openvrpaths.vrpath
[Child 15944, Chrome_ChildThread] WARNING: pipe error: 109: file z:/build/build/src/ipc/chromium/src/chrome/common/ipc_channel_win.cc, line 346
[Child 15944, Chrome_ChildThread] WARNING: pipe error: 109: file z:/build/build/src/ipc/chromium/src/chrome/common/ipc_channel_win.cc, line 346
Unable to read VR Path Registry from C:\Users\Wantai\AppData\Local\openvr\openvrpaths.vrpath
[Parent 13512, Gecko_IOThread] WARNING: pipe error: 109: file z:/build/build/src/ipc/chromium/src/chrome/common/ipc_channel_win.cc, line 346
Unable to read VR Path Registry from C:\Users\Wantai\AppData\Local\openvr\openvrpaths.vrpath
[Child 15448, Chrome_ChildThread] WARNING: pipe error: 109: file z:/build/build/src/ipc/chromium/src/chrome/common/ipc_channel_win.cc, line 346
[Child 15448, Chrome_ChildThread] WARNING: pipe error: 109: file z:/build/build/src/ipc/chromium/src/chrome/common/ipc_channel_win.cc, line 346
[Parent 13512, Gecko_IOThread] WARNING: file z:/build/build/src/ipc/chromium/src/base/process_util_win.cc, line 188
*** UTM:SVC TimerManager:registerTimer called after profile-before-change notification. Ignoring timer registration for id: telemetry_modules_ping
Unable to read VR Path Registry from C:\Users\Wantai\AppData\Local\openvr\openvrpaths.vrpath
[GPU 2208, Chrome_ChildThread] WARNING: pipe error: 109: file z:/build/build/src/ipc/chromium/src/chrome/common/ipc_channel_win.cc, line 346

###!!! [Child][MessageChannel::SendAndWait] Error: Channel error: cannot send/recv

1539171298993	geckodriver	INFO	geckodriver 0.20.1
1539171299002	geckodriver	INFO	Listening on 127.0.0.1:14753
1539171302032	mozrunner::runner	INFO	Running command: "C:\\Program Files\\Mozilla Firefox\\firefox.exe" "-marionette" "-profile" "C:\\Users\\Wantai\\AppData\\Local\\Temp\\rust_mozprofile.pDmHf6JsV7Ms"
[GFX1-]: CreateShaderResourceView failed for format87
[GFX1-]: CreateShaderResourceView failed for format87
[GFX1-]: CreateShaderResourceView failed for format87
[GFX1-]: CreateShaderResourceView failed for format87
1539171303767	Marionette	INFO	Listening on port 14764
1539171304132	Marionette	WARN	TLS certificate errors will be ignored for this session
Unable to read VR Path Registry from C:\Users\Wantai\AppData\Local\openvr\openvrpaths.vrpath
[Child 12944, Chrome_ChildThread] WARNING: pipe error: 109: file z:/build/build/src/ipc/chromium/src/chrome/common/ipc_channel_win.cc, line 346
Unable to read VR Path Registry from C:\Users\Wantai\AppData\Local\openvr\openvrpaths.vrpath
[Child 11948, Chrome_ChildThread] WARNING: pipe error: 109: file z:/build/build/src/ipc/chromium/src/chrome/common/ipc_channel_win.cc, line 346
[Child 11948, Chrome_ChildThread] WARNING: pipe error: 109: file z:/build/build/src/ipc/chromium/src/chrome/common/ipc_channel_win.cc, line 346
Unable to read VR Path Registry from C:\Users\Wantai\AppData\Local\openvr\openvrpaths.vrpath
[Parent 5216, Gecko_IOThread] WARNING: file z:/build/build/src/ipc/chromium/src/base/process_util_win.cc, line 188
[Parent 5216, Gecko_IOThread] WARNING: pipe error: 109: file z:/build/build/src/ipc/chromium/src/chrome/common/ipc_channel_win.cc, line 346
Unable to read VR Path Registry from C:\Users\Wantai\AppData\Local\openvr\openvrpaths.vrpath
[Child 16008, Chrome_ChildThread] WARNING: pipe error: 109: file z:/build/build/src/ipc/chromium/src/chrome/common/ipc_channel_win.cc, line 346
[Child 16008, Chrome_ChildThread] WARNING: pipe error: 109: file z:/build/build/src/ipc/chromium/src/chrome/common/ipc_channel_win.cc, line 346
[Parent 5216, Gecko_IOThread] WARNING: file z:/build/build/src/ipc/chromium/src/base/process_util_win.cc, line 188
*** UTM:SVC TimerManager:registerTimer called after profile-before-change notification. Ignoring timer registration for id: telemetry_modules_ping
Unable to read VR Path Registry from C:\Users\Wantai\AppData\Local\openvr\openvrpaths.vrpath
[GPU 4488, Chrome_ChildThread] WARNING: pipe error: 109: file z:/build/build/src/ipc/chromium/src/chrome/common/ipc_channel_win.cc, line 346

###!!! [Child][MessageChannel::SendAndWait] Error: Channel error: cannot send/recv

1539171407288	geckodriver	INFO	geckodriver 0.20.1
1539171407296	geckodriver	INFO	Listening on 127.0.0.1:14967
1539171410328	mozrunner::runner	INFO	Running command: "C:\\Program Files\\Mozilla Firefox\\firefox.exe" "-marionette" "-profile" "C:\\Users\\Wantai\\AppData\\Local\\Temp\\rust_mozprofile.sdflgKzBbpao"
[GFX1-]: CreateShaderResourceView failed for format87
[GFX1-]: CreateShaderResourceView failed for format87
[GFX1-]: CreateShaderResourceView failed for format87
[GFX1-]: CreateShaderResourceView failed for format87
1539171412042	Marionette	INFO	Listening on port 14978
1539171412359	Marionette	WARN	TLS certificate errors will be ignored for this session
Unable to read VR Path Registry from C:\Users\Wantai\AppData\Local\openvr\openvrpaths.vrpath
[Parent 16168, Gecko_IOThread] WARNING: pipe error: 109: file z:/build/build/src/ipc/chromium/src/chrome/common/ipc_channel_win.cc, line 346
Unable to read VR Path Registry from C:\Users\Wantai\AppData\Local\openvr\openvrpaths.vrpath
[Child 5960, Chrome_ChildThread] WARNING: pipe error: 109: file z:/build/build/src/ipc/chromium/src/chrome/common/ipc_channel_win.cc, line 346
[Child 5960, Chrome_ChildThread] WARNING: pipe error: 109: file z:/build/build/src/ipc/chromium/src/chrome/common/ipc_channel_win.cc, line 346
Unable to read VR Path Registry from C:\Users\Wantai\AppData\Local\openvr\openvrpaths.vrpath
[Child 12748, Chrome_ChildThread] WARNING: pipe error: 109: file z:/build/build/src/ipc/chromium/src/chrome/common/ipc_channel_win.cc, line 346
[Child 12748, Chrome_ChildThread] WARNING: pipe error: 109: file z:/build/build/src/ipc/chromium/src/chrome/common/ipc_channel_win.cc, line 346
Unable to read VR Path Registry from C:\Users\Wantai\AppData\Local\openvr\openvrpaths.vrpath
[Child 9856, Chrome_ChildThread] WARNING: pipe error: 109: file z:/build/build/src/ipc/chromium/src/chrome/common/ipc_channel_win.cc, line 346
[Child 9856, Chrome_ChildThread] WARNING: pipe error: 109: file z:/build/build/src/ipc/chromium/src/chrome/common/ipc_channel_win.cc, line 346
*** UTM:SVC TimerManager:registerTimer called after profile-before-change notification. Ignoring timer registration for id: telemetry_modules_ping
Unable to read VR Path Registry from C:\Users\Wantai\AppData\Local\openvr\openvrpaths.vrpath
[GPU 5672, Chrome_ChildThread] WARNING: pipe error: 109: file z:/build/build/src/ipc/chromium/src/chrome/common/ipc_channel_win.cc, line 346
1539172276939	geckodriver	INFO	geckodriver 0.20.1
1539172276947	geckodriver	INFO	Listening on 127.0.0.1:2047
1539172279995	mozrunner::runner	INFO	Running command: "C:\\Program Files\\Mozilla Firefox\\firefox.exe" "-marionette" "-profile" "C:\\Users\\Wantai\\AppData\\Local\\Temp\\rust_mozprofile.L97R5PllfAKB"
[GFX1-]: CreateShaderResourceView failed for format87
[GFX1-]: CreateShaderResourceView failed for format87
[GFX1-]: CreateShaderResourceView failed for format87
[GFX1-]: CreateShaderResourceView failed for format87
1539172282192	Marionette	INFO	Listening on port 2057
1539172283128	Marionette	WARN	TLS certificate errors will be ignored for this session
Unable to read VR Path Registry from C:\Users\Wantai\AppData\Local\openvr\openvrpaths.vrpath
[Parent 6056, Gecko_IOThread] WARNING: pipe error: 109: file z:/build/build/src/ipc/chromium/src/chrome/common/ipc_channel_win.cc, line 346
Unable to read VR Path Registry from C:\Users\Wantai\AppData\Local\openvr\openvrpaths.vrpath
[Child 10376, Chrome_ChildThread] WARNING: pipe error: 109: file z:/build/build/src/ipc/chromium/src/chrome/common/ipc_channel_win.cc, line 346
[Child 10376, Chrome_ChildThread] WARNING: pipe error: 109: file z:/build/build/src/ipc/chromium/src/chrome/common/ipc_channel_win.cc, line 346
Unable to read VR Path Registry from C:\Users\Wantai\AppData\Local\openvr\openvrpaths.vrpath
[Child 14136, Chrome_ChildThread] WARNING: pipe error: 109: file z:/build/build/src/ipc/chromium/src/chrome/common/ipc_channel_win.cc, line 346
[Child 14136, Chrome_ChildThread] WARNING: pipe error: 109: file z:/build/build/src/ipc/chromium/src/chrome/common/ipc_channel_win.cc, line 346
[Parent 6056, Gecko_IOThread] WARNING: pipe error: 109: file z:/build/build/src/ipc/chromium/src/chrome/common/ipc_channel_win.cc, line 346
Unable to read VR Path Registry from C:\Users\Wantai\AppData\Local\openvr\openvrpaths.vrpath
[Child 11700, Chrome_ChildThread] WARNING: pipe error: 109: file z:/build/build/src/ipc/chromium/src/chrome/common/ipc_channel_win.cc, line 346
[Child 11700, Chrome_ChildThread] WARNING: pipe error: 109: file z:/build/build/src/ipc/chromium/src/chrome/common/ipc_channel_win.cc, line 346
[Parent 6056, Gecko_IOThread] WARNING: file z:/build/build/src/ipc/chromium/src/base/process_util_win.cc, line 188
*** UTM:SVC TimerManager:registerTimer called after profile-before-change notification. Ignoring timer registration for id: telemetry_modules_ping
Unable to read VR Path Registry from C:\Users\Wantai\AppData\Local\openvr\openvrpaths.vrpath
[GPU 15704, Chrome_ChildThread] WARNING: pipe error: 109: file z:/build/build/src/ipc/chromium/src/chrome/common/ipc_channel_win.cc, line 346
1539176065678	geckodriver	INFO	geckodriver 0.20.1
1539176065686	geckodriver	INFO	Listening on 127.0.0.1:5874
1539176068707	mozrunner::runner	INFO	Running command: "C:\\Program Files\\Mozilla Firefox\\firefox.exe" "-marionette" "-profile" "C:\\Users\\Wantai\\AppData\\Local\\Temp\\rust_mozprofile.zrz0TNzDV7J2"
[GFX1-]: CreateShaderResourceView failed for format87
[GFX1-]: CreateShaderResourceView failed for format87
[GFX1-]: CreateShaderResourceView failed for format87
[GFX1-]: CreateShaderResourceView failed for format87
1539176070651	Marionette	INFO	Listening on port 5885
1539176070718	Marionette	WARN	TLS certificate errors will be ignored for this session
Unable to read VR Path Registry from C:\Users\Wantai\AppData\Local\openvr\openvrpaths.vrpath
[Child 1360, Chrome_ChildThread] WARNING: pipe error: 109: file z:/build/build/src/ipc/chromium/src/chrome/common/ipc_channel_win.cc, line 346
[Child 1360, Chrome_ChildThread] WARNING: pipe error: 109: file z:/build/build/src/ipc/chromium/src/chrome/common/ipc_channel_win.cc, line 346
Unable to read VR Path Registry from C:\Users\Wantai\AppData\Local\openvr\openvrpaths.vrpath
[Parent 2336, Gecko_IOThread] WARNING: file z:/build/build/src/ipc/chromium/src/base/process_util_win.cc, line 188
[Parent 2336, Gecko_IOThread] WARNING: pipe error: 109: file z:/build/build/src/ipc/chromium/src/chrome/common/ipc_channel_win.cc, line 346
Unable to read VR Path Registry from C:\Users\Wantai\AppData\Local\openvr\openvrpaths.vrpath
[Child 8668, Chrome_ChildThread] WARNING: pipe error: 109: file z:/build/build/src/ipc/chromium/src/chrome/common/ipc_channel_win.cc, line 346
[Child 8668, Chrome_ChildThread] WARNING: pipe error: 109: file z:/build/build/src/ipc/chromium/src/chrome/common/ipc_channel_win.cc, line 346
[Parent 2336, Gecko_IOThread] WARNING: file z:/build/build/src/ipc/chromium/src/base/process_util_win.cc, line 188
*** UTM:SVC TimerManager:registerTimer called after profile-before-change notification. Ignoring timer registration for id: telemetry_modules_ping
Unable to read VR Path Registry from C:\Users\Wantai\AppData\Local\openvr\openvrpaths.vrpath
[GPU 13704, Chrome_ChildThread] WARNING: pipe error: 109: file z:/build/build/src/ipc/chromium/src/chrome/common/ipc_channel_win.cc, line 346

###!!! [Child][MessageChannel::SendAndWait] Error: Channel error: cannot send/recv

1539176802072	geckodriver	INFO	geckodriver 0.20.1
1539176802081	geckodriver	INFO	Listening on 127.0.0.1:7576
1539176805109	mozrunner::runner	INFO	Running command: "C:\\Program Files\\Mozilla Firefox\\firefox.exe" "-marionette" "-profile" "C:\\Users\\Wantai\\AppData\\Local\\Temp\\rust_mozprofile.sD3mC71hkfFa"
[GFX1-]: CreateShaderResourceView failed for format87
[GFX1-]: CreateShaderResourceView failed for format87
[GFX1-]: CreateShaderResourceView failed for format87
[GFX1-]: CreateShaderResourceView failed for format87
1539176806981	Marionette	INFO	Listening on port 7591
1539176807122	Marionette	WARN	TLS certificate errors will be ignored for this session
Unable to read VR Path Registry from C:\Users\Wantai\AppData\Local\openvr\openvrpaths.vrpath
[Child 8484, Chrome_ChildThread] WARNING: pipe error: 109: file z:/build/build/src/ipc/chromium/src/chrome/common/ipc_channel_win.cc, line 346
Unable to read VR Path Registry from C:\Users\Wantai\AppData\Local\openvr\openvrpaths.vrpath
[Child 15408, Chrome_ChildThread] WARNING: pipe error: 109: file z:/build/build/src/ipc/chromium/src/chrome/common/ipc_channel_win.cc, line 346
[Child 15408, Chrome_ChildThread] WARNING: pipe error: 109: file z:/build/build/src/ipc/chromium/src/chrome/common/ipc_channel_win.cc, line 346
Unable to read VR Path Registry from C:\Users\Wantai\AppData\Local\openvr\openvrpaths.vrpath
[Parent 16320, Gecko_IOThread] WARNING: file z:/build/build/src/ipc/chromium/src/base/process_util_win.cc, line 188
*** UTM:SVC TimerManager:registerTimer called after profile-before-change notification. Ignoring timer registration for id: telemetry_modules_ping
Unable to read VR Path Registry from C:\Users\Wantai\AppData\Local\openvr\openvrpaths.vrpath
[GPU 3224, Chrome_ChildThread] WARNING: pipe error: 109: file z:/build/build/src/ipc/chromium/src/chrome/common/ipc_channel_win.cc, line 346
[Parent 16320, Gecko_IOThread] WARNING: pipe error: 232: file z:/build/build/src/ipc/chromium/src/chrome/common/ipc_channel_win.cc, line 513

###!!! [Child][MessageChannel::SendAndWait] Error: Channel error: cannot send/recv

1539176964134	geckodriver	INFO	geckodriver 0.20.1
1539176964142	geckodriver	INFO	Listening on 127.0.0.1:8053
1539176967170	mozrunner::runner	INFO	Running command: "C:\\Program Files\\Mozilla Firefox\\firefox.exe" "-marionette" "-profile" "C:\\Users\\Wantai\\AppData\\Local\\Temp\\rust_mozprofile.G2QHzw7gBgc3"
[GFX1-]: CreateShaderResourceView failed for format87
[GFX1-]: CreateShaderResourceView failed for format87
[GFX1-]: CreateShaderResourceView failed for format87
[GFX1-]: CreateShaderResourceView failed for format87
1539176968778	Marionette	INFO	Listening on port 8067
1539176969174	Marionette	WARN	TLS certificate errors will be ignored for this session
Unable to read VR Path Registry from C:\Users\Wantai\AppData\Local\openvr\openvrpaths.vrpath
[Parent 12476, Gecko_IOThread] WARNING: pipe error: 109: file z:/build/build/src/ipc/chromium/src/chrome/common/ipc_channel_win.cc, line 346
Unable to read VR Path Registry from C:\Users\Wantai\AppData\Local\openvr\openvrpaths.vrpath
[Child 15900, Chrome_ChildThread] WARNING: pipe error: 109: file z:/build/build/src/ipc/chromium/src/chrome/common/ipc_channel_win.cc, line 346
[Child 15900, Chrome_ChildThread] WARNING: pipe error: 109: file z:/build/build/src/ipc/chromium/src/chrome/common/ipc_channel_win.cc, line 346
[Parent 12476, Gecko_IOThread] WARNING: pipe error: 109: file z:/build/build/src/ipc/chromium/src/chrome/common/ipc_channel_win.cc, line 346
Unable to read VR Path Registry from C:\Users\Wantai\AppData\Local\openvr\openvrpaths.vrpath
[Child 13192, Chrome_ChildThread] WARNING: pipe error: 109: file z:/build/build/src/ipc/chromium/src/chrome/common/ipc_channel_win.cc, line 346
[Child 13192, Chrome_ChildThread] WARNING: pipe error: 109: file z:/build/build/src/ipc/chromium/src/chrome/common/ipc_channel_win.cc, line 346
*** UTM:SVC TimerManager:registerTimer called after profile-before-change notification. Ignoring timer registration for id: telemetry_modules_ping
Unable to read VR Path Registry from C:\Users\Wantai\AppData\Local\openvr\openvrpaths.vrpath
[GPU 13912, Chrome_ChildThread] WARNING: pipe error: 109: file z:/build/build/src/ipc/chromium/src/chrome/common/ipc_channel_win.cc, line 346
1539176990910	geckodriver	INFO	geckodriver 0.20.1
1539176990919	geckodriver	INFO	Listening on 127.0.0.1:8300
1539176993949	mozrunner::runner	INFO	Running command: "C:\\Program Files\\Mozilla Firefox\\firefox.exe" "-marionette" "-profile" "C:\\Users\\Wantai\\AppData\\Local\\Temp\\rust_mozprofile.zc9HIoEtEzsm"
[GFX1-]: CreateShaderResourceView failed for format87
[GFX1-]: CreateShaderResourceView failed for format87
[GFX1-]: CreateShaderResourceView failed for format87
[GFX1-]: CreateShaderResourceView failed for format87
1539176995425	Marionette	INFO	Listening on port 8313
1539176995551	Marionette	WARN	TLS certificate errors will be ignored for this session
Unable to read VR Path Registry from C:\Users\Wantai\AppData\Local\openvr\openvrpaths.vrpath
[Child 10268, Chrome_ChildThread] WARNING: pipe error: 109: file z:/build/build/src/ipc/chromium/src/chrome/common/ipc_channel_win.cc, line 346
Unable to read VR Path Registry from C:\Users\Wantai\AppData\Local\openvr\openvrpaths.vrpath
[Parent 2232, Gecko_IOThread] WARNING: pipe error: 109: file z:/build/build/src/ipc/chromium/src/chrome/common/ipc_channel_win.cc, line 346
Unable to read VR Path Registry from C:\Users\Wantai\AppData\Local\openvr\openvrpaths.vrpath
[Child 11044, Chrome_ChildThread] WARNING: pipe error: 109: file z:/build/build/src/ipc/chromium/src/chrome/common/ipc_channel_win.cc, line 346
[Child 11044, Chrome_ChildThread] WARNING: pipe error: 109: file z:/build/build/src/ipc/chromium/src/chrome/common/ipc_channel_win.cc, line 346
[Parent 2232, Gecko_IOThread] WARNING: pipe error: 109: file z:/build/build/src/ipc/chromium/src/chrome/common/ipc_channel_win.cc, line 346
Unable to read VR Path Registry from C:\Users\Wantai\AppData\Local\openvr\openvrpaths.vrpath
[Child 16336, Chrome_ChildThread] WARNING: pipe error: 109: file z:/build/build/src/ipc/chromium/src/chrome/common/ipc_channel_win.cc, line 346
[Child 16336, Chrome_ChildThread] WARNING: pipe error: 109: file z:/build/build/src/ipc/chromium/src/chrome/common/ipc_channel_win.cc, line 346
[Parent 2232, Gecko_IOThread] WARNING: file z:/build/build/src/ipc/chromium/src/base/process_util_win.cc, line 188
*** UTM:SVC TimerManager:registerTimer called after profile-before-change notification. Ignoring timer registration for id: telemetry_modules_ping
Unable to read VR Path Registry from C:\Users\Wantai\AppData\Local\openvr\openvrpaths.vrpath
[GPU 12432, Chrome_ChildThread] WARNING: pipe error: 109: file z:/build/build/src/ipc/chromium/src/chrome/common/ipc_channel_win.cc, line 346

###!!! [Child][MessageChannel::SendAndWait] Error: Channel error: cannot send/recv

1539177013647	geckodriver	INFO	geckodriver 0.20.1
1539177013656	geckodriver	INFO	Listening on 127.0.0.1:8541
1539177016700	mozrunner::runner	INFO	Running command: "C:\\Program Files\\Mozilla Firefox\\firefox.exe" "-marionette" "-profile" "C:\\Users\\Wantai\\AppData\\Local\\Temp\\rust_mozprofile.OpdVGO0nTqzc"
[GFX1-]: CreateShaderResourceView failed for format87
[GFX1-]: CreateShaderResourceView failed for format87
[GFX1-]: CreateShaderResourceView failed for format87
[GFX1-]: CreateShaderResourceView failed for format87
1539177018208	Marionette	INFO	Listening on port 8554
1539177018709	Marionette	WARN	TLS certificate errors will be ignored for this session
Unable to read VR Path Registry from C:\Users\Wantai\AppData\Local\openvr\openvrpaths.vrpath
[Child 10924, Chrome_ChildThread] WARNING: pipe error: 109: file z:/build/build/src/ipc/chromium/src/chrome/common/ipc_channel_win.cc, line 346
[Child 10924, Chrome_ChildThread] WARNING: pipe error: 109: file z:/build/build/src/ipc/chromium/src/chrome/common/ipc_channel_win.cc, line 346
Unable to read VR Path Registry from C:\Users\Wantai\AppData\Local\openvr\openvrpaths.vrpath
[Child 7172, Chrome_ChildThread] WARNING: pipe error: 109: file z:/build/build/src/ipc/chromium/src/chrome/common/ipc_channel_win.cc, line 346
[Child 7172, Chrome_ChildThread] WARNING: pipe error: 109: file z:/build/build/src/ipc/chromium/src/chrome/common/ipc_channel_win.cc, line 346
*** UTM:SVC TimerManager:registerTimer called after profile-before-change notification. Ignoring timer registration for id: telemetry_modules_ping
Unable to read VR Path Registry from C:\Users\Wantai\AppData\Local\openvr\openvrpaths.vrpath
[GPU 8244, Chrome_ChildThread] WARNING: pipe error: 109: file z:/build/build/src/ipc/chromium/src/chrome/common/ipc_channel_win.cc, line 346
Unable to read VR Path Registry from C:\Users\Wantai\AppData\Local\openvr\openvrpaths.vrpath
1539177589177	geckodriver	INFO	geckodriver 0.20.1
1539177589186	geckodriver	INFO	Listening on 127.0.0.1:9738
1539177592238	mozrunner::runner	INFO	Running command: "C:\\Program Files\\Mozilla Firefox\\firefox.exe" "-marionette" "-profile" "C:\\Users\\Wantai\\AppData\\Local\\Temp\\rust_mozprofile.GRcXWI1U8dV0"
[GFX1-]: CreateShaderResourceView failed for format87
[GFX1-]: CreateShaderResourceView failed for format87
[GFX1-]: CreateShaderResourceView failed for format87
[GFX1-]: CreateShaderResourceView failed for format87
1539177594037	Marionette	INFO	Listening on port 9750
1539177594259	Marionette	WARN	TLS certificate errors will be ignored for this session
Unable to read VR Path Registry from C:\Users\Wantai\AppData\Local\openvr\openvrpaths.vrpath
[Child 8336, Chrome_ChildThread] WARNING: pipe error: 109: file z:/build/build/src/ipc/chromium/src/chrome/common/ipc_channel_win.cc, line 346
[Child 8336, Chrome_ChildThread] WARNING: pipe error: 109: file z:/build/build/src/ipc/chromium/src/chrome/common/ipc_channel_win.cc, line 346
Unable to read VR Path Registry from C:\Users\Wantai\AppData\Local\openvr\openvrpaths.vrpath
[Child 9768, Chrome_ChildThread] WARNING: pipe error: 109: file z:/build/build/src/ipc/chromium/src/chrome/common/ipc_channel_win.cc, line 346
[Child 9768, Chrome_ChildThread] WARNING: pipe error: 109: file z:/build/build/src/ipc/chromium/src/chrome/common/ipc_channel_win.cc, line 346
Unable to read VR Path Registry from C:\Users\Wantai\AppData\Local\openvr\openvrpaths.vrpath
[Parent 15824, Gecko_IOThread] WARNING: pipe error: 109: file z:/build/build/src/ipc/chromium/src/chrome/common/ipc_channel_win.cc, line 346
Unable to read VR Path Registry from C:\Users\Wantai\AppData\Local\openvr\openvrpaths.vrpath
[Child 2692, Chrome_ChildThread] WARNING: pipe error: 109: file z:/build/build/src/ipc/chromium/src/chrome/common/ipc_channel_win.cc, line 346
[Parent 15824, Gecko_IOThread] WARNING: file z:/build/build/src/ipc/chromium/src/base/process_util_win.cc, line 188
*** UTM:SVC TimerManager:registerTimer called after profile-before-change notification. Ignoring timer registration for id: telemetry_modules_ping
Unable to read VR Path Registry from C:\Users\Wantai\AppData\Local\openvr\openvrpaths.vrpath
[GPU 12296, Chrome_ChildThread] WARNING: pipe error: 109: file z:/build/build/src/ipc/chromium/src/chrome/common/ipc_channel_win.cc, line 346
1539177636426	geckodriver	INFO	geckodriver 0.20.1
1539177636435	geckodriver	INFO	Listening on 127.0.0.1:9849
1539177639474	mozrunner::runner	INFO	Running command: "C:\\Program Files\\Mozilla Firefox\\firefox.exe" "-marionette" "-profile" "C:\\Users\\Wantai\\AppData\\Local\\Temp\\rust_mozprofile.DgqyuwaJnFAU"
[GFX1-]: CreateShaderResourceView failed for format87
[GFX1-]: CreateShaderResourceView failed for format87
[GFX1-]: CreateShaderResourceView failed for format87
[GFX1-]: CreateShaderResourceView failed for format87
1539177641478	Marionette	INFO	Listening on port 9863
1539177641578	Marionette	WARN	TLS certificate errors will be ignored for this session
Unable to read VR Path Registry from C:\Users\Wantai\AppData\Local\openvr\openvrpaths.vrpath
[Child 12188, Chrome_ChildThread] WARNING: pipe error: 109: file z:/build/build/src/ipc/chromium/src/chrome/common/ipc_channel_win.cc, line 346
[Child 12188, Chrome_ChildThread] WARNING: pipe error: 109: file z:/build/build/src/ipc/chromium/src/chrome/common/ipc_channel_win.cc, line 346
Unable to read VR Path Registry from C:\Users\Wantai\AppData\Local\openvr\openvrpaths.vrpath
[Child 15428, Chrome_ChildThread] WARNING: pipe error: 109: file z:/build/build/src/ipc/chromium/src/chrome/common/ipc_channel_win.cc, line 346
[Child 15428, Chrome_ChildThread] WARNING: pipe error: 109: file z:/build/build/src/ipc/chromium/src/chrome/common/ipc_channel_win.cc, line 346
Unable to read VR Path Registry from C:\Users\Wantai\AppData\Local\openvr\openvrpaths.vrpath
[Child 10788, Chrome_ChildThread] WARNING: pipe error: 109: file z:/build/build/src/ipc/chromium/src/chrome/common/ipc_channel_win.cc, line 346
[Child 10788, Chrome_ChildThread] WARNING: pipe error: 109: file z:/build/build/src/ipc/chromium/src/chrome/common/ipc_channel_win.cc, line 346
*** UTM:SVC TimerManager:registerTimer called after profile-before-change notification. Ignoring timer registration for id: telemetry_modules_ping
Unable to read VR Path Registry from C:\Users\Wantai\AppData\Local\openvr\openvrpaths.vrpath
[GPU 2156, Chrome_ChildThread] WARNING: pipe error: 109: file z:/build/build/src/ipc/chromium/src/chrome/common/ipc_channel_win.cc, line 346

###!!! [Child][MessageChannel::SendAndWait] Error: Channel error: cannot send/recv

Unable to read VR Path Registry from C:\Users\Wantai\AppData\Local\openvr\openvrpaths.vrpath
1539177696136	geckodriver	INFO	geckodriver 0.20.1
1539177696146	geckodriver	INFO	Listening on 127.0.0.1:10130
1539177699170	mozrunner::runner	INFO	Running command: "C:\\Program Files\\Mozilla Firefox\\firefox.exe" "-marionette" "-profile" "C:\\Users\\Wantai\\AppData\\Local\\Temp\\rust_mozprofile.y5t42CyyoDJv"
[GFX1-]: CreateShaderResourceView failed for format87
[GFX1-]: CreateShaderResourceView failed for format87
[GFX1-]: CreateShaderResourceView failed for format87
[GFX1-]: CreateShaderResourceView failed for format87
1539177701366	Marionette	INFO	Listening on port 10143
1539177702337	Marionette	WARN	TLS certificate errors will be ignored for this session
Unable to read VR Path Registry from C:\Users\Wantai\AppData\Local\openvr\openvrpaths.vrpath
[Child 15268, Chrome_ChildThread] WARNING: pipe error: 109: file z:/build/build/src/ipc/chromium/src/chrome/common/ipc_channel_win.cc, line 346
[Child 15268, Chrome_ChildThread] WARNING: pipe error: 109: file z:/build/build/src/ipc/chromium/src/chrome/common/ipc_channel_win.cc, line 346
Unable to read VR Path Registry from C:\Users\Wantai\AppData\Local\openvr\openvrpaths.vrpath
[Child 15828, Chrome_ChildThread] WARNING: pipe error: 109: file z:/build/build/src/ipc/chromium/src/chrome/common/ipc_channel_win.cc, line 346
[Child 15828, Chrome_ChildThread] WARNING: pipe error: 109: file z:/build/build/src/ipc/chromium/src/chrome/common/ipc_channel_win.cc, line 346
Unable to read VR Path Registry from C:\Users\Wantai\AppData\Local\openvr\openvrpaths.vrpath
[Parent 11668, Gecko_IOThread] WARNING: pipe error: 109: file z:/build/build/src/ipc/chromium/src/chrome/common/ipc_channel_win.cc, line 346
Unable to read VR Path Registry from C:\Users\Wantai\AppData\Local\openvr\openvrpaths.vrpath
[Child 12276, Chrome_ChildThread] WARNING: pipe error: 109: file z:/build/build/src/ipc/chromium/src/chrome/common/ipc_channel_win.cc, line 346
[Parent 11668, Gecko_IOThread] WARNING: file z:/build/build/src/ipc/chromium/src/base/process_util_win.cc, line 188
Unable to read VR Path Registry from C:\Users\Wantai\AppData\Local\openvr\openvrpaths.vrpath
[GPU 11324, Chrome_ChildThread] WARNING: pipe error: 109: file z:/build/build/src/ipc/chromium/src/chrome/common/ipc_channel_win.cc, line 346
1539178484080	geckodriver	INFO	geckodriver 0.20.1
1539178484089	geckodriver	INFO	Listening on 127.0.0.1:11851
1539178487114	mozrunner::runner	INFO	Running command: "C:\\Program Files\\Mozilla Firefox\\firefox.exe" "-marionette" "-profile" "C:\\Users\\Wantai\\AppData\\Local\\Temp\\rust_mozprofile.xWiJf4gewsWe"
[GFX1-]: CreateShaderResourceView failed for format87
[GFX1-]: CreateShaderResourceView failed for format87
[GFX1-]: CreateShaderResourceView failed for format87
[GFX1-]: CreateShaderResourceView failed for format87
1539178488955	Marionette	INFO	Listening on port 11872
1539178489119	Marionette	WARN	TLS certificate errors will be ignored for this session
Unable to read VR Path Registry from C:\Users\Wantai\AppData\Local\openvr\openvrpaths.vrpath
[Parent 8600, Gecko_IOThread] WARNING: pipe error: 109: file z:/build/build/src/ipc/chromium/src/chrome/common/ipc_channel_win.cc, line 346
Unable to read VR Path Registry from C:\Users\Wantai\AppData\Local\openvr\openvrpaths.vrpath
[Child 6620, Chrome_ChildThread] WARNING: pipe error: 109: file z:/build/build/src/ipc/chromium/src/chrome/common/ipc_channel_win.cc, line 346
[Child 6620, Chrome_ChildThread] WARNING: pipe error: 109: file z:/build/build/src/ipc/chromium/src/chrome/common/ipc_channel_win.cc, line 346
[Parent 8600, Gecko_IOThread] WARNING: pipe error: 109: file z:/build/build/src/ipc/chromium/src/chrome/common/ipc_channel_win.cc, line 346
[Parent 8600, Gecko_IOThread] WARNING: file z:/build/build/src/ipc/chromium/src/base/process_util_win.cc, line 188
*** UTM:SVC TimerManager:registerTimer called after profile-before-change notification. Ignoring timer registration for id: telemetry_modules_ping
1539178634496	geckodriver	INFO	geckodriver 0.20.1
1539178634505	geckodriver	INFO	Listening on 127.0.0.1:12384
1539178637552	mozrunner::runner	INFO	Running command: "C:\\Program Files\\Mozilla Firefox\\firefox.exe" "-marionette" "-profile" "C:\\Users\\Wantai\\AppData\\Local\\Temp\\rust_mozprofile.nX0qMQmkrC05"
[GFX1-]: CreateShaderResourceView failed for format87
[GFX1-]: CreateShaderResourceView failed for format87
1539178639397	Marionette	INFO	Listening on port 12398
[GFX1-]: CreateShaderResourceView failed for format87
[GFX1-]: CreateShaderResourceView failed for format87
1539178639605	Marionette	WARN	TLS certificate errors will be ignored for this session
Unable to read VR Path Registry from C:\Users\Wantai\AppData\Local\openvr\openvrpaths.vrpath
[Parent 12112, Gecko_IOThread] WARNING: pipe error: 109: file z:/build/build/src/ipc/chromium/src/chrome/common/ipc_channel_win.cc, line 346
Unable to read VR Path Registry from C:\Users\Wantai\AppData\Local\openvr\openvrpaths.vrpath
[Child 10816, Chrome_ChildThread] WARNING: pipe error: 109: file z:/build/build/src/ipc/chromium/src/chrome/common/ipc_channel_win.cc, line 346
[Child 10816, Chrome_ChildThread] WARNING: pipe error: 109: file z:/build/build/src/ipc/chromium/src/chrome/common/ipc_channel_win.cc, line 346
Unable to read VR Path Registry from C:\Users\Wantai\AppData\Local\openvr\openvrpaths.vrpath
[Child 13092, Chrome_ChildThread] WARNING: pipe error: 109: file z:/build/build/src/ipc/chromium/src/chrome/common/ipc_channel_win.cc, line 346
[Child 13092, Chrome_ChildThread] WARNING: pipe error: 109: file z:/build/build/src/ipc/chromium/src/chrome/common/ipc_channel_win.cc, line 346
Unable to read VR Path Registry from C:\Users\Wantai\AppData\Local\openvr\openvrpaths.vrpath
[Child 13172, Chrome_ChildThread] WARNING: pipe error: 109: file z:/build/build/src/ipc/chromium/src/chrome/common/ipc_channel_win.cc, line 346
*** UTM:SVC TimerManager:registerTimer called after profile-before-change notification. Ignoring timer registration for id: telemetry_modules_ping
Unable to read VR Path Registry from C:\Users\Wantai\AppData\Local\openvr\openvrpaths.vrpath
[GPU 13104, Chrome_ChildThread] WARNING: pipe error: 109: file z:/build/build/src/ipc/chromium/src/chrome/common/ipc_channel_win.cc, line 346
