1525853037759	geckodriver	INFO	geckodriver 0.20.1
1525853037766	geckodriver	INFO	Listening on 127.0.0.1:10227
1525853040696	mozrunner::runner	INFO	Running command: "C:\\Program Files\\Mozilla Firefox\\firefox.exe" "-marionette" "-profile" "C:\\Users\\1804002\\AppData\\Local\\Temp\\rust_mozprofile.bU6bhhlvYp5B"
Unable to read VR Path Registry from C:\Users\1804002\AppData\Local\openvr\openvrpaths.vrpath
1525853041974	Marionette	INFO	Enabled via --marionette
Unable to read VR Path Registry from C:\Users\1804002\AppData\Local\openvr\openvrpaths.vrpath
Unable to read VR Path Registry from C:\Users\1804002\AppData\Local\openvr\openvrpaths.vrpath
Unable to read VR Path Registry from C:\Users\1804002\AppData\Local\openvr\openvrpaths.vrpath
Unable to read VR Path Registry from C:\Users\1804002\AppData\Local\openvr\openvrpaths.vrpath
1525853045084	Marionette	INFO	Listening on port 10235
1525853045908	Marionette	WARN	TLS certificate errors will be ignored for this session
IPDL protocol error: Handler returned error code!

###!!! [Parent][DispatchAsyncMessage] Error: PAPZCTreeManager::Msg_SetTargetAPZC Processing error: message was deserialized, but the handler returned false (indicating failure)

IPDL protocol error: Handler returned error code!

###!!! [Parent][DispatchAsyncMessage] Error: PAPZCTreeManager::Msg_SetTargetAPZC Processing error: message was deserialized, but the handler returned false (indicating failure)

IPDL protocol error: Handler returned error code!

###!!! [Parent][DispatchAsyncMessage] Error: PAPZCTreeManager::Msg_SetTargetAPZC Processing error: message was deserialized, but the handler returned false (indicating failure)

IPDL protocol error: Handler returned error code!

###!!! [Parent][DispatchAsyncMessage] Error: PAPZCTreeManager::Msg_SetTargetAPZC Processing error: message was deserialized, but the handler returned false (indicating failure)

IPDL protocol error: Handler returned error code!

###!!! [Parent][DispatchAsyncMessage] Error: PAPZCTreeManager::Msg_SetTargetAPZC Processing error: message was deserialized, but the handler returned false (indicating failure)

IPDL protocol error: Handler returned error code!

###!!! [Parent][DispatchAsyncMessage] Error: PAPZCTreeManager::Msg_SetTargetAPZC Processing error: message was deserialized, but the handler returned false (indicating failure)

IPDL protocol error: Handler returned error code!

###!!! [Parent][DispatchAsyncMessage] Error: PAPZCTreeManager::Msg_SetTargetAPZC Processing error: message was deserialized, but the handler returned false (indicating failure)

1525910354120	geckodriver	INFO	geckodriver 0.20.1
1525910354127	geckodriver	INFO	Listening on 127.0.0.1:11724
1525910357132	mozrunner::runner	INFO	Running command: "C:\\Program Files\\Mozilla Firefox\\firefox.exe" "-marionette" "-profile" "C:\\Users\\1804002\\AppData\\Local\\Temp\\rust_mozprofile.vrsAqRGbcLT8"
Unable to read VR Path Registry from C:\Users\1804002\AppData\Local\openvr\openvrpaths.vrpath
1525910359038	Marionette	INFO	Enabled via --marionette
Unable to read VR Path Registry from C:\Users\1804002\AppData\Local\openvr\openvrpaths.vrpath
Unable to read VR Path Registry from C:\Users\1804002\AppData\Local\openvr\openvrpaths.vrpath
Unable to read VR Path Registry from C:\Users\1804002\AppData\Local\openvr\openvrpaths.vrpath
Unable to read VR Path Registry from C:\Users\1804002\AppData\Local\openvr\openvrpaths.vrpath
1525910362032	Marionette	INFO	Listening on port 11732
1525910362598	Marionette	WARN	TLS certificate errors will be ignored for this session
[Parent 6432, Gecko_IOThread] WARNING: pipe error: 109: file z:/build/build/src/ipc/chromium/src/chrome/common/ipc_channel_win.cc, line 346
[Child 10896, Chrome_ChildThread] WARNING: pipe error: 109: file z:/build/build/src/ipc/chromium/src/chrome/common/ipc_chann[Child 9552, Chrome_Chilel_wdThreain.cc, lid] Wne 346
ARNING: pipe err[Child 10896, Chrome_ChildThor: 109: file z:/build/build/src/ipc/chromium/src/chrome/common/ipc_channel_win.cc, line 346
[Child 9552, Chrome_ChildThread] WARNING: pipe error: 109: file z:/build/build/src/ipc/chromium/src/chrome/common/ipc_channel_win.cc, line 346
[*** UTM:SVC TimerManager:registerTimer called after profile-before-change notification. Ignoring timer registration for id: telemetry_modules_ping
[GPU 1936, Chrome_Ch
###!!! [Child][MessageChannel::SendAndWait] Error: Channel error: cannot send/recv

1525910414780	geckodriver	INFO	geckodriver 0.20.1
1525910414786	geckodriver	INFO	Listening on 127.0.0.1:12006
1525910417808	mozrunner::runner	INFO	Running command: "C:\\Program Files\\Mozilla Firefox\\firefox.exe" "-marionette" "-profile" "C:\\Users\\1804002\\AppData\\Local\\Temp\\rust_mozprofile.fMyrYuFUN2XR"
Unable to read VR Path Registry from C:\Users\1804002\AppData\Local\openvr\openvrpaths.vrpath
1525910418346	Marionette	INFO	Enabled via --marionette
Unable to read VR Path Registry from C:\Users\1804002\AppData\Local\openvr\openvrpaths.vrpath
Unable to read VR Path Registry from C:\Users\1804002\AppData\Local\openvr\openvrpaths.vrpath
Unable to read VR Path Registry from C:\Users\1804002\AppData\Local\openvr\openvrpaths.vrpath
Unable to read VR Path Registry from C:\Users\1804002\AppData\Local\openvr\openvrpaths.vrpath
1525910420192	Marionette	INFO	Listening on port 12014
1525910420918	Marionette	WARN	TLS certificate errors will be ignored for this session
[Child 11320, Chrome_ChildThread] WARNING: pipe error: 109: file z:/build/build/src/ipc/chromium/src/chrome/common/ipc_channel_win.cc, line 346
[Child 11320, Chrome_ChildThr[Child 6296, Chrome_ChildThread] WARNING: pipe error: 109: file z:/build/build/src/ipc/chromium/src/chrome/common/ipc_channel_win.cc, line 346
[Child 6296, Chrome_ChildThread][[GPU 10092, Chro
###!!! [Child][MessageChannel::SendAndWait] Error: Channel error: cannot send/recv

1525910521878	geckodriver	INFO	geckodriver 0.20.1
1525910521885	geckodriver	INFO	Listening on 127.0.0.1:12504
1525910524900	mozrunner::runner	INFO	Running command: "C:\\Program Files\\Mozilla Firefox\\firefox.exe" "-marionette" "-profile" "C:\\Users\\1804002\\AppData\\Local\\Temp\\rust_mozprofile.WXgUsvxI6bC4"
Unable to read VR Path Registry from C:\Users\1804002\AppData\Local\openvr\openvrpaths.vrpath
1525910525424	Marionette	INFO	Enabled via --marionette
Unable to read VR Path Registry from C:\Users\1804002\AppData\Local\openvr\openvrpaths.vrpath
Unable to read VR Path Registry from C:\Users\1804002\AppData\Local\openvr\openvrpaths.vrpath
Unable to read VR Path Registry from C:\Users\1804002\AppData\Local\openvr\openvrpaths.vrpath
Unable to read VR Path Registry from C:\Users\1804002\AppData\Local\openvr\openvrpaths.vrpath
1525910527252	Marionette	INFO	Listening on port 12512
1525910528012	Marionette	WARN	TLS certificate errors will be ignored for this session
IPDL protocol error: Handler returned error code!

###!!! [Parent][DispatchAsyncMessage] Error: PAPZCTreeManager::Msg_SetTargetAPZC Processing error: message was deserialized, but the handler returned false (indicating failure)

IPDL protocol error: Handler returned error code!

###!!! [Parent][DispatchAsyncMessage] Error: PAPZCTreeManager::Msg_SetTargetAPZC Processing error: message was deserialized, but the handler returned false (indicating failure)

IPDL protocol error: Handler returned error code!

###!!! [Parent][DispatchAsyncMessage] Error: PAPZCTreeManager::Msg_SetTargetAPZC Processing error: message was deserialized, but the handler returned false (indicating failure)

IPDL protocol error: Handler returned error code!

###!!! [Parent][DispatchAsyncMessage] Error: PAPZCTreeManager::Msg_SetTargetAPZC Processing error: message was deserialized, but the handler returned false (indicating failure)

IPDL protocol error: Handler returned error code!

###!!! [Parent][DispatchAsyncMessage] Error: PAPZCTreeManager::Msg_SetTargetAPZC Processing error: message was deserialized, but the handler returned false (indicating failure)

IPDL protocol error: Handler returned error code!

###!!! [Parent][DispatchAsyncMessage] Error: PAPZCTreeManager::Msg_SetTargetAPZC Processing error: message was deserialized, but the handler returned false (indicating failure)

IPDL protocol error: Handler returned error code!

###!!! [Parent][DispatchAsyncMessage] Error: PAPZCTreeManager::Msg_SetTargetAPZC Processing error: message was deserialized, but the handler returned false (indicating failure)

IPDL protocol error: Handler returned error code!

###!!! [Parent][DispatchAsyncMessage] Error: PAPZCTreeManager::Msg_SetTargetAPZC Processing error: message was deserialized, but the handler returned false (indicating failure)

IPDL protocol error: Handler returned error code!

###!!! [Parent][DispatchAsyncMessage] Error: PAPZCTreeManager::Msg_SetTargetAPZC Processing error: message was deserialized, but the handler returned false (indicating failure)

IPDL protocol error: Handler returned error code!

###!!! [Parent][DispatchAsyncMessage] Error: PAPZCTreeManager::Msg_SetTargetAPZC Processing error: message was deserialized, but the handler returned false (indicating failure)

[Parent 11308, Gecko_IOThread] WARNING: pipe error: 109: file z:/build/build/src/ipc/chromium/src/chrome/common/ipc_channel_win.cc, line 346
[Child 7612, Chrome_ChildThread] WARNING: pipe error: 109: file z:/build/build/src/ipc/chromium/src/chrome/common/ipc_channel_win.cc, line 346
[Child 7612, Chrome_ChildThread] WARNING: A content process crashed and MOZ_CRASHREPORTER_SHUTDOWN is set, shutting down
[Child 11744, Chrome_ChildThread] WARNING: pipe error: 109: file z:/build/build/src/ipc/chromium/src/chrome/common/ipc_channel_win.cc, line 346
[Child 11744, Chrome_ChildThread] WARNING: pipe 
###!!! [Child][MessageChannel::SendAndWait] Error: Channel error: cannot send/recv

1525920616450	geckodriver	INFO	geckodriver 0.20.1
1525920616456	geckodriver	INFO	Listening on 127.0.0.1:13838
1525920624208	geckodriver	INFO	geckodriver 0.20.1
1525920624214	geckodriver	INFO	Listening on 127.0.0.1:13844
1525920627227	mozrunner::runner	INFO	Running command: "C:\\Program Files\\Mozilla Firefox\\firefox.exe" "-marionette" "-profile" "C:\\Users\\1804002\\AppData\\Local\\Temp\\rust_mozprofile.D82t2sPADxrI"
Unable to read VR Path Registry from C:\Users\1804002\AppData\Local\openvr\openvrpaths.vrpath
1525920628598	Marionette	INFO	Enabled via --marionette
Unable to read VR Path Registry from C:\Users\1804002\AppData\Local\openvr\openvrpaths.vrpath
Unable to read VR Path Registry from C:\Users\1804002\AppData\Local\openvr\openvrpaths.vrpath
Unable to read VR Path Registry from C:\Users\1804002\AppData\Local\openvr\openvrpaths.vrpath
Unable to read VR Path Registry from C:\Users\1804002\AppData\Local\openvr\openvrpaths.vrpath
1525920630646	Marionette	INFO	Listening on port 13853
1525920630898	Marionette	WARN	TLS certificate errors will be ignored for this session
[Child 8892, Chrome_ChildThread] WARNING: pipe error: 109: file z:/build/build/src/ipc/chromium/src/chrome/common/ipc_channel_win.cc, line 346
[Child 95[Ch4ild 880, Chrome_ChildThread] WARNING: pipe error: 109: file z:/build/build/src/ipc/chromium/src/chrome/common/ipc_channel_win.cc, line 346
[Child 9540, Chrome_ChildThread] WARNING: pipe error: 109: file z:/build/build/src/ipc/chromium/src/chrome/common/ipc_channel_win.cc, line 346
[GPU 9240, Chrome
###!!! [Child][MessageChannel::SendAndWait] Error: Channel error: cannot send/recv

1525921482586	geckodriver	INFO	geckodriver 0.20.1
1525921482592	geckodriver	INFO	Listening on 127.0.0.1:2063
1525921485590	mozrunner::runner	INFO	Running command: "C:\\Program Files\\Mozilla Firefox\\firefox.exe" "-marionette" "-profile" "C:\\Users\\1804002\\AppData\\Local\\Temp\\rust_mozprofile.MAv8pYMI2rVc"
Unable to read VR Path Registry from C:\Users\1804002\AppData\Local\openvr\openvrpaths.vrpath
1525921486342	Marionette	INFO	Enabled via --marionette
Unable to read VR Path Registry from C:\Users\1804002\AppData\Local\openvr\openvrpaths.vrpath
Unable to read VR Path Registry from C:\Users\1804002\AppData\Local\openvr\openvrpaths.vrpath
Unable to read VR Path Registry from C:\Users\1804002\AppData\Local\openvr\openvrpaths.vrpath
Unable to read VR Path Registry from C:\Users\1804002\AppData\Local\openvr\openvrpaths.vrpath
1525921488184	Marionette	INFO	Listening on port 2096
1525921488702	Marionette	WARN	TLS certificate errors will be ignored for this session
[Parent 10144, Gecko_IOThread] WARNING: pipe error: 109: file z:/build/build/src/ipc/chromium/src/chrome/common/ipc_channel_win.cc, line 346
[Parent 10144, Gecko_IOThread] WARNING: pipe error: 109: file z:/build/build/src/ipc/chromium/src/chrome/common/ipc_channel_win.cc, line 346
[Child 6780, Chrome_ChildThread] WARNING: pipe error: 109: file z:/build/build/src/ipc/chromium/src/chrome/common/ipc_channel_win.cc, line 346
[Child 147[Child 6780, Chrome_ChildThread]6, Chrome_ChildThread] WARNING: pipe error: 109: file z:/build/build/src/ipc/chromium/src/chrome/common/ipc_channel_win.cc, line 346
[Child 1476, Chrome_ChildThread] WARNING: pipe error: 109: file z:/build/build/src/ipc/chromium/src/chrome/common/ipc_channel_win.cc, line 346
[Parent 10144, Gecko_IOThread] WARNING: pipe error: 109: file z:/build/build/src/ipc/chromium/src/chrome/common/ipc_channel_win.cc, line 346
[Child 5952, Chrome_ChildThread] WARNING: pipe error: 109: file z:/build/build/src/ipc/chromium/src/chrome/common/ipc_channel_win.cc, line 346
[Child 5952, Chrome_Chil[GPU 10512, Chrome_C
###!!! [Child][MessageChannel::SendAndWait] Error: Channel error: cannot send/recv

1525921576339	geckodriver	INFO	geckodriver 0.20.1
1525921576345	geckodriver	INFO	Listening on 127.0.0.1:2699
1525921579343	mozrunner::runner	INFO	Running command: "C:\\Program Files\\Mozilla Firefox\\firefox.exe" "-marionette" "-profile" "C:\\Users\\1804002\\AppData\\Local\\Temp\\rust_mozprofile.VFCUcR5bPQEN"
Unable to read VR Path Registry from C:\Users\1804002\AppData\Local\openvr\openvrpaths.vrpath
1525921579768	Marionette	INFO	Enabled via --marionette
Unable to read VR Path Registry from C:\Users\1804002\AppData\Local\openvr\openvrpaths.vrpath
Unable to read VR Path Registry from C:\Users\1804002\AppData\Local\openvr\openvrpaths.vrpath
Unable to read VR Path Registry from C:\Users\1804002\AppData\Local\openvr\openvrpaths.vrpath
Unable to read VR Path Registry from C:\Users\1804002\AppData\Local\openvr\openvrpaths.vrpath
1525921581674	Marionette	INFO	Listening on port 2719
1525921582490	Marionette	WARN	TLS certificate errors will be ignored for this session
[Child 7312, Chrome_ChildThread] WARNING: pipe error: 109: file z:/build/build/src/ipc/chromium/src/chrome/common/ipc_channel_win.cc, line 346
[Child 7312, Chrome_ChildThrea[Child 10708, Chrome_ChildThread] WARNING: pipe error: 109: file z:/build/build/src/ipc/chromium/src/chrome/common/ipc_channel_win.cc, line 346
[Child 10708, Chrome_ChildThread] WARNING: pipe error: 109: file z:/build/build/src/ipc/chromium/src/chrome/common[Child 9192, Chrome_ChildThread] WARNING: pipe error: 109: file z:/build/build/src/ipc/chromium/src/chrome/common/ipc_channel_win.cc, line 346
[Child 9192, Chrome_Chi[GPU 10736, Chr
###!!! [Child][MessageChannel::SendAndWait] Error: Channel error: cannot send/recv

1525922014758	geckodriver	INFO	geckodriver 0.20.1
1525922014764	geckodriver	INFO	Listening on 127.0.0.1:2259
1525922017792	mozrunner::runner	INFO	Running command: "C:\\Program Files\\Mozilla Firefox\\firefox.exe" "-marionette" "-profile" "C:\\Users\\1804002\\AppData\\Local\\Temp\\rust_mozprofile.HhdexoVk2gbx"
Unable to read VR Path Registry from C:\Users\1804002\AppData\Local\openvr\openvrpaths.vrpath
1525922018332	Marionette	INFO	Enabled via --marionette
Unable to read VR Path Registry from C:\Users\1804002\AppData\Local\openvr\openvrpaths.vrpath
Unable to read VR Path Registry from C:\Users\1804002\AppData\Local\openvr\openvrpaths.vrpath
Unable to read VR Path Registry from C:\Users\1804002\AppData\Local\openvr\openvrpaths.vrpath
Unable to read VR Path Registry from C:\Users\1804002\AppData\Local\openvr\openvrpaths.vrpath
1525922020110	Marionette	INFO	Listening on port 2269
1525922021244	Marionette	WARN	TLS certificate errors will be ignored for this session
[Parent 12248, Gecko_IOThread] WARNING: pipe error: 109: file z:/build/build/src/ipc/chromium/src/chrome/common/ipc_channel_win.cc, line 346
[Child 11152, Chrome_ChildThread] WARNING: pipe error: 109: file z:/build/build/src/ipc/chromium/src/chrome/common/ipc_channel_win.cc, line 346
[Child 11152, Chrome_ChildThread] W[Child 3752, Chrome_ChildThread] WARNING: pipe error: 109: file z:/build/build/src/ipc/chromium/src/chrome/common/ipc_channel_win.cc, line 346
[Child 3752, Chrome_ChildThread] WARNING: pipe error: 109: file z:/build/build/src/ipc/chromium/src/chrome/common/ipc_channel_win.cc, line 346
[Child 11352, Chrome_ChildThread] WARNING: pipe error: 109: file z:/build/build/src/ipc/chromium/src/chrome/common/ipc_channel_win.cc, line 346
[Child 11352, Chrome[GPU 656, Chrome_ChildThre
###!!! [Child][MessageChannel::SendAndWait] Error: Channel error: cannot send/recv

1525922403230	geckodriver	INFO	geckodriver 0.20.1
1525922403230	geckodriver	INFO	Listening on 127.0.0.1:6902
1525922406294	mozrunner::runner	INFO	Running command: "C:\\Program Files\\Mozilla Firefox\\firefox.exe" "-marionette" "-profile" "C:\\Users\\1804002\\AppData\\Local\\Temp\\rust_mozprofile.DNbQQlBMO6Vh"
Unable to read VR Path Registry from C:\Users\1804002\AppData\Local\openvr\openvrpaths.vrpath
1525922406856	Marionette	INFO	Enabled via --marionette
Unable to read VR Path Registry from C:\Users\1804002\AppData\Local\openvr\openvrpaths.vrpath
Unable to read VR Path Registry from C:\Users\1804002\AppData\Local\openvr\openvrpaths.vrpath
Unable to read VR Path Registry from C:\Users\1804002\AppData\Local\openvr\openvrpaths.vrpath
Unable to read VR Path Registry from C:\Users\1804002\AppData\Local\openvr\openvrpaths.vrpath
1525922408882	Marionette	INFO	Listening on port 6914
1525922409428	Marionette	WARN	TLS certificate errors will be ignored for this session
[Child 7912, Chrome_ChildThread] WARNING: pipe error: 109: file z:/build/build/src/ipc/chromium/src/chrome/common/ipc_channel_win.cc, line 346
[Child 7912, Chrome_ChildThread] W[Child 7684, Chrome_ChildThread] WARNING: pipe error: 109: file z:/build/build/src/ipc/chromium/src/chrome/common/ipc_channel_win.cc, line 346
[Child 7684, Chrome_ChildThread] WARNING: pipe error: 109: file z:/build/build/src/i[Child 8132, Chrome_ChildThread] WARNING: pipe error: 109: file z:/build/build/src/ipc/chromium/src/chrome/common/ipc_channel_win.cc, line 346
[Child 8132, Chrome_
###!!! [Child][MessageChannel::SendAndWait] Error: Channel error: cannot send/recv

1525922869998	geckodriver	INFO	geckodriver 0.20.1
1525922869998	geckodriver	INFO	Listening on 127.0.0.1:13013
1525922873011	mozrunner::runner	INFO	Running command: "C:\\Program Files\\Mozilla Firefox\\firefox.exe" "-marionette" "-profile" "C:\\Users\\1804002\\AppData\\Local\\Temp\\rust_mozprofile.PrlRUQnhjBjA"
Unable to read VR Path Registry from C:\Users\1804002\AppData\Local\openvr\openvrpaths.vrpath
1525922873592	Marionette	INFO	Enabled via --marionette
Unable to read VR Path Registry from C:\Users\1804002\AppData\Local\openvr\openvrpaths.vrpath
Unable to read VR Path Registry from C:\Users\1804002\AppData\Local\openvr\openvrpaths.vrpath
Unable to read VR Path Registry from C:\Users\1804002\AppData\Local\openvr\openvrpaths.vrpath
Unable to read VR Path Registry from C:\Users\1804002\AppData\Local\openvr\openvrpaths.vrpath
1525922875658	Marionette	INFO	Listening on port 13024
1525922876144	Marionette	WARN	TLS certificate errors will be ignored for this session
[Parent 6992, Gecko_IOThread] WARNING: pipe error: 109: file z:/build/build/src/ipc/chromium/src/chrome/common/ipc_channel_win.cc, line 346
[Child 9596, Chrome_ChildThread] WARNING: pipe error: 109: file z:/build/build/src/ipc/chromium/src/chrome/common/ipc_channel_win.cc, line 346
[Child 10820, [Child 9596, Chrome_ChildThreChrome_ChildThread] WARNING: pipe error: 109: file z:/build/build/src/ipc/chromium/src/chrome/common/ipc_channel_win.cc, line 346
[Child 10820, Chrome_ChildThread] WARNING: pipe error: 109: file z:/build/build/src/ipc/chromium/src/chrome/common/ipc_channel_win.cc, line 346
[Parent 6992, Gecko_IOThread] WARNING: pipe error: 109: file z:/build/build/src/ipc/chromium/src/chrome/common/ipc_channel_win.cc, line 346
[Child 11532, Chrome_ChildThread] WARNING: pipe error: 109: file z:/build/build/src/ipc/chromium/src/chrome/common/ipc_channel_win.cc, line 346
[Child 11532, Chrome_C[GPU 11012, Chro
###!!! [Child][MessageChannel::SendAndWait] Error: Channel error: cannot send/recv

1525923035363	geckodriver	INFO	geckodriver 0.20.1
1525923035363	geckodriver	INFO	Listening on 127.0.0.1:14690
1525923038372	mozrunner::runner	INFO	Running command: "C:\\Program Files\\Mozilla Firefox\\firefox.exe" "-marionette" "-profile" "C:\\Users\\1804002\\AppData\\Local\\Temp\\rust_mozprofile.m1kVl32eWQyo"
Unable to read VR Path Registry from C:\Users\1804002\AppData\Local\openvr\openvrpaths.vrpath
1525923038806	Marionette	INFO	Enabled via --marionette
Unable to read VR Path Registry from C:\Users\1804002\AppData\Local\openvr\openvrpaths.vrpath
Unable to read VR Path Registry from C:\Users\1804002\AppData\Local\openvr\openvrpaths.vrpath
Unable to read VR Path Registry from C:\Users\1804002\AppData\Local\openvr\openvrpaths.vrpath
Unable to read VR Path Registry from C:\Users\1804002\AppData\Local\openvr\openvrpaths.vrpath
1525923040634	Marionette	INFO	Listening on port 14701
1525923041516	Marionette	WARN	TLS certificate errors will be ignored for this session
[Parent 9436, Gecko_IOThread] WARNING: pipe error: 109: file z:/build/build/src/ipc/chromium/src/chrome/common/ipc_channel_win.cc, line 346
[Child 11820, Chrome_ChildThread] WARNING: pipe error: 109: file z:/build/build/src/ipc/chromium/src/chrome/common/ipc_channel_win.cc, line 346[Ch
ild 3472, Chrome_Ch[Child 1182i0ldThread] WARNING: pipe error: 109: file z:/build/build/src/ipc/chromium/src/chrome/common/ipc_channel_win.cc, line 346
[Child 3472, Chrome_ChildThread] WARNING: pipe err[Child 9608, Chrome_ChildThread] WARNING: pipe error: 109: file z:/build/build/src/ipc/chromium/src/chrome/common/ipc_channel_win.cc, line 346
[Child 9608, Chrome_[GPU 11620, Chrome_Chi
###!!! [Child][MessageChannel::SendAndWait] Error: Channel error: cannot send/recv

1525923560791	geckodriver	INFO	geckodriver 0.20.1
1525923560797	geckodriver	INFO	Listening on 127.0.0.1:1937
1525923563857	mozrunner::runner	INFO	Running command: "C:\\Program Files\\Mozilla Firefox\\firefox.exe" "-marionette" "-profile" "C:\\Users\\1804002\\AppData\\Local\\Temp\\rust_mozprofile.fYn1ZAXS54UH"
Unable to read VR Path Registry from C:\Users\1804002\AppData\Local\openvr\openvrpaths.vrpath
1525923565080	Marionette	INFO	Enabled via --marionette
Unable to read VR Path Registry from C:\Users\1804002\AppData\Local\openvr\openvrpaths.vrpath
Unable to read VR Path Registry from C:\Users\1804002\AppData\Local\openvr\openvrpaths.vrpath
Unable to read VR Path Registry from C:\Users\1804002\AppData\Local\openvr\openvrpaths.vrpath
Unable to read VR Path Registry from C:\Users\1804002\AppData\Local\openvr\openvrpaths.vrpath
1525923567036	Marionette	INFO	Listening on port 1951
1525923567516	Marionette	WARN	TLS certificate errors will be ignored for this session
[Parent 8072, Gecko_IOThread] WARNING: pipe error: 109: file z:/build/build/src/ipc/chromium/src/chrome/common/ipc_channel_win.cc, line 346
[Parent 8072, Gecko_IOThread] WARNING: pipe error: 109: file z:/build/build/src/ipc/chromium/src/chrome/common/ipc_channel_win.cc, line 346
[Child 12164, Chrome_ChildThread] WARNING: pipe error: 109: file z:/build/build/src/ipc/chromium/src/chrome/common/ipc_channel_win.cc, line 346
[Child 12164, Chrome_ChildThread] WARNI[Child 11440, Chrome_ChildThread] WARNING: pipe error: 109: file z:/build/build/src/ipc/chromium/src/chrome/common/ipc_channel_win.cc, line 346
[Child 11440, Chrome_ChildThread] WARNING: pipe error: 109: file z:/build/build/src/ipc/chromium/src/chrome/common/ipc_channel_win.cc, line 346
[Parent 8072, Gecko_IOThread] WARNING: pipe error: 109: file z:/build/build/src/ipc/chromium/src/chrome/common/ipc_channel_win.cc, line 346
[GPU 5560, Chro
###!!! [Child][MessageChannel::SendAndWait] Error: Channel error: cannot send/recv

1525923672740	geckodriver	INFO	geckodriver 0.20.1
1525923672740	geckodriver	INFO	Listening on 127.0.0.1:2776
1525923675769	mozrunner::runner	INFO	Running command: "C:\\Program Files\\Mozilla Firefox\\firefox.exe" "-marionette" "-profile" "C:\\Users\\1804002\\AppData\\Local\\Temp\\rust_mozprofile.fhiJZnnpMDNN"
Unable to read VR Path Registry from C:\Users\1804002\AppData\Local\openvr\openvrpaths.vrpath
1525923676264	Marionette	INFO	Enabled via --marionette
Unable to read VR Path Registry from C:\Users\1804002\AppData\Local\openvr\openvrpaths.vrpath
Unable to read VR Path Registry from C:\Users\1804002\AppData\Local\openvr\openvrpaths.vrpath
Unable to read VR Path Registry from C:\Users\1804002\AppData\Local\openvr\openvrpaths.vrpath
Unable to read VR Path Registry from C:\Users\1804002\AppData\Local\openvr\openvrpaths.vrpath
1525923678142	Marionette	INFO	Listening on port 2788
1525923678978	Marionette	WARN	TLS certificate errors will be ignored for this session
[Child 10220, Chrome_ChildThread] WARNING: pipe error: 109: file z:/build/build/src/ipc/chromium/src/chrome/common/ipc_channel_win.cc, line 346
[Child 10220, Chrome_ChildThread] WARNING: pipe error:[Child 10928, Chrome_ChildThread] WARNING: pipe error: 109: file z:/build/build/src/ipc/chromium/src/chrome/common/ipc_channel_win.cc, line 346
[Child 10928, Chrome_ChildThread] WARNING: [Child 11664, Chrome_ChildThread] WARNING: pipe error: 109: file z:/build/build/src/ipc/chromium/src/chrome/common/ipc_channel_win.cc, line 346
[Child 11664, C[GPU 10116, Chrome_ChildThrea
###!!! [Child][MessageChannel::SendAndWait] Error: Channel error: cannot send/recv

1525924135039	geckodriver	INFO	geckodriver 0.20.1
1525924135054	geckodriver	INFO	Listening on 127.0.0.1:8185
1525924138061	mozrunner::runner	INFO	Running command: "C:\\Program Files\\Mozilla Firefox\\firefox.exe" "-marionette" "-profile" "C:\\Users\\1804002\\AppData\\Local\\Temp\\rust_mozprofile.YGkvKjZ7LVvz"
Unable to read VR Path Registry from C:\Users\1804002\AppData\Local\openvr\openvrpaths.vrpath
1525924138472	Marionette	INFO	Enabled via --marionette
Unable to read VR Path Registry from C:\Users\1804002\AppData\Local\openvr\openvrpaths.vrpath
Unable to read VR Path Registry from C:\Users\1804002\AppData\Local\openvr\openvrpaths.vrpath
Unable to read VR Path Registry from C:\Users\1804002\AppData\Local\openvr\openvrpaths.vrpath
Unable to read VR Path Registry from C:\Users\1804002\AppData\Local\openvr\openvrpaths.vrpath
1525924140050	Marionette	INFO	Listening on port 8199
1525924140130	Marionette	WARN	TLS certificate errors will be ignored for this session
[Child 2616, Chrome_ChildThread] WARNING: pipe error: 109: file z:/build/build/src/ipc/chromium/src/chrome/common/ipc_channel_win.cc, line 346
[Child 2616, Chrome_Ch[Child 11636, Chrome_ChildThread] WARNING: pipe error: 109: file z:/build/build/src/ipc/chromium/src/chrome/common/ipc_channel_win.cc, line 346
[Child 11636, Chrome_ChildThread] WARNING: pipe error: 109: file z:/build/build/src/ipc/chromium/src/chrome/common/ipc_channel_win.cc, line 346
[Child 10832, Chrome_ChildThread] WARNING: pipe error: 109: file z:/build/build/src/ipc/chromium/src/chrome/common/ipc_channel_win.cc, line 346
[Child 108[GPU 12268, Chro
###!!! [Child][MessageChannel::SendAndWait] Error: Channel error: cannot send/recv

1525924578535	geckodriver	INFO	geckodriver 0.20.1
1525924578535	geckodriver	INFO	Listening on 127.0.0.1:2677
1525924581539	mozrunner::runner	INFO	Running command: "C:\\Program Files\\Mozilla Firefox\\firefox.exe" "-marionette" "-profile" "C:\\Users\\1804002\\AppData\\Local\\Temp\\rust_mozprofile.dv4scM8Frned"
Unable to read VR Path Registry from C:\Users\1804002\AppData\Local\openvr\openvrpaths.vrpath
1525924582078	Marionette	INFO	Enabled via --marionette
Unable to read VR Path Registry from C:\Users\1804002\AppData\Local\openvr\openvrpaths.vrpath
Unable to read VR Path Registry from C:\Users\1804002\AppData\Local\openvr\openvrpaths.vrpath
Unable to read VR Path Registry from C:\Users\1804002\AppData\Local\openvr\openvrpaths.vrpath
Unable to read VR Path Registry from C:\Users\1804002\AppData\Local\openvr\openvrpaths.vrpath
1525924583756	Marionette	INFO	Listening on port 2710
1525924584700	Marionette	WARN	TLS certificate errors will be ignored for this session
[Child 12244, Chrome_ChildThread] WARNING: pipe error: 109: file z:/build/build/src/ipc/chromium/src/chrome/common/ipc_channel_win.cc, line 346
[Child 12244, Chrome_ChildT[Child 11840, Chrome_ChildThread] WARNING: pipe error: 109: file z:/build/build/src/ipc/chromium/src/chrome/common/ipc_channel_win.cc, line 346
[Child 11840, Chrome_ChildThread] WARNING: pip[Parent 11712, Gecko_IOThread] WARNING: pipe error: 109: file z:/build/build/src/ipc/chromium/src/chrome/common/ipc_channel_win.cc, line 346
[Child 9500, Chrome_ChildThread] WARNING: pipe error: 109: file z:/build/build/src/ipc/chromium/src/chrome/common/ipc_channel_win.cc, line 346
[Child 9500, Chrome_Chi[GPU 12108, Chrome_ChildTh
###!!! [Child][MessageChannel::SendAndWait] Error: Channel error: cannot send/recv

1525925043542	geckodriver	INFO	geckodriver 0.20.1
1525925043542	geckodriver	INFO	Listening on 127.0.0.1:9555
1525925046587	mozrunner::runner	INFO	Running command: "C:\\Program Files\\Mozilla Firefox\\firefox.exe" "-marionette" "-profile" "C:\\Users\\1804002\\AppData\\Local\\Temp\\rust_mozprofile.VkANLrAkYqn8"
Unable to read VR Path Registry from C:\Users\1804002\AppData\Local\openvr\openvrpaths.vrpath
1525925047066	Marionette	INFO	Enabled via --marionette
Unable to read VR Path Registry from C:\Users\1804002\AppData\Local\openvr\openvrpaths.vrpath
Unable to read VR Path Registry from C:\Users\1804002\AppData\Local\openvr\openvrpaths.vrpath
Unable to read VR Path Registry from C:\Users\1804002\AppData\Local\openvr\openvrpaths.vrpath
Unable to read VR Path Registry from C:\Users\1804002\AppData\Local\openvr\openvrpaths.vrpath
1525925050312	Marionette	INFO	Listening on port 9572
1525925051184	Marionette	WARN	TLS certificate errors will be ignored for this session
[Child 8368, Chrome_ChildThread] WARNING: pipe error: 109: file z:/build/build/src/ipc/chromium/src/chrome/common/ipc_channel_win.cc, line 346
[Child 8368, Chrome_ChildThread] WARNI[Child 7276, Chrome_ChildThread] WARNING: pipe error: 109: file z:/build/build/src/ipc/chromium/src/chrome/common/ipc_channel_win.cc, line 346
[Child 7276, Chrome_ChildThread] WARNING: pipe error: 1[Child 9820, Chrome_ChildThread] WARNING: pipe error: 109: file z:/build/build/src/ipc/chromium/src/chrome/common/ipc_channel_win.cc, line 346
[Child 9820, Chrome_ChildThread] WARNING[GPU 8184, Chrome_
###!!! [Child][MessageChannel::SendAndWait] Error: Channel error: cannot send/recv

1525925532123	geckodriver	INFO	geckodriver 0.20.1
1525925532139	geckodriver	INFO	Listening on 127.0.0.1:2249
1525925535163	mozrunner::runner	INFO	Running command: "C:\\Program Files\\Mozilla Firefox\\firefox.exe" "-marionette" "-profile" "C:\\Users\\1804002\\AppData\\Local\\Temp\\rust_mozprofile.Ma6GzzQSvfYd"
Unable to read VR Path Registry from C:\Users\1804002\AppData\Local\openvr\openvrpaths.vrpath
1525925535732	Marionette	INFO	Enabled via --marionette
Unable to read VR Path Registry from C:\Users\1804002\AppData\Local\openvr\openvrpaths.vrpath
Unable to read VR Path Registry from C:\Users\1804002\AppData\Local\openvr\openvrpaths.vrpath
Unable to read VR Path Registry from C:\Users\1804002\AppData\Local\openvr\openvrpaths.vrpath
Unable to read VR Path Registry from C:\Users\1804002\AppData\Local\openvr\openvrpaths.vrpath
1525925537692	Marionette	INFO	Listening on port 2265
1525925538482	Marionette	WARN	TLS certificate errors will be ignored for this session
[Parent 9212, Gecko_IOThread] WARNING: pipe error: 109: file z:/build/build/src/ipc/chromium/src/chrome/common/ipc_channel_win.cc, line 346
[Child 5432, Chrome_ChildThread] WARNING: pipe error: 109: file z:/build/build/src/ipc/chromium/src/chrome/common/ipc_channel_win.cc, line 346
[Child 5432, Chrome_ChildThread] WARNING: pipe error: 109: file z:/bui[Parent 9212, Gecko_IOThread] WARNING: pipe error: 109: file z:/build/build/src/ipc/chromium/src/chrome/common/ipc_channel_win.cc, line 346
[Child 7228, Chrome_ChildThread] WARNING: pipe error: 109: file z:/build/build/src/ipc/chromium/src/chrome/common/ipc_channel_win.cc, line 346
[Child 7228, Chrome_ChildThread] WARNING: pipe error: 109: file z:/bui[Parent 9212, Gecko_IOThread] WARNING: pipe error: 109: file z:/build/build/src/ipc/chromium/src/chrome/common/ipc_channel_win.cc, line 346
[Child 8384, Chrome_ChildThread] WARNING: pipe error: 109: file z:/build/build/src/ipc/chromium/src/chrome/common/ipc_channel_win.cc, line 346
[Child 8384, Chrome_ChildThread] WA
###!!! [Child][MessageChannel::SendAndWait] Error: Channel error: cannot send/recv

1525925998427	geckodriver	INFO	geckodriver 0.20.1
1525925998434	geckodriver	INFO	Listening on 127.0.0.1:8850
1525926001465	mozrunner::runner	INFO	Running command: "C:\\Program Files\\Mozilla Firefox\\firefox.exe" "-marionette" "-profile" "C:\\Users\\1804002\\AppData\\Local\\Temp\\rust_mozprofile.tAl4pLbCtpGU"
Unable to read VR Path Registry from C:\Users\1804002\AppData\Local\openvr\openvrpaths.vrpath
1525926002002	Marionette	INFO	Enabled via --marionette
Unable to read VR Path Registry from C:\Users\1804002\AppData\Local\openvr\openvrpaths.vrpath
Unable to read VR Path Registry from C:\Users\1804002\AppData\Local\openvr\openvrpaths.vrpath
Unable to read VR Path Registry from C:\Users\1804002\AppData\Local\openvr\openvrpaths.vrpath
Unable to read VR Path Registry from C:\Users\1804002\AppData\Local\openvr\openvrpaths.vrpath
1525926003604	Marionette	INFO	Listening on port 8866
1525926004652	Marionette	WARN	TLS certificate errors will be ignored for this session
[Parent 10712, Gecko_IOThread] WARNING: pipe error: 109: file z:/build/build/src/ipc/chromium/src/chrome/common/ipc_channel_win.cc, line 346
[Child 11692, Chrome_ChildThread] WARNING: pipe error: 109: file z:/build/build/src/ipc/chromium/src/chrome/common/ipc_channel_win.cc, line 346
[Child 11692, Chrome[Parent 10712, Gecko_IOThread] WARNING: pipe error: 109: file z:/build/build/src/ipc/chromium/src/chrome/common/ipc_channel_win.cc, line 346
[Child 12172, Chrome_ChildThread] WARNING: pipe error: 109: file z:/build/build/src/ipc/chromium/src/chrome/common/ipc_channel_win.cc, line 346
[Child 12172, Chrome_ChildThread] WARNING: pipe error: 109: file z[GPU 11804, Chro
###!!! [Child][MessageChannel::SendAndWait] Error: Channel error: cannot send/recv

1525926440180	geckodriver	INFO	geckodriver 0.20.1
1525926440180	geckodriver	INFO	Listening on 127.0.0.1:1413
1525926443185	mozrunner::runner	INFO	Running command: "C:\\Program Files\\Mozilla Firefox\\firefox.exe" "-marionette" "-profile" "C:\\Users\\1804002\\AppData\\Local\\Temp\\rust_mozprofile.5EqhrOGzmasc"
Unable to read VR Path Registry from C:\Users\1804002\AppData\Local\openvr\openvrpaths.vrpath
1525926443726	Marionette	INFO	Enabled via --marionette
Unable to read VR Path Registry from C:\Users\1804002\AppData\Local\openvr\openvrpaths.vrpath
Unable to read VR Path Registry from C:\Users\1804002\AppData\Local\openvr\openvrpaths.vrpath
Unable to read VR Path Registry from C:\Users\1804002\AppData\Local\openvr\openvrpaths.vrpath
Unable to read VR Path Registry from C:\Users\1804002\AppData\Local\openvr\openvrpaths.vrpath
1525926445512	Marionette	INFO	Listening on port 1429
1525926446380	Marionette	WARN	TLS certificate errors will be ignored for this session
[Parent 10588, Gecko_IOThread] WARNING: pipe error: 109: file z:/build/build/src/ipc/chromium/src/chrome/common/ipc_channel_win.cc, line 346
[Child 11712, Chrome_ChildThread] WARNING: pipe error: 109: file z:/build/build/src/ipc/chromium/src/chrome/common/ipc_channel_win.cc, line 346
[Child 11712, Chrome_Chi[Child 10784, Chrome_ChildThread] WARNING: pipe error: 109: file z:/build/build/src/ipc/chromium/src/chrome/common/ipc_channel_win.cc, line 346
[Child 10784, Chrome_ChildThread] WARNING: pipe error: 109: file [Child 10800, Chrome_ChildThread] WARNING: pipe error: 109: file z:/build/build/src/ipc/chromium/src/chrome/common/ipc_channel_win.cc, line 346
[Child 10800, Chrome_Chil
###!!! [Child][MessageChannel::SendAndWait] Error: Channel error: cannot send/recv

1525926901449	geckodriver	INFO	geckodriver 0.20.1
1525926901456	geckodriver	INFO	Listening on 127.0.0.1:8027
1525926904481	mozrunner::runner	INFO	Running command: "C:\\Program Files\\Mozilla Firefox\\firefox.exe" "-marionette" "-profile" "C:\\Users\\1804002\\AppData\\Local\\Temp\\rust_mozprofile.vQZYKHEA79Ui"
Unable to read VR Path Registry from C:\Users\1804002\AppData\Local\openvr\openvrpaths.vrpath
1525926905016	Marionette	INFO	Enabled via --marionette
Unable to read VR Path Registry from C:\Users\1804002\AppData\Local\openvr\openvrpaths.vrpath
Unable to read VR Path Registry from C:\Users\1804002\AppData\Local\openvr\openvrpaths.vrpath
Unable to read VR Path Registry from C:\Users\1804002\AppData\Local\openvr\openvrpaths.vrpath
Unable to read VR Path Registry from C:\Users\1804002\AppData\Local\openvr\openvrpaths.vrpath
1525926906962	Marionette	INFO	Listening on port 8045
1525926907846	Marionette	WARN	TLS certificate errors will be ignored for this session
[Child 9288, Chrome_ChildThread] WARNING: pipe error: 109: file z:/build/build/src/ipc/chromium/src/chrome/common/ipc_channel_win.cc, line 346
[Child 9288, Chrome_ChildThread] WARNING: pi[Child 12084, Chrome_ChildThread] WARNING: pipe error: 109: file z:/build/build/src/ipc/chromium/src/chrome/common/ipc_channel_win.cc, line 346
[Child 12084, Chrome_ChildThread] WARNI[Child 4372, Chrome_ChildThread] WARNING: pipe error: 109: file z:/build/build/src/ipc/chromium/src/chrome/common/ipc_channel_win.cc, line 346
[Child 4372, Chrome_ChildThread] WARNING: pipe error: 109: file z:/build/build/src/ipc/chromium/src/chrome/common/ipc_channel_win.cc, line 346
[GPU 10100,
###!!! [Child][MessageChannel::SendAndWait] Error: Channel error: cannot send/recv

1525927370955	geckodriver	INFO	geckodriver 0.20.1
1525927370955	geckodriver	INFO	Listening on 127.0.0.1:14641
1525927373982	mozrunner::runner	INFO	Running command: "C:\\Program Files\\Mozilla Firefox\\firefox.exe" "-marionette" "-profile" "C:\\Users\\1804002\\AppData\\Local\\Temp\\rust_mozprofile.eeUlj3ICYq4Z"
Unable to read VR Path Registry from C:\Users\1804002\AppData\Local\openvr\openvrpaths.vrpath
1525927374520	Marionette	INFO	Enabled via --marionette
Unable to read VR Path Registry from C:\Users\1804002\AppData\Local\openvr\openvrpaths.vrpath
Unable to read VR Path Registry from C:\Users\1804002\AppData\Local\openvr\openvrpaths.vrpath
Unable to read VR Path Registry from C:\Users\1804002\AppData\Local\openvr\openvrpaths.vrpath
Unable to read VR Path Registry from C:\Users\1804002\AppData\Local\openvr\openvrpaths.vrpath
1525927376680	Marionette	INFO	Listening on port 14657
1525927377154	Marionette	WARN	TLS certificate errors will be ignored for this session
[Child 4828, Chrome_ChildThread] WARNING: pipe error: 109: file z:/build/build/src/ipc/chromium/src/chrome/common/ipc_channel_win.cc, line 346
[Child 4828, Chrome_ChildThread] WARNING: pipe error[Child 11676, Chrome_ChildThread] WARNING: pipe error: 109: file z:/build/build/src/ipc/chromium/src/chrome/common/ipc_channel_win.cc, line 346
[Child 11676, Chrome_ChildThread] WARNING: pipe error: 109: file z:/build/b[Child 6960, Chrome_ChildThread] WARNING: pipe error: 109: file z:/build/build/src/ipc/chromium/src/chrome/common/ipc_channel_win.cc, line 346
[Child 6960, Chrom
###!!! [Child][MessageChannel::SendAndWait] Error: Channel error: cannot send/recv

1525927835413	geckodriver	INFO	geckodriver 0.20.1
1525927835429	geckodriver	INFO	Listening on 127.0.0.1:7288
1525927838464	mozrunner::runner	INFO	Running command: "C:\\Program Files\\Mozilla Firefox\\firefox.exe" "-marionette" "-profile" "C:\\Users\\1804002\\AppData\\Local\\Temp\\rust_mozprofile.y3FDLj0ka0Ai"
Unable to read VR Path Registry from C:\Users\1804002\AppData\Local\openvr\openvrpaths.vrpath
1525927838886	Marionette	INFO	Enabled via --marionette
Unable to read VR Path Registry from C:\Users\1804002\AppData\Local\openvr\openvrpaths.vrpath
Unable to read VR Path Registry from C:\Users\1804002\AppData\Local\openvr\openvrpaths.vrpath
Unable to read VR Path Registry from C:\Users\1804002\AppData\Local\openvr\openvrpaths.vrpath
Unable to read VR Path Registry from C:\Users\1804002\AppData\Local\openvr\openvrpaths.vrpath
1525927840560	Marionette	INFO	Listening on port 7304
1525927841642	Marionette	WARN	TLS certificate errors will be ignored for this session
[Child 12228, Chrome_ChildThread] WARNING: pipe error: 109: file z:/build/build/src/ipc/chromium/src/chrome/common/ipc_channel_win.cc, line 346
[Child 12228, Chrome_ChildThread] WAR[Child 10784, Chrome_ChildThread] WARNING: pipe error: 109: file z:/build/build/src/ipc/chromium/src/chrome/common/ipc_channel_win.cc, line 346
[Child 10784, Chrome_ChildThread] WARNING: pipe error: 109: file z:/build/build/src/ipc/chromium/src/c[Child 1356, Chrome_ChildThread] WARNING: pipe error: 109: file z:/build/build/src/ipc/chromium/src/chrome/common/ipc_channel_win.cc, line 346
[Child 1356, Chrome_ChildThread] WARNING: pipe error: [GPU 6120, Chrome_ChildThread] 
###!!! [Child][MessageChannel::SendAndWait] Error: Channel error: cannot send/recv

1525928270050	geckodriver	INFO	geckodriver 0.20.1
1525928270066	geckodriver	INFO	Listening on 127.0.0.1:13823
1525928273100	mozrunner::runner	INFO	Running command: "C:\\Program Files\\Mozilla Firefox\\firefox.exe" "-marionette" "-profile" "C:\\Users\\1804002\\AppData\\Local\\Temp\\rust_mozprofile.bcNDVzlPMEnH"
Unable to read VR Path Registry from C:\Users\1804002\AppData\Local\openvr\openvrpaths.vrpath
1525928273626	Marionette	INFO	Enabled via --marionette
Unable to read VR Path Registry from C:\Users\1804002\AppData\Local\openvr\openvrpaths.vrpath
Unable to read VR Path Registry from C:\Users\1804002\AppData\Local\openvr\openvrpaths.vrpath
Unable to read VR Path Registry from C:\Users\1804002\AppData\Local\openvr\openvrpaths.vrpath
Unable to read VR Path Registry from C:\Users\1804002\AppData\Local\openvr\openvrpaths.vrpath
1525928275758	Marionette	INFO	Listening on port 13839
1525928276260	Marionette	WARN	TLS certificate errors will be ignored for this session
[Parent 8848, Gecko_IOThread] WARNING: pipe error: 109: file z:/build/build/src/ipc/chromium/src/chrome/common/ipc_channel_win.cc, line 346
[Child 8928, Chrome_ChildThread] WARNING: pipe error: 109: file z:/build/build/src/ipc/chromium/src/chrome/common/ipc_channel_win.cc, line 346
[Child 8928, Chrome_ChildThre[Parent 8848, Gecko_IOThread] WARNING: pipe error: 109: file z:/build/build/src/ipc/chromium/src/chrome/common/ipc_channel_win.cc, line 346
[Child 10640, Chrome_ChildThread] WARNING: pipe error: 109: file z:/build/build/src/ipc/chromium/src/chrome/common/ipc_channel_win.cc, line 346
[Child 10640, Chrome_ChildThread] WARNING: p[[GPU 9376, Chrom
###!!! [Child][MessageChannel::SendAndWait] Error: Channel error: cannot send/recv

1525928763475	geckodriver	INFO	geckodriver 0.20.1
1525928763481	geckodriver	INFO	Listening on 127.0.0.1:6530
1525928766477	mozrunner::runner	INFO	Running command: "C:\\Program Files\\Mozilla Firefox\\firefox.exe" "-marionette" "-profile" "C:\\Users\\1804002\\AppData\\Local\\Temp\\rust_mozprofile.8CBRIA0jBkbn"
Unable to read VR Path Registry from C:\Users\1804002\AppData\Local\openvr\openvrpaths.vrpath
1525928766948	Marionette	INFO	Enabled via --marionette
Unable to read VR Path Registry from C:\Users\1804002\AppData\Local\openvr\openvrpaths.vrpath
Unable to read VR Path Registry from C:\Users\1804002\AppData\Local\openvr\openvrpaths.vrpath
Unable to read VR Path Registry from C:\Users\1804002\AppData\Local\openvr\openvrpaths.vrpath
Unable to read VR Path Registry from C:\Users\1804002\AppData\Local\openvr\openvrpaths.vrpath
1525928768826	Marionette	INFO	Listening on port 6546
1525928769654	Marionette	WARN	TLS certificate errors will be ignored for this session
[Child 10676, Chrome_ChildThread] WARNING: pipe error: 109: file z:/build/build/src/ipc/chromium/src/chrome/common/ipc_channel_win.cc, line 346
[Child 10676, Chrome_ChildThread] WARNING: pipe error: 109: file z[Parent 7436, Gecko_IOThread] WARNING: pipe error: 109: file z:/build/build/src/ipc/chromium/src/chrome/common/ipc_channel_win.cc, line 346
[Child 4616, Chrome_ChildThread] WARNING: pipe error: 109: file z:/build/build/src/ipc/chromium/src/chrome/common/ipc_channel_win.cc, line 346
[Child 4616, Chrome_ChildThread] WARNING: pipe error: 109: file z:/build/build/src/ipc/chro[[GPU 11544, Chrome_Child
###!!! [Child][MessageChannel::SendAndWait] Error: Channel error: cannot send/recv

1525929224066	geckodriver	INFO	geckodriver 0.20.1
1525929224072	geckodriver	INFO	Listening on 127.0.0.1:13184
1525929227100	mozrunner::runner	INFO	Running command: "C:\\Program Files\\Mozilla Firefox\\firefox.exe" "-marionette" "-profile" "C:\\Users\\1804002\\AppData\\Local\\Temp\\rust_mozprofile.CP6qHPCK0qzK"
Unable to read VR Path Registry from C:\Users\1804002\AppData\Local\openvr\openvrpaths.vrpath
1525929227504	Marionette	INFO	Enabled via --marionette
Unable to read VR Path Registry from C:\Users\1804002\AppData\Local\openvr\openvrpaths.vrpath
Unable to read VR Path Registry from C:\Users\1804002\AppData\Local\openvr\openvrpaths.vrpath
Unable to read VR Path Registry from C:\Users\1804002\AppData\Local\openvr\openvrpaths.vrpath
Unable to read VR Path Registry from C:\Users\1804002\AppData\Local\openvr\openvrpaths.vrpath
1525929228970	Marionette	INFO	Listening on port 13199
1525929229118	Marionette	WARN	TLS certificate errors will be ignored for this session
[Child 6168, Chrome_ChildThread] WARNING: pipe error: 109: file z:/build/build/src/ipc/chromium/src/chrome/common/ipc_channel_win.cc, line 346
[Child 6168, Chrome_ChildThread] WARNING: pipe e[Parent 7336, Gecko_IOThread] WARNING: pipe error: 109: file z:/build/build/src/ipc/chromium/src/chrome/common/ipc_channel_win.cc, line 346
[Child 11988, Chrome_ChildThread] WARNING: pipe error: 109: file z:/build/build/src/ipc/chromium/src/chrome/common/ipc_channel_win.cc, line 346
[Child 11988, Chrome_ChildThread] WARNING: pipe error: 1[Child 2260, Chrome_ChildThread] WARNING: pipe error: 109: file z:/build/build/src/ipc/chromium/src/chrome/common/ipc_channel_win.cc, line 346
[Child 2260, Chrome_[GPU 10664, Chrome_ChildThread] WARNING: pipe error: 109: file z:/build/build/src/ipc/chromium/src/chrome/common/ipc_channel_win.cc, line 346

###!!! [Child][MessageChannel::SendAndWait] Error: Channel error: cannot send/recv

1525929682645	geckodriver	INFO	geckodriver 0.20.1
1525929682645	geckodriver	INFO	Listening on 127.0.0.1:1836
1525929685664	mozrunner::runner	INFO	Running command: "C:\\Program Files\\Mozilla Firefox\\firefox.exe" "-marionette" "-profile" "C:\\Users\\1804002\\AppData\\Local\\Temp\\rust_mozprofile.OCiMWccpnlvZ"
Unable to read VR Path Registry from C:\Users\1804002\AppData\Local\openvr\openvrpaths.vrpath
1525929686110	Marionette	INFO	Enabled via --marionette
Unable to read VR Path Registry from C:\Users\1804002\AppData\Local\openvr\openvrpaths.vrpath
Unable to read VR Path Registry from C:\Users\1804002\AppData\Local\openvr\openvrpaths.vrpath
Unable to read VR Path Registry from C:\Users\1804002\AppData\Local\openvr\openvrpaths.vrpath
Unable to read VR Path Registry from C:\Users\1804002\AppData\Local\openvr\openvrpaths.vrpath
1525929687738	Marionette	INFO	Listening on port 1852
1525929687744	Marionette	WARN	TLS certificate errors will be ignored for this session
[Child 7724, Chrome_ChildThread] WARNING: pipe error: 109: file z:/build/build/src/ipc/chromium/src/chrome/common/ipc_channel_win.cc, line 346
[Child 7724, Chrome_ChildTh[Parent 11748, Gecko_IOThread] WARNING: pipe error: 109: file z:/build/build/src/ipc/chromium/src/chrome/common/ipc_channel_win.cc, line 346
[Child 12036, Chrome_ChildThread] WARNING: pipe error: 109: file z:/build/build/src/ipc/chromium/src/chrome/common/ipc_channel_win.cc, line 346
[Child 12036, Chrome_ChildThread] WARNING: pipe error: 109:[Child 660, Chrome_ChildThread] WARNING: pipe error: 109: file z:/build/build/src/ipc/chro[GPU 99
###!!! [Child][MessageChannel::SendAndWait] Error: Channel error: cannot send/recv

1525930163878	geckodriver	INFO	geckodriver 0.20.1
1525930163878	geckodriver	INFO	Listening on 127.0.0.1:14481
1525930166924	mozrunner::runner	INFO	Running command: "C:\\Program Files\\Mozilla Firefox\\firefox.exe" "-marionette" "-profile" "C:\\Users\\1804002\\AppData\\Local\\Temp\\rust_mozprofile.CTLvN2XIZLks"
Unable to read VR Path Registry from C:\Users\1804002\AppData\Local\openvr\openvrpaths.vrpath
1525930167370	Marionette	INFO	Enabled via --marionette
Unable to read VR Path Registry from C:\Users\1804002\AppData\Local\openvr\openvrpaths.vrpath
Unable to read VR Path Registry from C:\Users\1804002\AppData\Local\openvr\openvrpaths.vrpath
Unable to read VR Path Registry from C:\Users\1804002\AppData\Local\openvr\openvrpaths.vrpath
Unable to read VR Path Registry from C:\Users\1804002\AppData\Local\openvr\openvrpaths.vrpath
1525930169532	Marionette	INFO	Listening on port 14497
1525930170098	Marionette	WARN	TLS certificate errors will be ignored for this session
[Child 8132, Chrome_ChildThread] WARNING: pipe error: 109: file z:/build/build/src/ipc/chromium/src/chrome/common/ipc_channel_win.cc, line 346
[Child 8132, Chrome_Chil[Parent 3252, Gecko_IOThread] WARNING: pipe error: 109: file z:/build/build/src/ipc/chromium/src/chrome/common/ipc_channel_win.cc, line 346
[Child 10512, Chrome_ChildThread] WARNING: pipe error: 109: file z:/build/build/src/ipc/chromium/src/chrome/common/ipc_channel_win.cc, line 346
[Child 10512, Chrome_ChildThread] WARNING: pipe[Child 12148, Chrome_ChildThread] WARNING: pipe error: 109: file z:/build/build/src/ipc/chromium/src/chrome/common/ipc_channel_win.cc, line 346
[Child 12148, Chrome_ChildThrea[GPU 10048, Ch
###!!! [Child][MessageChannel::SendAndWait] Error: Channel error: cannot send/recv

1525930645071	geckodriver	INFO	geckodriver 0.20.1
1525930645071	geckodriver	INFO	Listening on 127.0.0.1:12306
1525930648100	mozrunner::runner	INFO	Running command: "C:\\Program Files\\Mozilla Firefox\\firefox.exe" "-marionette" "-profile" "C:\\Users\\1804002\\AppData\\Local\\Temp\\rust_mozprofile.iwu9Kfaltsxf"
Unable to read VR Path Registry from C:\Users\1804002\AppData\Local\openvr\openvrpaths.vrpath
1525930648628	Marionette	INFO	Enabled via --marionette
Unable to read VR Path Registry from C:\Users\1804002\AppData\Local\openvr\openvrpaths.vrpath
Unable to read VR Path Registry from C:\Users\1804002\AppData\Local\openvr\openvrpaths.vrpath
Unable to read VR Path Registry from C:\Users\1804002\AppData\Local\openvr\openvrpaths.vrpath
Unable to read VR Path Registry from C:\Users\1804002\AppData\Local\openvr\openvrpaths.vrpath
1525930650346	Marionette	INFO	Listening on port 12319
1525930651270	Marionette	WARN	TLS certificate errors will be ignored for this session
[Parent 10276, Gecko_IOThread] WARNING: pipe error: 109: file z:/build/build/src/ipc/chromium/src/chrome/common/ipc_channel_win.cc, line 346
[Child 10576, Chrome_ChildThread] WARNING: pipe error: 109: file z:/build/build/src/ipc/chromium/src/chrome/common/ipc_channel_win.cc, line 346
[Child 10576, Chrome_Chi[Child 11420, Chrome_ChildThread] WARNING: pipe error: 109: file z:/build/build/src/ipc/chromium/src/chrome/common/ipc_channel_win.cc, line 346
[Child 11420, Chrome_ChildThread] WARNING: pipe error: 109: file z:/build/build/src/ipc/chromium/src/chrome/c[Child 9844, Chrome_ChildThread] WARNING: pipe error: 109: file z:/build/build/src/ipc/chromium/src/chrome/common/ipc_channel_win.cc, line 346
[Child 9844, Chro[GPU 10412, Chrome_C
###!!! [Child][MessageChannel::SendAndWait] Error: Channel error: cannot send/recv

1525931119002	geckodriver	INFO	geckodriver 0.20.1
1525931119002	geckodriver	INFO	Listening on 127.0.0.1:4578
1525931121998	mozrunner::runner	INFO	Running command: "C:\\Program Files\\Mozilla Firefox\\firefox.exe" "-marionette" "-profile" "C:\\Users\\1804002\\AppData\\Local\\Temp\\rust_mozprofile.pYAyCe6firVu"
Unable to read VR Path Registry from C:\Users\1804002\AppData\Local\openvr\openvrpaths.vrpath
1525931122444	Marionette	INFO	Enabled via --marionette
Unable to read VR Path Registry from C:\Users\1804002\AppData\Local\openvr\openvrpaths.vrpath
Unable to read VR Path Registry from C:\Users\1804002\AppData\Local\openvr\openvrpaths.vrpath
Unable to read VR Path Registry from C:\Users\1804002\AppData\Local\openvr\openvrpaths.vrpath
Unable to read VR Path Registry from C:\Users\1804002\AppData\Local\openvr\openvrpaths.vrpath
1525931124266	Marionette	INFO	Listening on port 4592
1525931125142	Marionette	WARN	TLS certificate errors will be ignored for this session
[Parent 11348, Gecko_IOThread] WARNING: pipe error: 109: file z:/build/build/src/ipc/chromium/src/chrome/common/ipc_channel_win.cc, line 346
[Child 8220, Chrome_ChildThread] WARNING: pipe error: 109: file z:/build/build/src/ipc/chromium/src/chrome/common/ipc_channel_win.cc, line 346
[Child 8220, Chrome_ChildThread[Parent 11348, Gecko_IOThread] WARNING: pipe error: 109: file z:/build/build/src/ipc/chromium/src/chrome/common/ipc_channel_win.cc, line 346
[Child 9512, Chrome_ChildThread] WARNING: pipe error: 109: file z:/build/build/src/ipc/chromium/src/chrome/common/ipc_channel_win.cc, line 346
[Child 9512, Chrome_ChildThread] WARNING: pipe error: 109: file z[Child 11024, Chrome_ChildThread] WARNING: pipe error: 109: file z:/build/build/src/ipc/chromium/src/chrome/common/ipc_channel_win.cc, line 346
[Child 11024, [GPU 10368, Chrome_ChildThread] WA
###!!! [Child][MessageChannel::SendAndWait] Error: Channel error: cannot send/recv

1525931610998	geckodriver	INFO	geckodriver 0.20.1
1525931611013	geckodriver	INFO	Listening on 127.0.0.1:9501
1525931614048	mozrunner::runner	INFO	Running command: "C:\\Program Files\\Mozilla Firefox\\firefox.exe" "-marionette" "-profile" "C:\\Users\\1804002\\AppData\\Local\\Temp\\rust_mozprofile.onAIE2ZIs8ww"
Unable to read VR Path Registry from C:\Users\1804002\AppData\Local\openvr\openvrpaths.vrpath
1525931614598	Marionette	INFO	Enabled via --marionette
Unable to read VR Path Registry from C:\Users\1804002\AppData\Local\openvr\openvrpaths.vrpath
Unable to read VR Path Registry from C:\Users\1804002\AppData\Local\openvr\openvrpaths.vrpath
Unable to read VR Path Registry from C:\Users\1804002\AppData\Local\openvr\openvrpaths.vrpath
Unable to read VR Path Registry from C:\Users\1804002\AppData\Local\openvr\openvrpaths.vrpath
1525931616348	Marionette	INFO	Listening on port 9515
1525931617214	Marionette	WARN	TLS certificate errors will be ignored for this session
[Child 11576, Chrome_ChildThread] WARNING: pipe error: 109: file z:/build/build/src/ipc/chromium/src/chrome/common/ipc_channel_win.cc, line 346
[Child 11576, Chrome_ChildThr[Parent 6348, Gecko_IOThread] WARNING: pipe error: 109: file z:/build/build/src/ipc/chromium/src/chrome/common/ipc_channel_win.cc, line 346
[Child 11716, Chrome_ChildThread] WARNING: pipe error: 109: file z:/build/build/src/ipc/chromium/src/chrome/common/ipc_channel_win.cc, line 346
[Child 11716, Chrome_ChildThread] WARNING: pipe error: 109: file z:/buil[GPU 4568, Chrome_ChildT
###!!! [Child][MessageChannel::SendAndWait] Error: Channel error: cannot send/recv

1525932085097	geckodriver	INFO	geckodriver 0.20.1
1525932085113	geckodriver	INFO	Listening on 127.0.0.1:10085
1525932088154	mozrunner::runner	INFO	Running command: "C:\\Program Files\\Mozilla Firefox\\firefox.exe" "-marionette" "-profile" "C:\\Users\\1804002\\AppData\\Local\\Temp\\rust_mozprofile.2YwOsFnBabMN"
Unable to read VR Path Registry from C:\Users\1804002\AppData\Local\openvr\openvrpaths.vrpath
1525932088706	Marionette	INFO	Enabled via --marionette
Unable to read VR Path Registry from C:\Users\1804002\AppData\Local\openvr\openvrpaths.vrpath
Unable to read VR Path Registry from C:\Users\1804002\AppData\Local\openvr\openvrpaths.vrpath
Unable to read VR Path Registry from C:\Users\1804002\AppData\Local\openvr\openvrpaths.vrpath
Unable to read VR Path Registry from C:\Users\1804002\AppData\Local\openvr\openvrpaths.vrpath
1525932090516	Marionette	INFO	Listening on port 10100
1525932091348	Marionette	WARN	TLS certificate errors will be ignored for this session
[Child 1512, Chrome_ChildThread] WARNING: pipe error: 109: file z:/build/build/src/ipc/chromium/src/chrome/common/ipc_channel_win.cc, line 346
[Child 1512, Chrome_ChildThr[Parent 7532, Gecko_IOThread] WARNING: pipe error: 109: file z:/build/build/src/ipc/chromium/src/chrome/common/ipc_channel_win.cc, line 346
[Child 6140, Chrome_ChildThread] WARNING: pipe error: 109: file z:/build/build/src/ipc/chromium/src/chrome/common/ipc_channel_win.cc, line 346
[Child 6140, Chrome_ChildThread] WARNING: pipe error:[[GPU 9816, Chrome_ChildThread] WARNI
###!!! [Child][MessageChannel::SendAndWait] Error: Channel error: cannot send/recv

1525932562916	geckodriver	INFO	geckodriver 0.20.1
1525932562932	geckodriver	INFO	Listening on 127.0.0.1:13727
1525932565951	mozrunner::runner	INFO	Running command: "C:\\Program Files\\Mozilla Firefox\\firefox.exe" "-marionette" "-profile" "C:\\Users\\1804002\\AppData\\Local\\Temp\\rust_mozprofile.yyBSXSu4KVUH"
Unable to read VR Path Registry from C:\Users\1804002\AppData\Local\openvr\openvrpaths.vrpath
1525932566376	Marionette	INFO	Enabled via --marionette
Unable to read VR Path Registry from C:\Users\1804002\AppData\Local\openvr\openvrpaths.vrpath
Unable to read VR Path Registry from C:\Users\1804002\AppData\Local\openvr\openvrpaths.vrpath
Unable to read VR Path Registry from C:\Users\1804002\AppData\Local\openvr\openvrpaths.vrpath
Unable to read VR Path Registry from C:\Users\1804002\AppData\Local\openvr\openvrpaths.vrpath
1525932567926	Marionette	INFO	Listening on port 13741
1525932568038	Marionette	WARN	TLS certificate errors will be ignored for this session
[Child 9136, Chrome_ChildThread] WARNING: pipe error: 109: file z:/build/build/src/ipc/chromium/src/chrome/common/ipc_channel_win.cc, line 346
[Child 9136, Chrome_C[Child 9832, Chrome_ChildThread] WARNING: pipe error: 109: file z:/build/build/src/ipc/chromium/src/chrome/common/ipc_channel_win.cc, line 346
[Child 9832, Chrome_ChildThread] WARNING: pipe error: 109: file z:/build/build/src/ipc/chromium/src/chrome/common/ipc_channel_win.cc, line 346
[[GPU 2688, Chrome_
###!!! [Child][MessageChannel::SendAndWait] Error: Channel error: cannot send/recv

1525933039297	geckodriver	INFO	geckodriver 0.20.1
1525933039303	geckodriver	INFO	Listening on 127.0.0.1:5470
1525933042304	mozrunner::runner	INFO	Running command: "C:\\Program Files\\Mozilla Firefox\\firefox.exe" "-marionette" "-profile" "C:\\Users\\1804002\\AppData\\Local\\Temp\\rust_mozprofile.Pu7cyFayHDes"
Unable to read VR Path Registry from C:\Users\1804002\AppData\Local\openvr\openvrpaths.vrpath
1525933042794	Marionette	INFO	Enabled via --marionette
Unable to read VR Path Registry from C:\Users\1804002\AppData\Local\openvr\openvrpaths.vrpath
Unable to read VR Path Registry from C:\Users\1804002\AppData\Local\openvr\openvrpaths.vrpath
Unable to read VR Path Registry from C:\Users\1804002\AppData\Local\openvr\openvrpaths.vrpath
Unable to read VR Path Registry from C:\Users\1804002\AppData\Local\openvr\openvrpaths.vrpath
1525933044848	Marionette	INFO	Listening on port 5483
1525933045782	Marionette	WARN	TLS certificate errors will be ignored for this session
[Child 8848, Chrome_ChildThread] WARNING: pipe error: 109: file z:/build/build/src/ipc/chromi[Child 12120, Chrome_ChildThread] WARNING: pipe error: 109: file z:/build/build/src/ipc/chromium/src/chrome/common/ipc_channel_win.cc, line 346
[Child 12120, Chrome_ChildThread] WARNING: pipe error: 109: file z:/build/build/src/ipc/chromium/src/chrome/common/ipc_channel_win.cc, line 346
[Child 11912, Chrome_ChildThread] WARNING: pipe error: 109: file z:/build/build/src/ipc/chromium/src/chrome/common/ipc_channel_win.cc, line 346
[Child 11912, Chrome_Ch[GPU 10836, Chrome_Chil
###!!! [Child][MessageChannel::SendAndWait] Error: Channel error: cannot send/recv

 read VR Path Registry from C:\Users\1804002\AppData\Local\openvr\openvrpaths.vrpath
Unable to read VR Path Registry from C:\Users\1804002\AppData\Local\openvr\openvrpaths.vrpath
1525933669008	Marionette	INFO	Listening on port 11317
1525933669476	addons.xpi	WARN	Exception running bootstrap method shutdown on activity-stream@mozilla.org: [Exception... "Component returned failure code: 0x80004005 (NS_ERROR_FAILURE) [nsIObserverService.removeObserver]"  nsresult: "0x80004005 (NS_ERROR_FAILURE)"  location: "JS frame :: resource://activity-stream/lib/SnippetsFeed.jsm :: uninit :: line 125"  data: no] Stack trace: uninit()@resource://activity-stream/lib/SnippetsFeed.jsm:125 < onAction()@resource://activity-stream/lib/SnippetsFeed.jsm:141 < _middleware/</<()@resource://activity-stream/lib/Store.jsm:51 < Store/this[method]()@resource://activity-stream/lib/Store.jsm:30 < uninit()@resource://activity-stream/lib/Store.jsm:153 < uninit()@resource://activity-stream/lib/ActivityStream.jsm:274 < uninit()@resource://gre/modules/addons/XPIProvider.jsm -> jar:file:///C:/Program%20Files/Mozilla%20Firefox/browser/features/activity-stream@mozilla.org.xpi!/bootstrap.js:80 < shutdown()@resource://gre/modules/addons/XPIProvider.jsm -> jar:file:///C:/Program%20Files/Mozilla%20Firefox/browser/features/activity-stream@mozilla.org.xpi!/bootstrap.js:196 < callBootstrapMethod()@resource://gre/modules/addons/XPIProvider.jsm:4419 < observe()@resource://gre/modules/addons/XPIProvider.jsm:2279
[Child 7364, Chrome_ChildThread] WARNING: pipe error: 109: file z:/build/build/src/ipc/chromium/src/chrome/common/ipc_c[Child 11164, Chromhannel_win.cc, lie_ChildTne 346
hread] WARNING:[Child 7364, C pipe error: 109: file z:/build/build/src/ipc/chromium/src/chrome/common/ipc_channel_win.cc, line 346
[Child 11164, Chrome_ChildThread] WARNING: pipe error: 109: file z:/build/build/src/ipc/chromium/src/chrome/common/ipc_cha[Child 2084, Chrome_ChildThread] WARNING: pipe error: 109: file z:/build/build/src/ipc/chromium/src/chrome/common/ipc_channel_win.cc, line 346
[Child 2084, Chrome_ChildThre*** UTM:SVC TimerManager:registerTimer called after profile-before-change notification. Ignoring timer registration for id: telemetry_modules_ping

###!!! [Child][MessageChannel::SendAndWait] Error: Channel error: cannot send/recv

1525933951746	geckodriver	INFO	geckodriver 0.20.1
1525933951752	geckodriver	INFO	Listening on 127.0.0.1:11882
1525933954775	mozrunner::runner	INFO	Running command: "C:\\Program Files\\Mozilla Firefox\\firefox.exe" "-marionette" "-profile" "C:\\Users\\1804002\\AppData\\Local\\Temp\\rust_mozprofile.pZ8894JuKdmS"
Unable to read VR Path Registry from C:\Users\1804002\AppData\Local\openvr\openvrpaths.vrpath
1525933955250	Marionette	INFO	Enabled via --marionette
Unable to read VR Path Registry from C:\Users\1804002\AppData\Local\openvr\openvrpaths.vrpath
Unable to read VR Path Registry from C:\Users\1804002\AppData\Local\openvr\openvrpaths.vrpath
Unable to read VR Path Registry from C:\Users\1804002\AppData\Local\openvr\openvrpaths.vrpath
Unable to read VR Path Registry from C:\Users\1804002\AppData\Local\openvr\openvrpaths.vrpath
1525933957140	Marionette	INFO	Listening on port 11896
1525933958162	Marionette	WARN	TLS certificate errors will be ignored for this session
[Child 11912, Chrome_ChildThread] WARNING: pipe error: 109: file z:/build/build/src/ipc/chromium/src/chrome/common/ipc_channel_win.cc, line 346
[Child 1[191Child 2, Chrome_ChildThread] WARNI11420, Chrome_ChildThread] WARNING: pipe error: 109: file z:/build/build/src/ipc/chromium/src/chrome/common/ipc_channel_win.cc, line 346
[Child 11420, Chrome_ChildThread] WARNING: pipe error: 109: file z:/build/build/src/ipc/chromium/src/chrome/common/ipc_channel_win.cc, line 346
[Parent 12272, Gecko_IOThread] WARNING: pipe error: 109: file z:/build/build/src/ipc/chromium/src/chrome/common/ipc_channel_win.cc, line 346
[GPU 2616, Chrome_Chil
###!!! [Child][MessageChannel::SendAndWait] Error: Channel error: cannot send/recv

1525934051269	geckodriver	INFO	geckodriver 0.20.1
1525934051288	geckodriver	INFO	Listening on 127.0.0.1:13300
1525934054309	mozrunner::runner	INFO	Running command: "C:\\Program Files\\Mozilla Firefox\\firefox.exe" "-marionette" "-profile" "C:\\Users\\1804002\\AppData\\Local\\Temp\\rust_mozprofile.gluGb5s8zPXJ"
Unable to read VR Path Registry from C:\Users\1804002\AppData\Local\openvr\openvrpaths.vrpath
1525934054908	Marionette	INFO	Enabled via --marionette
Unable to read VR Path Registry from C:\Users\1804002\AppData\Local\openvr\openvrpaths.vrpath
Unable to read VR Path Registry from C:\Users\1804002\AppData\Local\openvr\openvrpaths.vrpath
Unable to read VR Path Registry from C:\Users\1804002\AppData\Local\openvr\openvrpaths.vrpath
Unable to read VR Path Registry from C:\Users\1804002\AppData\Local\openvr\openvrpaths.vrpath
1525934056646	Marionette	INFO	Listening on port 13313
1525934057458	Marionette	WARN	TLS certificate errors will be ignored for this session
[Child 7444, Chrome_ChildThread] WARNING: pipe error: 109: file z:/build/build/src/ipc/chromium/src/chrome/common/ipc_channel_win.cc, line 346
[Child 7444, Chrome_ChildThread[Child 7884, Chrome_ChildThread] WARNING: pipe error: 109: file z:/build/build/src/ipc/chromium/src/chrome/common/ipc_channel_win.cc, line 346
[Child 7884, Chrome_ChildThread] WARNING: pipe error: 109: file z:/build/build/src/ipc/chromi[Parent 4464, Gecko_IOThread] WARNING: pipe error: 109: file z:/build/build/src/ipc/chromium/src/chrome/common/ipc_channel_win.cc, line 346
[Child 1372, Chrome_ChildThread] WARNING: pipe error: 109: file z:/build/build/src/ipc/chromium/src/chrome/common/ipc_channel_win.cc, line 346
[Child 1372, Chrome_ChildTh*** UTM:SVC TimerManager:registerTimer called after profile-before-change notification. Ignoring timer registration for id: telemetry_modules_ping

###!!! [Child][MessageChannel::SendAndWait] Error: Channel error: cannot send/recv

1525934073915	geckodriver	INFO	geckodriver 0.20.1
1525934073921	geckodriver	INFO	Listening on 127.0.0.1:13518
1525934076945	mozrunner::runner	INFO	Running command: "C:\\Program Files\\Mozilla Firefox\\firefox.exe" "-marionette" "-profile" "C:\\Users\\1804002\\AppData\\Local\\Temp\\rust_mozprofile.aqqeokaHEE3l"
Unable to read VR Path Registry from C:\Users\1804002\AppData\Local\openvr\openvrpaths.vrpath
1525934077502	Marionette	INFO	Enabled via --marionette
Unable to read VR Path Registry from C:\Users\1804002\AppData\Local\openvr\openvrpaths.vrpath
Unable to read VR Path Registry from C:\Users\1804002\AppData\Local\openvr\openvrpaths.vrpath
Unable to read VR Path Registry from C:\Users\1804002\AppData\Local\openvr\openvrpaths.vrpath
Unable to read VR Path Registry from C:\Users\1804002\AppData\Local\openvr\openvrpaths.vrpath
1525934079724	Marionette	INFO	Listening on port 13532
1525934080100	Marionette	WARN	TLS certificate errors will be ignored for this session
[Child 4976, Chrome_ChildThread] WARNING: pipe error: 109: file z:/build/build/src/ipc/chromium/src/chrome/common/ipc_channel_win.cc, line 346
[Child 4976, Chrome_ChildThre[Parent 8792, Gecko_IOThread] WARNING: pipe error: 109: file z:/build/build/src/ipc/chromium/src/chrome/common/ipc_channel_win.cc, line 346
[Child 11304, Chrome_ChildThread] WARNING: pipe error: 109: file z:/build/build/src/ipc/chromium/src/chrome/common/ipc_channel_win.cc, line 346
[Child 11304, Chrome_ChildThread] W[GPU 10908, Chrome_ChildThread] WARNING: pipe error: 109: file z:/build/build
###!!! [Child][MessageChannel::SendAndWait] Error: Channel error: cannot send/recv

1525934520441	geckodriver	INFO	geckodriver 0.20.1
1525934520447	geckodriver	INFO	Listening on 127.0.0.1:5976
1525934523463	mozrunner::runner	INFO	Running command: "C:\\Program Files\\Mozilla Firefox\\firefox.exe" "-marionette" "-profile" "C:\\Users\\1804002\\AppData\\Local\\Temp\\rust_mozprofile.0sVftzkA9nHA"
Unable to read VR Path Registry from C:\Users\1804002\AppData\Local\openvr\openvrpaths.vrpath
1525934523912	Marionette	INFO	Enabled via --marionette
Unable to read VR Path Registry from C:\Users\1804002\AppData\Local\openvr\openvrpaths.vrpath
Unable to read VR Path Registry from C:\Users\1804002\AppData\Local\openvr\openvrpaths.vrpath
Unable to read VR Path Registry from C:\Users\1804002\AppData\Local\openvr\openvrpaths.vrpath
Unable to read VR Path Registry from C:\Users\1804002\AppData\Local\openvr\openvrpaths.vrpath
1525934525952	Marionette	INFO	Listening on port 5990
1525934527192	Marionette	WARN	TLS certificate errors will be ignored for this session
[Child 1524, Chrome_ChildThread] WARNING: pipe error: 109: file z:/build/build/src/ipc/chromium/src/chrome/common/ipc_channel_win.cc, line 346
[Child 1524, Chrome_ChildThread] WARNING: [Child 9356, Chrome_ChildThread] WARNING: pipe error: 109: file z:/build/build/src/ipc/chromium/src/chrome/common/ipc_channel_win.cc, line 346
[Child 9356, Chrome_ChildThread] WARNING: pipe error:[Child 8220, Chrome_ChildThread] WARNING: pipe error: 109: file z:/build/build/src/ipc/chromium/src/chrome/common/ipc_channel_win.cc, line 346
[Child 8220, Chro
###!!! [Child][MessageChannel::SendAndWait] Error: Channel error: cannot send/recv

1525935003522	geckodriver	INFO	geckodriver 0.20.1
1525935003528	geckodriver	INFO	Listening on 127.0.0.1:9920
1525935006511	mozrunner::runner	INFO	Running command: "C:\\Program Files\\Mozilla Firefox\\firefox.exe" "-marionette" "-profile" "C:\\Users\\1804002\\AppData\\Local\\Temp\\rust_mozprofile.yVAYz1Smu0A9"
Unable to read VR Path Registry from C:\Users\1804002\AppData\Local\openvr\openvrpaths.vrpath
1525935007484	Marionette	INFO	Enabled via --marionette
Unable to read VR Path Registry from C:\Users\1804002\AppData\Local\openvr\openvrpaths.vrpath
Unable to read VR Path Registry from C:\Users\1804002\AppData\Local\openvr\openvrpaths.vrpath
Unable to read VR Path Registry from C:\Users\1804002\AppData\Local\openvr\openvrpaths.vrpath
Unable to read VR Path Registry from C:\Users\1804002\AppData\Local\openvr\openvrpaths.vrpath
1525935009752	Marionette	INFO	Listening on port 9934
1525935010124	Marionette	WARN	TLS certificate errors will be ignored for this session
[Child 12452, Chrome_ChildThread] WARNING: pipe error: 109: file z:/build/build/src/ipc/chromium/src/chrome/common/ipc_channel_win.cc, line 346
[Child 12452, Chrome_Chi[Child 13124, Chrome_ChildThread] WARNING: pipe error: 109: file z:/build/build/src/ipc/chromium/src/chrome/common/ipc_channel_win.cc, line 346
[Child 13124, Chrome_ChildThread] WARNING: pipe error: 109: file z:/build/build/src/ipc/chromium/src/chrome/common/ipc_channel_win.cc, line 346
[Child 12960, Chrome_ChildThread] WARNING: pipe error: 109: file z:/build/build/src/ipc/chromium/src/chrome/common/ipc_channel_win.cc, line 346
[Child 12960, Chrome_ChildT
###!!! [Child][MessageChannel::SendAndWait] Error: Channel error: cannot send/recv

1525935461956	geckodriver	INFO	geckodriver 0.20.1
1525935461963	geckodriver	INFO	Listening on 127.0.0.1:13907
1525935464965	mozrunner::runner	INFO	Running command: "C:\\Program Files\\Mozilla Firefox\\firefox.exe" "-marionette" "-profile" "C:\\Users\\1804002\\AppData\\Local\\Temp\\rust_mozprofile.Cb4UdL7HMfCl"
Unable to read VR Path Registry from C:\Users\1804002\AppData\Local\openvr\openvrpaths.vrpath
1525935465400	Marionette	INFO	Enabled via --marionette
Unable to read VR Path Registry from C:\Users\1804002\AppData\Local\openvr\openvrpaths.vrpath
Unable to read VR Path Registry from C:\Users\1804002\AppData\Local\openvr\openvrpaths.vrpath
Unable to read VR Path Registry from C:\Users\1804002\AppData\Local\openvr\openvrpaths.vrpath
Unable to read VR Path Registry from C:\Users\1804002\AppData\Local\openvr\openvrpaths.vrpath
1525935467062	Marionette	INFO	Listening on port 13922
1525935468074	Marionette	WARN	TLS certificate errors will be ignored for this session
[Child 10344, Chrome_ChildThread] WARNING: pipe error: 109: file z:/build/build/src/ipc/chromium/src/chrome/common/ipc_channel_win.cc, line 346
[Child 10344, Chrome_ChildTh[[Child 10628, Chrome_ChildThread] WARNING: pipe error: 109: file z:/build/build/src/ipc/chromium/src/chrome/common/ipc_channel_win.cc, line 346
[Child 10628, Chrom[GPU 8392, Chr
###!!! [Child][MessageChannel::SendAndWait] Error: Channel error: cannot send/recv

1525935922906	geckodriver	INFO	geckodriver 0.20.1
1525935922912	geckodriver	INFO	Listening on 127.0.0.1:12014
1525935925936	mozrunner::runner	INFO	Running command: "C:\\Program Files\\Mozilla Firefox\\firefox.exe" "-marionette" "-profile" "C:\\Users\\1804002\\AppData\\Local\\Temp\\rust_mozprofile.eIBIZ4zp22pE"
Unable to read VR Path Registry from C:\Users\1804002\AppData\Local\openvr\openvrpaths.vrpath
1525935926468	Marionette	INFO	Enabled via --marionette
Unable to read VR Path Registry from C:\Users\1804002\AppData\Local\openvr\openvrpaths.vrpath
Unable to read VR Path Registry from C:\Users\1804002\AppData\Local\openvr\openvrpaths.vrpath
Unable to read VR Path Registry from C:\Users\1804002\AppData\Local\openvr\openvrpaths.vrpath
Unable to read VR Path Registry from C:\Users\1804002\AppData\Local\openvr\openvrpaths.vrpath
1525935928646	Marionette	INFO	Listening on port 12027
1525935929046	Marionette	WARN	TLS certificate errors will be ignored for this session
[Child 7260, Chrome_ChildThread] WARNING: pipe error: 109: file z:/build/build/src/ipc/chromium/src/chrome/common/ipc_channel_win.cc, line 346
[Child 13216[Child 7260, , Chrome_ChildThread] WARNING: pipe error: 109: file z:/build/build/src/ipc/chromium/src/chrome/common/ipc_channel_win.cc, line 346
[Child 13216, Chrome_ChildThread] WARNING: pipe error: 109: file z:/build/build/src/ipc/chromium/src/chrome/common/ipc_channel_win.cc, line 346
[Child 12772, Chrome_ChildThread] WARNING: pipe error: 109: file z:/build/build/src/ipc/chromium/src/chrome/common/ipc_channel_win.cc, line 346
[Child 12772, Chrome_C[GPU 13300
###!!! [Child][MessageChannel::SendAndWait] Error: Channel error: cannot send/recv

1525936063899	geckodriver	INFO	geckodriver 0.20.1
1525936063905	geckodriver	INFO	Listening on 127.0.0.1:5625
1525936066920	mozrunner::runner	INFO	Running command: "C:\\Program Files\\Mozilla Firefox\\firefox.exe" "-marionette" "-profile" "C:\\Users\\1804002\\AppData\\Local\\Temp\\rust_mozprofile.IDYwiCZ4LAnl"
Unable to read VR Path Registry from C:\Users\1804002\AppData\Local\openvr\openvrpaths.vrpath
1525936067328	Marionette	INFO	Enabled via --marionette
Unable to read VR Path Registry from C:\Users\1804002\AppData\Local\openvr\openvrpaths.vrpath
Unable to read VR Path Registry from C:\Users\1804002\AppData\Local\openvr\openvrpaths.vrpath
Unable to read VR Path Registry from C:\Users\1804002\AppData\Local\openvr\openvrpaths.vrpath
Unable to read VR Path Registry from C:\Users\1804002\AppData\Local\openvr\openvrpaths.vrpath
1525936068912	Marionette	INFO	Listening on port 5664
1525936069098	Marionette	WARN	TLS certificate errors will be ignored for this session
[Parent 4916, Gecko_IOThread] WARNING: pipe error: 109: file z:/build/build/src/ipc/chromium/src/chrome/common/ipc_channel_win.cc, line 346
[Parent 4916, Gecko_IOThread] WARNING: pipe error: 109: file z:/build/build/src/ipc/chromium/src/chrome/common/ipc_channel_win.cc, line 346
[Child 12612, Chrome_ChildThread] WARNING: pipe error: 109: file z:/build/build/src/ipc/chromium/src/chrome/common/ipc_channel_win.cc, line 346
[Child 3572, Chrome_ChildThread] WARNING: pipe error: 109: file z:/build/build/src/ipc/chromium/src/chrome/common/ipc_channel_win.cc, line 346
[Child 3572, Chrome_ChildThread] WARNING: pipe error: 109: file z:/build/build/src/ipc/chromium/s[Parent 4916, Gecko_IOThread] WARNING: pipe error: 109: file z:/build/build/src/ipc/chromium/src/chrome/common/ipc_channel_win.cc, line 346
*** UTM:SVC TimerManager:registerTimer called after profile-before-change notification. Ignoring timer registration for id: telemetry_modules_ping

###!!! [Child][MessageChannel::SendAndWait] Error: Channel error: cannot send/recv

1525936130408	geckodriver	INFO	geckodriver 0.20.1
1525936130413	geckodriver	INFO	Listening on 127.0.0.1:6338
1525936133459	mozrunner::runner	INFO	Running command: "C:\\Program Files\\Mozilla Firefox\\firefox.exe" "-marionette" "-profile" "C:\\Users\\1804002\\AppData\\Local\\Temp\\rust_mozprofile.JA1MzhP0cU7W"
Unable to read VR Path Registry from C:\Users\1804002\AppData\Local\openvr\openvrpaths.vrpath
1525936133854	Marionette	INFO	Enabled via --marionette
Unable to read VR Path Registry from C:\Users\1804002\AppData\Local\openvr\openvrpaths.vrpath
Unable to read VR Path Registry from C:\Users\1804002\AppData\Local\openvr\openvrpaths.vrpath
Unable to read VR Path Registry from C:\Users\1804002\AppData\Local\openvr\openvrpaths.vrpath
Unable to read VR Path Registry from C:\Users\1804002\AppData\Local\openvr\openvrpaths.vrpath
1525936135938	Marionette	INFO	Listening on port 6354
1525936137518	Marionette	WARN	TLS certificate errors will be ignored for this session
[Parent 9928, Gecko_IOThread] WARNING: pipe error: 109: file z:/build/build/src/ipc/chromium/src/chrome/common/ipc_channel_win.cc, line 346
[Parent 9928, Gecko_IOThread] WARNING: pipe error: 109: file z:/build/build/src/ipc/chromium/src/chrome/common/ipc_channel_win.cc, line 346
[Child 4348, Chrome_ChildThread] WARNING: pipe error: 109: file z:/build/build/src/ipc/chromium/src/chrome/common/ipc_channel_win.cc, line 346
[Child 4348, Chrome_ChildThrea[Child 8992, Chrome_ChildThread] WARNING: pipe error: 109: file z:/build/build/src/ipc/chromium/src/chrome/common/ipc_channel_win.cc, line 346
[Child 8992, Chrome_ChildThread] WARNING: pipe error: 109: file z:/build/build/src/ipc/chromium/src/chrome/common/ipc_channel_win.cc, line 346
[Parent 9928, Gecko_IOThread] WARNING: pipe error: 109: file z:/build/build/src/ipc/chromium/src/chrome/common/ipc_channel_win.cc, line 346
[[GPU 12540, Chr
###!!! [Child][MessageChannel::SendAndWait] Error: Channel error: cannot send/recv

1525936396546	geckodriver	INFO	geckodriver 0.20.1
1525936396552	geckodriver	INFO	Listening on 127.0.0.1:9510
1525936399586	mozrunner::runner	INFO	Running command: "C:\\Program Files\\Mozilla Firefox\\firefox.exe" "-marionette" "-profile" "C:\\Users\\1804002\\AppData\\Local\\Temp\\rust_mozprofile.aeHMhVBanUoy"
Unable to read VR Path Registry from C:\Users\1804002\AppData\Local\openvr\openvrpaths.vrpath
1525936400032	Marionette	INFO	Enabled via --marionette
Unable to read VR Path Registry from C:\Users\1804002\AppData\Local\openvr\openvrpaths.vrpath
Unable to read VR Path Registry from C:\Users\1804002\AppData\Local\openvr\openvrpaths.vrpath
Unable to read VR Path Registry from C:\Users\1804002\AppData\Local\openvr\openvrpaths.vrpath
Unable to read VR Path Registry from C:\Users\1804002\AppData\Local\openvr\openvrpaths.vrpath
1525936402260	Marionette	INFO	Listening on port 9530
1525936402698	Marionette	WARN	TLS certificate errors will be ignored for this session
[Parent 6340, Gecko_IOThread] WARNING: pipe error: 109: file z:/build/build/src/ipc/chromium/src/chrome/common/ipc_channel_win.cc, line 346
[Child 12156, Chrome_ChildThread] WARNING: pipe error: 109: file z:/build/build/src/ipc/chromium/src/chr[ome/cChild 34ommon/ipc_c96, Chrome_ChildThrehannel_win.cc, line ad] WARNING: pipe error: 109346: file z:/bui
ld/build/src/ip[Childc/c 12156, Chrohromium/src/chrome/common/ipc_channel_win.cc, line 346
[Child 3496, Chrome_ChildThread] WARNING: pipe error: 109: file z:/build/build/src/ipc/chromium/src/chrome/common/ipc_channel_win.cc, lin[Child 2244, Chrome_ChildThread] WARNING: pipe error: 109: file z:/build/build/src/ipc/chromium/src/chrome/common/ipc_channel_win.cc, line 346
[Child 2244, Chrome_Chil[GPU 11988, Chr
###!!! [Child][MessageChannel::SendAndWait] Error: Channel error: cannot send/recv

1530276643592	geckodriver	INFO	geckodriver 0.20.1
1530276643625	geckodriver	INFO	Listening on 127.0.0.1:2571
1530276646643	mozrunner::runner	INFO	Running command: "C:\\Program Files\\Mozilla Firefox\\firefox.exe" "-marionette" "-profile" "C:\\Users\\Wantai\\AppData\\Local\\Temp\\rust_mozprofile.6TNEXXsboVWp"
1530276647992	Marionette	INFO	Enabled via --marionette
[GFX1-]: CreateShaderResourceView failed for format87
[GFX1-]: CreateShaderResourceView failed for format87
[GFX1-]: CreateShaderResourceView failed for format87
1530276649908	Marionette	INFO	Listening on port 2579
[GFX1-]: CreateShaderResourceView failed for format87
1530276650266	Marionette	WARN	TLS certificate errors will be ignored for this session
Unable to read VR Path Registry from C:\Users\Wantai\AppData\Local\openvr\openvrpaths.vrpath
[Child 6768, Chrome_ChildThread] WARNING: pipe error: 109: file z:/build/build/src/ipc/chromium/src/chrome/common/ipc_channel_win.cc, line 346
[Child 6768, Chrome_ChildThread] WARNING: pipe error: 109: file z:/build/build/src/ipc/chromium/src/chrome/common/ipc_channel_win.cc, line 346
Unable to read VR Path Registry from C:\Users\Wantai\AppData\Local\openvr\openvrpaths.vrpath
[Child 3644, Chrome_ChildThread] WARNING: pipe error: 109: file z:/build/build/src/ipc/chromium/src/chrome/common/ipc_channel_win.cc, line 346
*** UTM:SVC TimerManager:registerTimer called after profile-before-change notification. Ignoring timer registration for id: telemetry_modules_ping
Unable to read VR Path Registry from C:\Users\Wantai\AppData\Local\openvr\openvrpaths.vrpath
1530276681743	geckodriver	INFO	geckodriver 0.20.1
1530276681751	geckodriver	INFO	Listening on 127.0.0.1:2623
1530276684813	mozrunner::runner	INFO	Running command: "C:\\Program Files\\Mozilla Firefox\\firefox.exe" "-marionette" "-profile" "C:\\Users\\Wantai\\AppData\\Local\\Temp\\rust_mozprofile.lOe2FX6iAAPp"
1530276685536	Marionette	INFO	Enabled via --marionette
[GFX1-]: CreateShaderResourceView failed for format87
[GFX1-]: CreateShaderResourceView failed for format87
[GFX1-]: CreateShaderResourceView failed for format87
1530276686534	Marionette	INFO	Listening on port 2631
[GFX1-]: CreateShaderResourceView failed for format87
1530276686824	Marionette	WARN	TLS certificate errors will be ignored for this session
IPDL protocol error: Handler returned error code!

###!!! [Parent][DispatchAsyncMessage] Error: PAPZCTreeManager::Msg_SetTargetAPZC Processing error: message was deserialized, but the handler returned false (indicating failure)

Unable to read VR Path Registry from C:\Users\Wantai\AppData\Local\openvr\openvrpaths.vrpath
[Parent 8704, G1530276705224	mozrunner::runner	INFO	Running command: "C:\\Program Files\\Mozilla Firefox\\firefox.exe" "-marionette" "-profile" "C:\\Users\\Wantai\\AppData\\Local\\Temp\\rust_mozprofile.FjtVublVEqeP"
1530276705970	Marionette	INFO	Enabled via --marionette
[GFX1-]: CreateShaderResourceView failed for format87
[GFX1-]: CreateShaderResourceView failed for format87
[GFX1-]: CreateShaderResourceView failed for format87
[GFX1-]: CreateShaderResourceView failed for format87
1530276706970	Marionette	INFO	Listening on port 2681
1530276707230	Marionette	WARN	TLS certificate errors will be ignored for this session
Unable to read VR Path Registry from C:\Users\Wantai\AppData\Local\openvr\openvrpaths.vrpath
JavaScript warning: http://railway.hinet.net/Foreign/common/check_etno1.jsp?language=zh_TW, line 1: unreachable code after return statement
JavaScript warning: http://railway.hinet.net/Foreign/common/check_etno1.jsp?language=zh_TW line 31 > eval, line 1: unreachable code after return statement
JavaScript warning: http://railway.hinet.net/Foreign/common/check_etno1.jsp?language=zh_TW line 31 > eval, line 1: Error: WebGL warning: getParameter: parameter: invalid enum value VERTEX_ATTRIB_ARRAY_DIVISOR
JavaScript warning: http://railway.hinet.net/Foreign/common/check_etno1.jsp?language=zh_TW line 31 > eval, line 1: Error: WebGL warning: getParameter: parameter: invalid enum value MIN
JavaScript warning: http://railway.hinet.net/Foreign/common/check_etno1.jsp?language=zh_TW line 31 > eval, line 1: Error: WebGL warning: getParameter: parameter: invalid enum value MAX
JavaScript warning: http://railway.hinet.net/Foreign/common/check_etno1.jsp?language=zh_TW line 31 > eval, line 1: Error: WebGL warning: getParameter: parameter: invalid enum value RGBA16F
JavaScript warning: http://railway.hinet.net/Foreign/common/check_etno1.jsp?language=zh_TW line 31 > eval, line 1: Error: WebGL warning: getParameter: parameter: invalid enum value RGB16F
JavaScript warning: http://railway.hinet.net/Foreign/common/check_etno1.jsp?language=zh_TW line 31 > eval, line 1: Error: WebGL warning: getParameter: parameter: invalid enum value FRAMEBUFFER_ATTACHMENT_COMPONENT_TYPE
JavaScript warning: http://railway.hinet.net/Foreign/common/check_etno1.jsp?language=zh_TW line 31 > eval, line 1: Error: WebGL warning: getParameter: parameter: invalid enum value UNSIGNED_NORMALIZED
JavaScript warning: http://railway.hinet.net/Foreign/common/check_etno1.jsp?language=zh_TW line 31 > eval, line 1: Error: WebGL warning: getParameter: parameter: invalid enum value SRGB
JavaScript warning: http://railway.hinet.net/Foreign/common/check_etno1.jsp?language=zh_TW line 31 > eval, line 1: Error: WebGL warning: getParameter: parameter: invalid enum value SRGB_ALPHA
JavaScript warning: http://railway.hinet.net/Foreign/common/check_etno1.jsp?language=zh_TW line 31 > eval, line 1: Error: WebGL warning: getParameter: parameter: invalid enum value SRGB8_ALPHA8
JavaScript warning: http://railway.hinet.net/Foreign/common/check_etno1.jsp?language=zh_TW line 31 > eval, line 1: Error: WebGL warning: getParameter: parameter: invalid enum value FRAMEBUFFER_ATTACHMENT_COLOR_ENCODING
JavaScript warning: http://railway.hinet.net/Foreign/common/check_etno1.jsp?language=zh_TW line 31 > eval, line 1: Error: WebGL warning: getParameter: parameter: invalid enum value <enum 0x84fe>
JavaScript warning: http://railway.hinet.net/Foreign/common/check_etno1.jsp?language=zh_TW line 31 > eval, line 1: Error: WebGL warning: getParameter: parameter: invalid enum value <enum 0x8d61>
JavaScript warning: http://railway.hinet.net/Foreign/common/check_etno1.jsp?language=zh_TW line 31 > eval, line 1: Error: WebGL warning: getParameter: parameter: invalid enum value RGBA32F
JavaScript warning: http://railway.hinet.net/Foreign/common/check_etno1.jsp?language=zh_TW line 31 > eval, line 1: Error: WebGL warning: getParameter: parameter: invalid enum value RGB32F
JavaScript warning: http://railway.hinet.net/Foreign/common/check_etno1.jsp?language=zh_TW line 31 > eval, line 1: Error: WebGL warning: getParameter: parameter: invalid enum value FRAMEBUFFER_ATTACHMENT_COMPONENT_TYPE
JavaScript warning: http://railway.hinet.net/Foreign/common/check_etno1.jsp?language=zh_TW line 31 > eval, line 1: Error: WebGL warning: getParameter: parameter: invalid enum value UNSIGNED_NORMALIZED
JavaScript warning: http://railway.hinet.net/Foreign/common/check_etno1.jsp?language=zh_TW line 31 > eval, line 1: Error: WebGL warning: getParameter: parameter: invalid enum value COMPRESSED_RGB_S3TC_DXT1_EXT
JavaScript warning: http://railway.hinet.net/Foreign/common/check_etno1.jsp?language=zh_TW line 31 > eval, line 1: Error: WebGL warning: getParameter: parameter: invalid enum value COMPRESSED_RGBA_S3TC_DXT1_EXT
JavaScript warning: http://railway.hinet.net/Foreign/common/check_etno1.jsp?language=zh_TW line 31 > eval, line 1: Error: WebGL warning: getParameter: parameter: invalid enum value COMPRESSED_RGBA_S3TC_DXT3_EXT
JavaScript warning: http://railway.hinet.net/Foreign/common/check_etno1.jsp?language=zh_TW line 31 > eval, line 1: Error: WebGL warning: getParameter: parameter: invalid enum value COMPRESSED_RGBA_S3TC_DXT5_EXT
JavaScript warning: http://railway.hinet.net/Foreign/common/check_etno1.jsp?language=zh_TW line 31 > eval, line 1: Error: WebGL warning: getParameter: parameter: invalid enum value <enum 0x8c4c>
JavaScript warning: http://railway.hinet.net/Foreign/common/check_etno1.jsp?language=zh_TW line 31 > eval, line 1: Error: WebGL warning: getParameter: parameter: invalid enum value <enum 0x8c4d>
JavaScript warning: http://railway.hinet.net/Foreign/common/check_etno1.jsp?language=zh_TW line 31 > eval, line 1: Error: WebGL warning: getParameter: parameter: invalid enum value <enum 0x8c4e>
JavaScript warning: http://railway.hinet.net/Foreign/common/check_etno1.jsp?language=zh_TW line 31 > eval, line 1: Error: WebGL warning: getParameter: parameter: invalid enum value <enum 0x8c4f>
JavaScript warning: http://railway.hinet.net/Foreign/common/check_etno1.jsp?language=zh_TW line 31 > eval, line 1: Error: WebGL warning: getParameter: parameter: invalid enum value UNSIGNED_INT_24_8
JavaScript warning: http://railway.hinet.net/Foreign/common/check_etno1.jsp?language=zh_TW line 31 > eval, line 1: Error: WebGL warning: getParameter: parameter: invalid enum value COLOR_ATTACHMENT0
JavaScript warning: http://railway.hinet.net/Foreign/common/check_etno1.jsp?language=zh_TW line 31 > eval, line 1: Error: WebGL warning: getParameter: parameter: invalid enum value COLOR_ATTACHMENT1
JavaScript warning: http://railway.hinet.net/Foreign/common/check_etno1.jsp?language=zh_TW line 31 > eval, line 1: Error: WebGL warning: getParameter: parameter: invalid enum value COLOR_ATTACHMENT2
JavaScript warning: http://railway.hinet.net/Foreign/common/check_etno1.jsp?language=zh_TW line 31 > eval, line 1: Error: WebGL warning: getParameter: parameter: invalid enum value COLOR_ATTACHMENT3
JavaScript warning: http://railway.hinet.net/Foreign/common/check_etno1.jsp?language=zh_TW line 31 > eval, line 1: Error: WebGL warning: getParameter: parameter: invalid enum value COLOR_ATTACHMENT4
JavaScript warning: http://railway.hinet.net/Foreign/common/check_etno1.jsp?language=zh_TW line 31 > eval, line 1: Error: WebGL warning: getParameter: parameter: invalid enum value COLOR_ATTACHMENT5
JavaScript warning: http://railway.hinet.net/Foreign/common/check_etno1.jsp?language=zh_TW line 31 > eval, line 1: Error: WebGL: No further warnings will be reported for this WebGL context. (already reported 32 warnings)
JavaScript warning: http://railway.hinet.net/Foreign/common/eng_order_no1.jsp;jsessionid=NIlLmaKvnI7SK-n50FNTl25yoALEb4CZrwmZB9HdmBkMeBvkfa-v!-1933640537?GnOunE=qA4IggcWHjgRUgNvQG8bSeTwCXIne1hjdPP14lFl0VhgY_Sz0nTLRsPPnXtvtqvQkL6cYUHofdrj6Wfy4rqBV465XGrSdXejab9HPC00cDKoDS6KVD7.dlGbfEu9oa_FTpqylvfsJVhPj0ki, line 1: unreachable code after return statement
JavaScript warning: http://railway.hinet.net/Foreign/common/eng_order_no1.jsp;jsessionid=NIlLmaKvnI7SK-n50FNTl25yoALEb4CZrwmZB9HdmBkMeBvkfa-v!-1933640537?GnOunE=qA4IggcWHjgRUgNvQG8bSeTwCXIne1hjdPP14lFl0VhgY_Sz0nTLRsPPnXtvtqvQkL6cYUHofdrj6Wfy4rqBV465XGrSdXejab9HPC00cDKoDS6KVD7.dlGbfEu9oa_FTpqylvfsJVhPj0ki line 38 > eval, line 1: unreachable code after return statement
JavaScript warning: http://railway.hinet.net/Foreign/common/check_etno1.jsp, line 1: unreachable code after return statement
JavaScript warning: http://railway.hinet.net/Foreign/common/check_etno1.jsp line 31 > eval, line 1: unreachable code after return statement
JavaScript warning: http://railway.hinet.net/Foreign/common/eng_order_no1.jsp?GnOunE=qA4p.Q4cQirUlQGWZEUd0QLw7MdvQCMBtEPIDGmJDpDT9K.5BBS31Ba9FguML9a1l5aMekdSGkm4jz35_vKQnuJj6EEix8e.u4cIyEh8Zi5x5wpuEW0TV2dTuzzADMYjqYtpKHl1kZQ6.HrZ, line 1: unreachable code after return statement
JavaScript warning: http://railway.hinet.net/Foreign/common/eng_order_no1.jsp?GnOunE=qA4p.Q4cQirUlQGWZEUd0QLw7MdvQCMBtEPIDGmJDpDT9K.5BBS31Ba9FguML9a1l5aMekdSGkm4jz35_vKQnuJj6EEix8e.u4cIyEh8Zi5x5wpuEW0TV2dTuzzADMYjqYtpKHl1kZQ6.HrZ line 38 > eval, line 1: unreachable code after return statement
Unable to read VR Path Registry from C:\Users\Wantai\AppData\Local\openvr\openvrpaths.vrpath
[Parent 6736, Gecko_IOThread] WARNING: pipe error: 109: file z:/build/build/src/ipc/chromium/src/chrome/common/ipc_channel_win.cc, line 346
[Child 8796, Chrome_ChildThread] WARNING: pipe error: 109: file z:/build/build/src/ipc/chromium/src/chrome/common/ipc_channel_win.cc, line 346
[Child 8796, Chrome_ChildThread] WARNING: pipe error: 109: file z:/build/build/src/ipc/chromium/src/chrome/common/ipc_channel_win.cc, line 346
Unable to read VR Path Registry from C:\Users\Wantai\AppData\Local\openvr\openvrpaths.vrpath
[Child 4980, Chrome_ChildThread] WARNING: pipe error: 109: file z:/build/build/src/ipc/chromium/src/chrome/common/ipc_channel_win.cc, line 346
[Child 4980, Chrome_ChildThread] WARNING: pipe error: 109: file z:/build/build/src/ipc/chromium/src/chrome/common/ipc_channel_win.cc, line 346
[Parent 6736, Gecko_IOThread] WARNING: pipe error: 109: file z:/build/build/src/ipc/chromium/src/chrome/common/ipc_channel_win.cc, line 346
Unable to read VR Path Registry from C:\Users\Wantai\AppData\Local\openvr\openvrpaths.vrpath
[Child 8060, Chrome_ChildThread] WARNING: pipe error: 109: file z:/build/build/src/ipc/chromium/src/chrome/common/ipc_channel_win.cc, line 346
*** UTM:SVC TimerManager:registerTimer called after profile-before-change notification. Ignoring timer registration for id: telemetry_modules_ping

###!!! [Child][MessageChannel::SendAndWait] Error: Channel error: cannot send/recv

