1527262662271	geckodriver	INFO	geckodriver 0.20.1
1527262662278	geckodriver	INFO	Listening on 127.0.0.1:6395
1527262665293	mozrunner::runner	INFO	Running command: "C:\\Program Files\\Mozilla Firefox\\firefox.exe" "-marionette" "-profile" "C:\\Users\\Wantai\\AppData\\Local\\Temp\\rust_mozprofile.cpCSp2VvWX0n"
1527262665768	Marionette	INFO	Enabled via --marionette
[GFX1-]: CreateShaderResourceView failed for format87
[GFX1-]: CreateShaderResourceView failed for format87
[GFX1-]: CreateShaderResourceView failed for format87
[GFX1-]: CreateShaderResourceView failed for format87
1527262666878	Marionette	INFO	Listening on port 6405
1527262666896	Marionette	WARN	TLS certificate errors will be ignored for this session
IPDL protocol error: Handler returned error code!

###!!! [Parent][DispatchAsyncMessage] Error: PAPZCTreeManager::Msg_SetTargetAPZC Processing error: message was deserialized, but the handler returned false (indicating failure)

Unable to read VR Path Registry from C:\Users\Wantai\AppData\Local\openvr\openvrpaths.vrpath
[Parent 7912, Gecko_IOThread] WARNING: pipe error: 109: file z:/build/build/src/ipc/chromium/src/chrome/common/ipc_channel_win.cc, line 346
Unable to read VR Path Registry from C:\Users\Wantai\AppData\Local\openvr\openvrpaths.vrpath
[Child 9876, Chrome_ChildThread] WARNING: pipe error: 109: file z:/build/build/src/ipc/chromium/src/chrome/common/ipc_channel_win.cc, line 346
[Child 9876, Chrome_ChildThread] WARNING: pipe error: 109: file z:/build/build/src/ipc/chromium/src/chrome/common/ipc_channel_win.cc, line 346
Unable to read VR Path Registry from C:\Users\Wantai\AppData\Local\openvr\openvrpaths.vrpath
[Child 7972, Chrome_ChildThread] WARNING: pipe error: 109: file z:/build/build/src/ipc/chromium/src/chrome/common/ipc_channel_win.cc, line 346
[Child 7972, Chrome_ChildThread] WARNING: pipe error: 109: file z:/build/build/src/ipc/chromium/src/chrome/common/ipc_channel_win.cc, line 346

###!!! [Child][MessageChannel::SendAndWait] Error: Channel error: cannot send/recv

1527262810464	geckodriver	INFO	geckodriver 0.20.1
1527262810473	geckodriver	INFO	Listening on 127.0.0.1:8076
1527262813487	mozrunner::runner	INFO	Running command: "C:\\Program Files\\Mozilla Firefox\\firefox.exe" "-marionette" "-profile" "C:\\Users\\Wantai\\AppData\\Local\\Temp\\rust_mozprofile.zqzC7UQyV0lV"
1527262813920	Marionette	INFO	Enabled via --marionette
[GFX1-]: CreateShaderResourceView failed for format87
[GFX1-]: CreateShaderResourceView failed for format87
[GFX1-]: CreateShaderResourceView failed for format87
[GFX1-]: CreateShaderResourceView failed for format87
1527262815030	Marionette	INFO	Listening on port 8088
1527262815502	Marionette	WARN	TLS certificate errors will be ignored for this session
Unable to read VR Path Registry from C:\Users\Wantai\AppData\Local\openvr\openvrpaths.vrpath
[Parent 2996, Gecko_IOThread] WARNING: pipe error: 109: file z:/build/build/src/ipc/chromium/src/chrome/common/ipc_channel_win.cc, line 346
[Parent 2996, Gecko_IOThread] WARNING: pipe error: 109: file z:/build/build/src/ipc/chromium/src/chrome/common/ipc_channel_win.cc, line 346
Unable to read VR Path Registry from C:\Users\Wantai\AppData\Local\openvr\openvrpaths.vrpath
[Child 9836, Chrome_ChildThread] WARNING: pipe error: 109: file z:/build/build/src/ipc/chromium/src/chrome/common/ipc_channel_win.cc, line 346
[Child 9836, Chrome_ChildThread] WARNING: pipe error: 109: file z:/build/build/src/ipc/chromium/src/chrome/common/ipc_channel_win.cc, line 346
Unable to read VR Path Registry from C:\Users\Wantai\AppData\Local\openvr\openvrpaths.vrpath
[Child 8556, Chrome_ChildThread] WARNING: pipe error: 109: file z:/build/build/src/ipc/chromium/src/chrome/common/ipc_channel_win.cc, line 346
Unable to read VR Path Registry from C:\Users\Wantai\AppData\Local\openvr\openvrpaths.vrpath
[Child 7284, Chrome_ChildThread] WARNING: pipe error: 109: file z:/build/build/src/ipc/chromium/src/chrome/common/ipc_channel_win.cc, line 346
[Child 7284, Chrome_ChildThread] WARNING: pipe error: 109: file z:/build/build/src/ipc/chromium/src/chrome/common/ipc_channel_win.cc, line 346
Unable to read VR Path Registry from C:\Users\Wantai\AppData\Local\openvr\openvrpaths.vrpath
[GPU 9480, Chrome_ChildThread] WARNING: pipe error: 109: file z:/build/build/src/ipc/chromium/src/chrome/common/ipc_channel_win.cc, line 346

###!!! [Child][MessageChannel::SendAndWait] Error: Channel error: cannot send/recv

1527262921511	geckodriver	INFO	geckodriver 0.20.1
1527262921519	geckodriver	INFO	Listening on 127.0.0.1:8257
1527262924543	mozrunner::runner	INFO	Running command: "C:\\Program Files\\Mozilla Firefox\\firefox.exe" "-marionette" "-profile" "C:\\Users\\Wantai\\AppData\\Local\\Temp\\rust_mozprofile.bWljzObZPuoB"
1527262925000	Marionette	INFO	Enabled via --marionette
[GFX1-]: CreateShaderResourceView failed for format87
[GFX1-]: CreateShaderResourceView failed for format87
[GFX1-]: CreateShaderResourceView failed for format87
[GFX1-]: CreateShaderResourceView failed for format87
1527262926062	Marionette	INFO	Listening on port 8283
1527262926550	Marionette	WARN	TLS certificate errors will be ignored for this session
Unable to read VR Path Registry from C:\Users\Wantai\AppData\Local\openvr\openvrpaths.vrpath
[Child 9676, Chrome_ChildThread] WARNING: pipe error: 109: file z:/build/build/src/ipc/chromium/src/chrome/common/ipc_channel_win.cc, line 346
[Child 9676, Chrome_ChildThread] WARNING: pipe error: 109: file z:/build/build/src/ipc/chromium/src/chrome/common/ipc_channel_win.cc, line 346
Unable to read VR Path Registry from C:\Users\Wantai\AppData\Local\openvr\openvrpaths.vrpath
[Parent 5768, Gecko_IOThread] WARNING: pipe error: 109: file z:/build/build/src/ipc/chromium/src/chrome/common/ipc_channel_win.cc, line 346
Unable to read VR Path Registry from C:\Users\Wantai\AppData\Local\openvr\openvrpaths.vrpath
[Child 9620, Chrome_ChildThread] WARNING: pipe error: 109: file z:/build/build/src/ipc/chromium/src/chrome/common/ipc_channel_win.cc, line 346
[Child 9620, Chrome_ChildThread] WARNING: pipe error: 109: file z:/build/build/src/ipc/chromium/src/chrome/common/ipc_channel_win.cc, line 346
[Parent 5768, Gecko_IOThread] WARNING: pipe error: 109: file z:/build/build/src/ipc/chromium/src/chrome/common/ipc_channel_win.cc, line 346
Unable to read VR Path Registry from C:\Users\Wantai\AppData\Local\openvr\openvrpaths.vrpath
[Child 8912, Chrome_ChildThread] WARNING: pipe error: 109: file z:/build/build/src/ipc/chromium/src/chrome/common/ipc_channel_win.cc, line 346
[Child 8912, Chrome_ChildThread] WARNING: pipe error: 109: file z:/build/build/src/ipc/chromium/src/chrome/common/ipc_channel_win.cc, line 346

###!!! [Child][MessageChannel::SendAndWait] Error: Channel error: cannot send/recv

1527263010831	geckodriver	INFO	geckodriver 0.20.1
1527263010838	geckodriver	INFO	Listening on 127.0.0.1:8528
1527263013868	mozrunner::runner	INFO	Running command: "C:\\Program Files\\Mozilla Firefox\\firefox.exe" "-marionette" "-profile" "C:\\Users\\Wantai\\AppData\\Local\\Temp\\rust_mozprofile.gsHZ1aSh00JP"
1527263014332	Marionette	INFO	Enabled via --marionette
[GFX1-]: CreateShaderResourceView failed for format87
[GFX1-]: CreateShaderResourceView failed for format87
[GFX1-]: CreateShaderResourceView failed for format87
[GFX1-]: CreateShaderResourceView failed for format87
1527263015388	Marionette	INFO	Listening on port 8541
1527263015876	Marionette	WARN	TLS certificate errors will be ignored for this session
Unable to read VR Path Registry from C:\Users\Wantai\AppData\Local\openvr\openvrpaths.vrpath
[Parent 7528, G1527263492563	mozrunner::runner	INFO	Running command: "C:\\Program Files\\Mozilla Firefox\\firefox.exe" "-marionette" "-profile" "C:\\Users\\Wantai\\AppData\\Local\\Temp\\rust_mozprofile.9YJtMX01fWtE"
1527263492996	Marionette	INFO	Enabled via --marionette
[GFX1-]: CreateShaderResourceView failed for format87
[GFX1-]: CreateShaderResourceView failed for format87
[GFX1-]: CreateShaderResourceView failed for format87
[GFX1-]: CreateShaderResourceView failed for format87
1527263494000	Marionette	INFO	Listening on port 9522
1527263494074	Marionette	WARN	TLS certificate errors will be ignored for this session
Unable to read VR Path Registry from C:\Users\Wantai\AppData\Local\openvr\openvrpaths.vrpath
[Child 4476, Chrome_ChildThread] WARNING: pipe error: 109: file z:/build/build/src/ipc/chromium/src/chrome/common/ipc_channel_win.cc, line 346
Unable to read VR Path Registry from C:\Users\Wantai\AppData\Local\openvr\openvrpaths.vrpath
[Child 8584, Chrome_ChildThread] WARNING: pipe error: 109: file z:/build/build/src/ipc/chromium/src/chrome/common/ipc_channel_win.cc, line 346
[Child 8584, Chrome_ChildThread] WARNING: pipe error: 109: file z:/build/build/src/ipc/chromium/src/chrome/common/ipc_channel_win.cc, line 346
Unable to read VR Path Registry from C:\Users\Wantai\AppData\Local\openvr\openvrpaths.vrpath
[GPU 1584, Chrome_ChildThread] WARNING: pipe error: 109: file z:/build/build/src/ipc/chromium/src/chrome/common/ipc_channel_win.cc, line 346

###!!! [Child][MessageChannel::SendAndWait] Error: Channel error: cannot send/recv

Unable to read VR Path Registry from C:\Users\Wantai\AppData\Local\openvr\openvrpaths.vrpath
1527263815116	geckodriver	INFO	geckodriver 0.20.1
1527263815123	geckodriver	INFO	Listening on 127.0.0.1:10167
1527263818147	mozrunner::runner	INFO	Running command: "C:\\Program Files\\Mozilla Firefox\\firefox.exe" "-marionette" "-profile" "C:\\Users\\Wantai\\AppData\\Local\\Temp\\rust_mozprofile.KI954H4V05es"
1527263818558	Marionette	INFO	Enabled via --marionette
[GFX1-]: CreateShaderResourceView failed for format87
[GFX1-]: CreateShaderResourceView failed for format87
[GFX1-]: CreateShaderResourceView failed for format87
[GFX1-]: CreateShaderResourceView failed for format87
1527263819534	Marionette	INFO	Listening on port 10181
1527263819650	Marionette	WARN	TLS certificate errors will be ignored for this session
Unable to read VR Path Registry from C:\Users\Wantai\AppData\Local\openvr\openvrpaths.vrpath
[Parent 5956, Gecko_IOThread] WARNING: pipe error: 109: file z:/build/build/src/ipc/chromium/src/chrome/common/ipc_channel_win.cc, line 346
Unable to read VR Path Registry from C:\Users\Wantai\AppData\Local\openvr\openvrpaths.vrpath
[Child 3488, Chrome_ChildThread] WARNING: pipe error: 109: file z:/build/build/src/ipc/chromium/src/chrome/common/ipc_channel_win.cc, line 346
Unable to read VR Path Registry from C:\Users\Wantai\AppData\Local\openvr\openvrpaths.vrpath
[Child 8272, Chrome_ChildThread] WARNING: pipe error: 109: file z:/build/build/src/ipc/chromium/src/chrome/common/ipc_channel_win.cc, line 346
[Parent 5956, Gecko_IOThread] WARNING: pipe error: 109: file z:/build/build/src/ipc/chromium/src/chrome/common/ipc_channel_win.cc, line 346

###!!! [Child][MessageChannel::SendAndWait] Error: Channel error: cannot send/recv

1527264033521	geckodriver	INFO	geckodriver 0.20.1
1527264033528	geckodriver	INFO	Listening on 127.0.0.1:1360
1527264036560	mozrunner::runner	INFO	Running command: "C:\\Program Files\\Mozilla Firefox\\firefox.exe" "-marionette" "-profile" "C:\\Users\\Wantai\\AppData\\Local\\Temp\\rust_mozprofile.52vE7j4uTkIi"
1527264036994	Marionette	INFO	Enabled via --marionette
[GFX1-]: CreateShaderResourceView failed for format87
[GFX1-]: CreateShaderResourceView failed for format87
[GFX1-]: CreateShaderResourceView failed for format87
[GFX1-]: CreateShaderResourceView failed for format87
1527264037998	Marionette	INFO	Listening on port 1376
1527264038072	Marionette	WARN	TLS certificate errors will be ignored for this session
Unable to read VR Path Registry from C:\Users\Wantai\AppData\Local\openvr\openvrpaths.vrpath
[Parent 10152, Gecko_IOThread] WARNING: pipe error: 109: file z:/build/build/src/ipc/chromium/src/chrome/common/ipc_channel_win.cc, line 346
[Parent 10152, Gecko_IOThread] WARNING: pipe error: 109: file z:/build/build/src/ipc/chromium/src/chrome/common/ipc_channel_win.cc, line 346
Unable to read VR Path Registry from C:\Users\Wantai\AppData\Local\openvr\openvrpaths.vrpath
[Child 4832, Chrome_ChildThread] WARNING: pipe error: 109: file z:/build/build/src/ipc/chromium/src/chrome/common/ipc_channel_win.cc, line 346
Unable to read VR Path Registry from C:\Users\Wantai\AppData\Local\openvr\openvrpaths.vrpath
[Child 2000, Chrome_ChildThread] WARNING: pipe error: 109: file z:/build/build/src/ipc/chromium/src/chrome/common/ipc_channel_win.cc, line 346
[Child 2000, Chrome_ChildThread] WARNING: pipe error: 109: file z:/build/build/src/ipc/chromium/src/chrome/common/ipc_channel_win.cc, line 346
Unable to read VR Path Registry from C:\Users\Wantai\AppData\Local\openvr\openvrpaths.vrpath
[Child 9732, Chrome_ChildThread] WARNING: pipe error: 109: file z:/build/build/src/ipc/chromium/src/chrome/common/ipc_channel_win.cc, line 346
[Child 9732, Chrome_ChildThread] WARNING: pipe error: 109: file z:/build/build/src/ipc/chromium/src/chrome/common/ipc_channel_win.cc, line 346

###!!! [Child][MessageChannel::SendAndWait] Error: Channel error: cannot send/recv

1527264198601	geckodriver	INFO	geckodriver 0.20.1
1527264198608	geckodriver	INFO	Listening on 127.0.0.1:2725
1527264201636	mozrunner::runner	INFO	Running command: "C:\\Program Files\\Mozilla Firefox\\firefox.exe" "-marionette" "-profile" "C:\\Users\\Wantai\\AppData\\Local\\Temp\\rust_mozprofile.upMjhvaeNqA4"
1527264202058	Marionette	INFO	Enabled via --marionette
[GFX1-]: CreateShaderResourceView failed for format87
[GFX1-]: CreateShaderResourceView failed for format87
[GFX1-]: CreateShaderResourceView failed for format87
[GFX1-]: CreateShaderResourceView failed for format87
1527264203034	Marionette	INFO	Listening on port 2740
1527264203146	Marionette	WARN	TLS certificate errors will be ignored for this session
Unable to read VR Path Registry from C:\Users\Wantai\AppData\Local\openvr\openvrpaths.vrpath
[Parent 9624, Gecko_IOThread] WARNING: pipe error: 109: file z:/build/build/src/ipc/chromium/src/chrome/common/ipc_channel_win.cc, line 346
[Parent 9624, Gecko_IOThread] WARNING: pipe error: 109: file z:/build/build/src/ipc/chromium/src/chrome/common/ipc_channel_win.cc, line 346
Unable to read VR Path Registry from C:\Users\Wantai\AppData\Local\openvr\openvrpaths.vrpath
[Child 2564, Chrome_ChildThread] WARNING: pipe error: 109: file z:/build/build/src/ipc/chromium/src/chrome/common/ipc_channel_win.cc, line 346
[Child 2564, Chrome_ChildThread] WARNING: pipe error: 109: file z:/build/build/src/ipc/chromium/src/chrome/common/ipc_channel_win.cc, line 346
[Parent 9624, Gecko_IOThread] WARNING: pipe error: 109: file z:/build/build/src/ipc/chromium/src/chrome/common/ipc_channel_win.cc, line 346
Unable to read VR Path Registry from C:\Users\Wantai\AppData\Local\openvr\openvrpaths.vrpath
[Child 7704, Chrome_ChildThread] WARNING: pipe error: 109: file z:/build/build/src/ipc/chromium/src/chrome/common/ipc_channel_win.cc, line 346
*** UTM:SVC TimerManager:registerTimer called after profile-before-change notification. Ignoring timer registration for id: telemetry_modules_ping

###!!! [Child][MessageChannel::SendAndWait] Error: Channel error: cannot send/recv

1530276881768	geckodriver	INFO	geckodriver 0.20.1
1530276881776	geckodriver	INFO	Listening on 127.0.0.1:2888
1530276884812	mozrunner::runner	INFO	Running command: "C:\\Program Files\\Mozilla Firefox\\firefox.exe" "-marionette" "-profile" "C:\\Users\\Wantai\\AppData\\Local\\Temp\\rust_mozprofile.kWMhflJNQefS"
1530276885592	Marionette	INFO	Enabled via --marionette
[GFX1-]: CreateShaderResourceView failed for format87
[GFX1-]: CreateShaderResourceView failed for format87
[GFX1-]: CreateShaderResourceView failed for format87
[GFX1-]: CreateShaderResourceView failed for format87
1530276886542	Marionette	INFO	Listening on port 2896
1530276886814	Marionette	WARN	TLS certificate errors will be ignored for this session
Unable to read VR Path Registry from C:\Users\Wantai\AppData\Local\openvr\openvrpaths.vrpath
[Child 2620, Chrome_ChildThread] WARNING: pipe error: 109: file z:/build/build/src/ipc/chromium/src/chrome/common/ipc_channel_win.cc, line 346
[Child 2620, Chrome_ChildThread] WARNING: pipe error: 109: file z:/build/build/src/ipc/chromium/src/chrome/common/ipc_channel_win.cc, line 346
Unable to read VR Path Registry from C:\Users\Wantai\AppData\Local\openvr\openvrpaths.vrpath
[Child 9064, Chrome_ChildThread] WARNING: pipe error: 109: file z:/build/build/src/ipc/chromium/src/chrome/common/ipc_channel_win.cc, line 346
*** UTM:SVC TimerManager:registerTimer called after profile-before-change notification. Ignoring timer registration for id: telemetry_modules_ping

###!!! [Child][MessageChannel::SendAndWait] Error: Channel error: cannot send/recv

Unable to read VR Path Registry from C:\Users\Wantai\AppData\Local\openvr\openvrpaths.vrpath
